Pytest results (Python 3.12) - 2026-09-03T18:58:50Z

============================= test session starts ==============================
platform linux -- Python 3.12.14, pytest-9.1.1, pluggy-1.6.0 -- /opt/hostedtoolcache/Python/3.12.14/x64/bin/python
cachedir: .pytest_cache
rootdir: /home/runner/work/gget/gget
configfile: pyproject.toml
plugins: zarr-3.3.0, fast-array-utils-1.5, cov-7.1.0
collecting ... collected 250 items

tests/test_8cube.py::TestSpecificity::test_specificity_basic PASSED      [  0%]
tests/test_8cube.py::TestPsiBlock::test_psi_block_basic PASSED           [  0%]
tests/test_8cube.py::TestGeneExpression::test_gene_expression_basic PASSED [  1%]
tests/test_archs4.py::TestArchs4::test_archs4_bad_ensembl PASSED         [  1%]
tests/test_archs4.py::TestArchs4::test_archs4_bad_gene PASSED            [  2%]
tests/test_archs4.py::TestArchs4::test_archs4_bad_gene_tissue PASSED     [  2%]
tests/test_archs4.py::TestArchs4::test_archs4_bad_species PASSED         [  2%]
tests/test_archs4.py::TestArchs4::test_archs4_bad_which PASSED           [  3%]
tests/test_archs4.py::TestArchs4::test_archs4_defaults PASSED            [  3%]
tests/test_archs4.py::TestArchs4::test_archs4_mouse_json_ensembl PASSED  [  4%]
tests/test_archs4.py::TestArchs4::test_archs4_tissue PASSED              [  4%]
tests/test_archs4.py::TestArchs4::test_archs4_tissue_ensembl PASSED      [  4%]
tests/test_archs4.py::TestArchs4::test_archs4_tissue_json PASSED         [  5%]
tests/test_archs4.py::TestArchs4::test_archs4_tissue_mouse PASSED        [  5%]
tests/test_bgee.py::TestBgee::test_bgee_expression PASSED                [  6%]
tests/test_bgee.py::TestBgee::test_bgee_expression_multiple PASSED       [  6%]
tests/test_bgee.py::TestBgee::test_bgee_orthologs PASSED                 [  6%]
tests/test_bgee.py::TestBgee::test_error_bgee_expression_no_exist PASSED [  7%]
tests/test_bgee.py::TestBgee::test_error_bgee_orthologs_no_exist PASSED  [  7%]
tests/test_bgee.py::TestBgee::test_error_bgee_unknown_type PASSED        [  8%]
tests/test_blast.py::TestBlast::test_blast_bad_db1 PASSED                [  8%]
tests/test_blast.py::TestBlast::test_blast_bad_db2 PASSED                [  8%]
tests/test_blast.py::TestBlast::test_blast_bad_fasta PASSED              [  9%]
tests/test_blast.py::TestBlast::test_blast_bad_program PASSED            [  9%]
tests/test_blast.py::TestBlast::test_blast_bad_seq PASSED                [ 10%]
tests/test_blast.py::TestBlast::test_blast_db_missing PASSED             [ 10%]
tests/test_blast.py::TestBlast::test_blast_nt PASSED                     [ 10%]
tests/test_blat.py::TestBlat::test_blat_aa PASSED                        [ 11%]
tests/test_blat.py::TestBlat::test_blat_aa_RNA PASSED                    [ 11%]
tests/test_blat.py::TestBlat::test_blat_aa_protein PASSED                [ 12%]
tests/test_blat.py::TestBlat::test_blat_bad_assembly PASSED              [ 12%]
tests/test_blat.py::TestBlat::test_blat_bad_fasta PASSED                 [ 12%]
tests/test_blat.py::TestBlat::test_blat_bad_fileformat PASSED            [ 13%]
tests/test_blat.py::TestBlat::test_blat_bad_seqtype PASSED               [ 13%]
tests/test_blat.py::TestBlat::test_blat_bad_txt PASSED                   [ 14%]
tests/test_blat.py::TestBlat::test_blat_nt PASSED                        [ 14%]
tests/test_blat.py::TestBlat::test_blat_nt_DNA PASSED                    [ 14%]
tests/test_blat.py::TestBlat::test_blat_nt_RNA PASSED                    [ 15%]
tests/test_blat.py::TestBlat::test_blat_nt_fasta PASSED                  [ 15%]
tests/test_blat.py::TestBlat::test_blat_nt_json PASSED                   [ 16%]
tests/test_blat.py::TestBlat::test_blat_nt_protein PASSED                [ 16%]
tests/test_blat.py::TestBlat::test_blat_nt_transDNA PASSED               [ 16%]
tests/test_blat.py::TestBlat::test_blat_nt_txt PASSED                    [ 17%]
tests/test_blat.py::TestBlat::test_blat_shortseq PASSED                  [ 17%]
tests/test_cbio.py::TestCbioSearch::test_cbio_search PASSED              [ 18%]
tests/test_cbio.py::TestCbio::test_cbio_download PASSED                  [ 18%]
tests/test_cbio.py::TestCbio::test_cbio_download_partially_existing_files PASSED [ 18%]
tests/test_cbio.py::TestCbio::test_error_cbio_download PASSED            [ 19%]
tests/test_cellxgene.py::TestCellxgene::test_cellxgene_adata FAILED      [ 19%]
tests/test_cellxgene.py::TestCellxgene::test_cellxgene_metadata PASSED   [ 20%]
tests/test_compile.py::TestCompilerWindows::test_compiler_windows PASSED [ 20%]
tests/test_cosmic.py::TestCosmicWorkflow::test_cosmic_defaults ERROR     [ 20%]
tests/test_diamond.py::TestDiamond::test_diamond_JSON_out PASSED         [ 21%]
tests/test_diamond.py::TestDiamond::test_diamond_both_files PASSED       [ 21%]
tests/test_diamond.py::TestDiamond::test_diamond_query_file PASSED       [ 22%]
tests/test_diamond.py::TestDiamond::test_diamond_ref_file PASSED         [ 22%]
tests/test_diamond.py::TestDiamond::test_diamond_seqs_multiple PASSED    [ 22%]
tests/test_diamond.py::TestDiamond::test_diamond_seqs_single PASSED      [ 23%]
tests/test_elm.py::TestELM::test_elm_uniprot_aminoacidseq PASSED         [ 23%]
tests/test_elm.py::TestELM::test_elm_uniprot_id_in_elm PASSED            [ 24%]
tests/test_elm.py::TestELM::test_elm_uniprot_id_new PASSED               [ 24%]
tests/test_enrichr.py::TestEnrichr::test_enrichr_background 