Pytest results (Python 3.12) - 2026-02-05T16:14:09Z

============================= test session starts ==============================
platform linux -- Python 3.12.12, pytest-9.0.2, pluggy-1.6.0 -- /opt/hostedtoolcache/Python/3.12.12/x64/bin/python
cachedir: .pytest_cache
rootdir: /home/runner/work/gget/gget
configfile: pyproject.toml
plugins: cov-7.0.0, zarr-3.1.5, fast-array-utils-1.3.1
collecting ... collected 250 items

tests/test_8cube.py::TestSpecificity::test_specificity_basic PASSED      [  0%]
tests/test_8cube.py::TestPsiBlock::test_psi_block_basic PASSED           [  0%]
tests/test_8cube.py::TestGeneExpression::test_gene_expression_basic PASSED [  1%]
tests/test_archs4.py::TestArchs4::test_archs4_bad_ensembl PASSED         [  1%]
tests/test_archs4.py::TestArchs4::test_archs4_bad_gene PASSED            [  2%]
tests/test_archs4.py::TestArchs4::test_archs4_bad_gene_tissue PASSED     [  2%]
tests/test_archs4.py::TestArchs4::test_archs4_bad_species PASSED         [  2%]
tests/test_archs4.py::TestArchs4::test_archs4_bad_which PASSED           [  3%]
tests/test_archs4.py::TestArchs4::test_archs4_defaults PASSED            [  3%]
tests/test_archs4.py::TestArchs4::test_archs4_mouse_json_ensembl PASSED  [  4%]
tests/test_archs4.py::TestArchs4::test_archs4_tissue PASSED              [  4%]
tests/test_archs4.py::TestArchs4::test_archs4_tissue_ensembl PASSED      [  4%]
tests/test_archs4.py::TestArchs4::test_archs4_tissue_json PASSED         [  5%]
tests/test_archs4.py::TestArchs4::test_archs4_tissue_mouse PASSED        [  5%]
tests/test_bgee.py::TestBgee::test_bgee_expression PASSED                [  6%]
tests/test_bgee.py::TestBgee::test_bgee_expression_multiple PASSED       [  6%]
tests/test_bgee.py::TestBgee::test_bgee_orthologs PASSED                 [  6%]
tests/test_bgee.py::TestBgee::test_error_bgee_expression_no_exist PASSED [  7%]
tests/test_bgee.py::TestBgee::test_error_bgee_orthologs_no_exist PASSED  [  7%]
tests/test_bgee.py::TestBgee::test_error_bgee_unknown_type PASSED        [  8%]
tests/test_blast.py::TestBlast::test_blast_bad_db1 PASSED                [  8%]
tests/test_blast.py::TestBlast::test_blast_bad_db2 PASSED                [  8%]
tests/test_blast.py::TestBlast::test_blast_bad_fasta PASSED              [  9%]
tests/test_blast.py::TestBlast::test_blast_bad_program PASSED            [  9%]
tests/test_blast.py::TestBlast::test_blast_bad_seq PASSED                [ 10%]
tests/test_blast.py::TestBlast::test_blast_db_missing PASSED             [ 10%]
tests/test_blast.py::TestBlast::test_blast_nt PASSED                     [ 10%]
tests/test_blat.py::TestBlat::test_blat_aa PASSED                        [ 11%]
tests/test_blat.py::TestBlat::test_blat_aa_RNA PASSED                    [ 11%]
tests/test_blat.py::TestBlat::test_blat_aa_protein PASSED                [ 12%]
tests/test_blat.py::TestBlat::test_blat_bad_assembly PASSED              [ 12%]
tests/test_blat.py::TestBlat::test_blat_bad_fasta PASSED                 [ 12%]
tests/test_blat.py::TestBlat::test_blat_bad_fileformat PASSED            [ 13%]
tests/test_blat.py::TestBlat::test_blat_bad_seqtype PASSED               [ 13%]
tests/test_blat.py::TestBlat::test_blat_bad_txt PASSED                   [ 14%]
tests/test_blat.py::TestBlat::test_blat_nt PASSED                        [ 14%]
tests/test_blat.py::TestBlat::test_blat_nt_DNA PASSED                    [ 14%]
tests/test_blat.py::TestBlat::test_blat_nt_RNA PASSED                    [ 15%]
tests/test_blat.py::TestBlat::test_blat_nt_fasta PASSED                  [ 15%]
tests/test_blat.py::TestBlat::test_blat_nt_json PASSED                   [ 16%]
tests/test_blat.py::TestBlat::test_blat_nt_protein PASSED                [ 16%]
tests/test_blat.py::TestBlat::test_blat_nt_transDNA PASSED               [ 16%]
tests/test_blat.py::TestBlat::test_blat_nt_txt PASSED                    [ 17%]
tests/test_blat.py::TestBlat::test_blat_shortseq PASSED                  [ 17%]
tests/test_cbio.py::TestCbioSearch::test_cbio_search FAILED              [ 18%]
tests/test_cbio.py::TestCbio::test_cbio_download PASSED                  [ 18%]
tests/test_cbio.py::TestCbio::test_cbio_download_partially_existing_files PASSED [ 18%]
tests/test_cbio.py::TestCbio::test_error_cbio_download PASSED            [ 19%]
tests/test_cellxgene.py::TestCellxgene::test_cellxgene_adata PASSED      [ 19%]
tests/test_cellxgene.py::TestCellxgene::test_cellxgene_metadata PASSED   [ 20%]
tests/test_compile.py::TestCompilerWindows::test_compiler_windows PASSED [ 20%]
tests/test_cosmic.py::TestCosmicWorkflow::test_cosmic_defaults PASSED    [ 20%]
tests/test_diamond.py::TestDiamond::test_diamond_JSON_out PASSED         [ 21%]
tests/test_diamond.py::TestDiamond::test_diamond_both_files PASSED       [ 21%]
tests/test_diamond.py::TestDiamond::test_diamond_query_file PASSED       [ 22%]
tests/test_diamond.py::TestDiamond::test_diamond_ref_file PASSED         [ 22%]
tests/test_diamond.py::TestDiamond::test_diamond_seqs_multiple PASSED    [ 22%]
tests/test_diamond.py::TestDiamond::test_diamond_seqs_single PASSED      [ 23%]
tests/test_elm.py::TestELM::test_elm_uniprot_aminoacidseq FAILED         [ 23%]
tests/test_elm.py::TestELM::test_elm_uniprot_id_in_elm FAILED            [ 24%]
tests/test_elm.py::TestELM::test_elm_uniprot_id_new FAILED               [ 24%]
tests/test_enrichr.py::TestEnrichr::test_enrichr_background PASSED       [ 24%]
tests/test_enrichr.py::TestEnrichr::test_enrichr_background_ensembl PASSED [ 25%]
tests/test_enrichr.py::TestEnrichr::test_enrichr_bad_background PASSED   [ 25%]
tests/test_enrichr.py::TestEnrichr::test_enrichr_bad_background_list PASSED [ 26%]
tests/test_enrichr.py::TestEnrichr::test_enrichr_bad_database_shortcut PASSED [ 26%]
tests/test_enrichr.py::TestEnrichr::test_enrichr_bad_gene PASSED         [ 26%]
tests/test_enrichr.py::TestEnrichr::test_enrichr_bad_species PASSED      [ 27%]
tests/test_enrichr.py::TestEnrichr::test_enrichr_celltypes PASSED        [ 27%]
tests/test_enrichr.py::TestEnrichr::test_enrichr_diseases_drugs PASSED   [ 28%]
tests/test_enrichr.py::TestEnrichr::test_enrichr_ensembl_ids PASSED      [ 28%]
tests/test_enrichr.py::TestEnrichr::test_enrichr_fish PASSED             [ 28%]
tests/test_enrichr.py::TestEnrichr::test_enrichr_fly PASSED              [ 29%]
tests/test_enrichr.py::TestEnrichr::test_enrichr_json PASSED             [ 29%]
tests/test_enrichr.py::TestEnrichr::test_enrichr_kinase_interactions PASSED [ 30%]
tests/test_enrichr.py::TestEnrichr::test_enrichr_mouse_is_human PASSED   [ 30%]
tests/test_enrichr.py::TestEnrichr::test_enrichr_none PASSED             [ 30%]
tests/test_enrichr.py::TestEnrichr::test_enrichr_ontology PASSED         [ 31%]
tests/test_enrichr.py::TestEnrichr::test_enrichr_pathway PASSED          [ 31%]
tests/test_enrichr.py::TestEnrichr::test_enrichr_plot PASSED             [ 32%]
tests/test_enrichr.py::TestEnrichr::test_enrichr_transcription PASSED    [ 32%]
tests/test_enrichr.py::TestEnrichr::test_enrichr_worm PASSED             [ 32%]
tests/test_enrichr.py::TestEnrichr::test_enrichr_yeast PASSED            [ 33%]
tests/test_gpt.py::TestGpt::test_gpt PASSED                              [ 33%]
tests/test_info.py::TestInfo::test_info_WB_transcript PASSED             [ 34%]
tests/test_info.py::TestInfo::test_info_exon PASSED                      [ 34%]
tests/test_info.py::TestInfo::test_info_gene PASSED                      [ 34%]
tests/test_info.py::TestInfo::test_info_gene_list_non_model PASSED       [ 35%]
tests/test_info.py::TestInfo::test_info_mix PASSED                       [ 35%]
tests/test_info.py::TestInfo::test_info_ncbifalse_uniprotfalse PASSED    [ 36%]
tests/test_info.py::TestInfo::test_info_ncbifalse_uniprottrue PASSED     [ 36%]
tests/test_info.py::TestInfo::test_info_ncbitrue_uniprotfalse PASSED     [ 36%]
tests/test_info.py::TestInfo::test_info_transcript PASSED                [ 37%]
tests/test_muscle.py::TestMuscle::test_muscle_nt PASSED                  [ 37%]
tests/test_muscle.py::TestMuscle::test_muscle_nt_txt PASSED              [ 38%]
tests/test_muscle.py::TestMuscleSuper::test_muscle_nt_super5 PASSED      [ 38%]
tests/test_muscle.py::TestMuscleAA::test_muscle_aa PASSED                [ 38%]
tests/test_muscle.py::TestMuscleSeqsInput::test_muscle_seqs_as_input PASSED [ 39%]
tests/test_muscle.py::TestMuscleAASuper::test_muscle_aa_super5 PASSED    [ 39%]
tests/test_muscle.py::TestMusclePrints::test_muscle_print_nt PASSED      [ 40%]
tests/test_mutate.py::TestMutate::test_ambiguous_mutation PASSED         [ 40%]
tests/test_mutate.py::TestMutate::test_index_error PASSED                [ 40%]
tests/test_mutate.py::TestMutate::test_intron_mutation_minus PASSED      [ 41%]
tests/test_mutate.py::TestMutate::test_intron_mutation_plus PASSED       [ 41%]
tests/test_mutate.py::TestMutate::test_inversion_with_overlaps PASSED    [ 42%]
tests/test_mutate.py::TestMutate::test_large_k PASSED                    [ 42%]
tests/test_mutate.py::TestMutate::test_list_of_mutations PASSED          [ 42%]
tests/test_mutate.py::TestMutate::test_multi_deletion PASSED             [ 43%]
tests/test_mutate.py::TestMutate::test_multi_deletion_with_right_repeats PASSED [ 43%]
tests/test_mutate.py::TestMutate::test_multi_delins PASSED               [ 44%]
tests/test_mutate.py::TestMutate::test_multi_delins_with_psuedo_left_repeats PASSED [ 44%]
tests/test_mutate.py::TestMutate::test_multi_delins_with_true_left_repeats PASSED [ 44%]
tests/test_mutate.py::TestMutate::test_multi_delins_with_true_right_repeats PASSED [ 45%]
tests/test_mutate.py::TestMutate::test_multi_dup PASSED                  [ 45%]
tests/test_mutate.py::TestMutate::test_multi_insertion PASSED            [ 46%]
tests/test_mutate.py::TestMutate::test_multi_insertion_with_left_repeats PASSED [ 46%]
tests/test_mutate.py::TestMutate::test_posttranslational_mutation PASSED [ 46%]
tests/test_mutate.py::TestMutate::test_single_deletion PASSED            [ 47%]
tests/test_mutate.py::TestMutate::test_single_deletion_with_left_repeats PASSED [ 47%]
tests/test_mutate.py::TestMutate::test_single_deletion_with_right_repeats PASSED [ 48%]
tests/test_mutate.py::TestMutate::test_single_delins PASSED              [ 48%]
tests/test_mutate.py::TestMutate::test_single_dup PASSED                 [ 48%]
tests/test_mutate.py::TestMutate::test_single_insertion PASSED           [ 49%]
tests/test_mutate.py::TestMutate::test_single_substitution PASSED        [ 49%]
tests/test_mutate.py::TestMutate::test_single_substitution_near_left_end PASSED [ 50%]
tests/test_mutate.py::TestMutate::test_single_substitution_near_right_end PASSED [ 50%]
tests/test_mutate.py::TestMutate::test_uncertain_mutation PASSED         [ 50%]
tests/test_mutate.py::test_csv_of_mutations PASSED                       [ 51%]
tests/test_mutate.py::test_mismatch_error PASSED                         [ 51%]
tests/test_opentargets.py::TestOpenTargets::test_error_opentargets_bad_limit PASSED [ 52%]
tests/test_opentargets.py::TestOpenTargets::test_error_opentargets_bad_resource PASSED [ 52%]
tests/test_opentargets.py::TestOpenTargets::test_error_opentargets_diseases_filter PASSED [ 52%]
tests/test_opentargets.py::TestOpenTargets::test_error_opentargets_drugs_invalid_filter PASSED [ 53%]
tests/test_opentargets.py::TestOpenTargets::test_error_opentargets_nonexistent_id PASSED [ 53%]
tests/test_opentargets.py::TestOpenTargets::test_error_opentargets_tractability_limit PASSED [ 54%]
tests/test_opentargets.py::TestOpenTargets::test_opentargets PASSED      [ 54%]
tests/test_opentargets.py::TestOpenTargets::test_opentargets_depmap PASSED [ 54%]
tests/test_opentargets.py::TestOpenTargets::test_opentargets_depmap_filter PASSED [ 55%]
tests/test_opentargets.py::TestOpenTargets::test_opentargets_drugs PASSED [ 55%]
tests/test_opentargets.py::TestOpenTargets::test_opentargets_drugs_no_limit PASSED [ 56%]
tests/test_opentargets.py::TestOpenTargets::test_opentargets_expression_no_limit PASSED [ 56%]
tests/test_opentargets.py::TestOpenTargets::test_opentargets_interactions_no_limit PASSED [ 56%]
tests/test_opentargets.py::TestOpenTargets::test_opentargets_interactions_simple_filter PASSED [ 57%]
tests/test_opentargets.py::TestOpenTargets::test_opentargets_no_limit PASSED [ 57%]
tests/test_opentargets.py::TestOpenTargets::test_opentargets_no_limit_accurate_coverage PASSED [ 58%]
tests/test_opentargets.py::TestOpenTargets::test_opentargets_pharmacogenetics_filter_or PASSED [ 58%]
tests/test_opentargets.py::TestOpenTargets::test_opentargets_pharmacogenetics_no_limit PASSED [ 58%]
tests/test_opentargets.py::TestOpenTargets::test_opentargets_tractability PASSED [ 59%]
tests/test_pdb.py::TestPDB::test_pdb_assembly FAILED                     [ 59%]

=================================== FAILURES ===================================
_______________________ TestCbioSearch.test_cbio_search ________________________

self = <tests.test_cbio.TestCbioSearch testMethod=test_cbio_search>

    def assert_equal(self: unittest.TestCase):
        test = name
        expected_result = td[test]["expected_result"]
>       result_to_test = do_call(func, td[test]["args"])
                         ^^^^^^^^^^^^^^^^^^^^^^^^^^^^^^^

tests/from_json.py:65: 
_ _ _ _ _ _ _ _ _ _ _ _ _ _ _ _ _ _ _ _ _ _ _ _ _ _ _ _ _ _ _ _ _ _ _ _ _ _ _ _ 

func = <function cbio_search at 0x7f80ba1e99e0>
args = {'key_words': ['esophag', 'ovary', 'ovarian']}

    def do_call(func, args):
        if isinstance(args, dict):
>           return func(**args)
                   ^^^^^^^^^^^^

tests/from_json.py:57: 
_ _ _ _ _ _ _ _ _ _ _ _ _ _ _ _ _ _ _ _ _ _ _ _ _ _ _ _ _ _ _ _ _ _ _ _ _ _ _ _ 

key_words = ['esophag', 'ovary', 'ovarian']

    def cbio_search(key_words):
        """
        Find cBioPortal study IDs by keyword.
    
        Args:
        key_words           list of keywords to search for - use tissues related to tissue or cancer type of interest (e.g., esophag, ovarian, etc)
    
        Return:
    
        :return:            list of study IDs that match the keywords
        """
    
        try:
            from bravado.client import SwaggerClient
        except ImportError:
            logger.error(
                """
                Some third-party dependencies are missing. Please run the following command:
                >>> gget.setup('cbio') or $ gget setup cbio
    
                Alternative: Install the bravado package using pip (https://pypi.org/project/bravado).
                """
            )
            return []
    
        if isinstance(key_words, str):
            key_words = [key_words]
    
>       api = SwaggerClient.from_url(
            "https://www.cbioportal.org/api/v2/api-docs",
            config={
                "validate_requests": False,
                "validate_responses": False,
                "validate_swagger_spec": False,
            },
        )

gget/gget_cbio.py:336: 
_ _ _ _ _ _ _ _ _ _ _ _ _ _ _ _ _ _ _ _ _ _ _ _ _ _ _ _ _ _ _ _ _ _ _ _ _ _ _ _ 

cls = <class 'bravado.client.SwaggerClient'>
spec_url = 'https://www.cbioportal.org/api/v2/api-docs'
http_client = <class 'bravado.requests_client.RequestsClient'>()
request_headers = None
config = {'validate_requests': False, 'validate_responses': False, 'validate_swagger_spec': False}

    @classmethod
    def from_url(cls, spec_url, http_client=None, request_headers=None, config=None):
        """Build a :class:`SwaggerClient` from a url to the Swagger
        specification for a RESTful API.
    
        :param spec_url: url pointing at the swagger API specification
        :type spec_url: str
        :param http_client: an HTTP client used to perform requests
        :type  http_client: :class:`bravado.http_client.HttpClient`
        :param request_headers: Headers to pass with http requests
        :type  request_headers: dict
        :param config: Config dict for bravado and bravado_core.
            See CONFIG_DEFAULTS in :module:`bravado_core.spec`.
            See CONFIG_DEFAULTS in :module:`bravado.client`.
    
        :rtype: :class:`SwaggerClient`
        """
        log.debug(u"Loading from %s", spec_url)
        http_client = http_client or RequestsClient()
        loader = Loader(http_client, request_headers=request_headers)
>       spec_dict = loader.load_spec(spec_url)
                    ^^^^^^^^^^^^^^^^^^^^^^^^^^

/opt/hostedtoolcache/Python/3.12.12/x64/lib/python3.12/site-packages/bravado/client.py:98: 
_ _ _ _ _ _ _ _ _ _ _ _ _ _ _ _ _ _ _ _ _ _ _ _ _ _ _ _ _ _ _ _ _ _ _ _ _ _ _ _ 

self = <bravado.swagger_model.Loader object at 0x7f80b9fe7b00>
spec_url = 'https://www.cbioportal.org/api/v2/api-docs', base_url = None

    def load_spec(self, spec_url, base_url=None):
        """Load a Swagger Spec from the given URL
    
        :param spec_url: URL to swagger.json
        :param base_url: TODO: need this?
        :returns: json spec in dict form
        """
        response = request(
            self.http_client,
            spec_url,
            self.request_headers,
>       ).result()
          ^^^^^^^^

/opt/hostedtoolcache/Python/3.12.12/x64/lib/python3.12/site-packages/bravado/swagger_model.py:105: 
_ _ _ _ _ _ _ _ _ _ _ _ _ _ _ _ _ _ _ _ _ _ _ _ _ _ _ _ _ _ _ _ _ _ _ _ _ _ _ _ 

self = <bravado.http_future.HttpFuture object at 0x7f80b8d60710>, timeout = None

    def result(
        self,
            timeout=None,  # type: typing.Optional[float]
    ):
        # type: (...) -> typing.Union[T, IncomingResponse, typing.Tuple[T, IncomingResponse]]
        """DEPRECATED: please use the `response()` method instead.
    
        Blocking call to wait for and return the unmarshalled swagger result.
    
        :param timeout: Number of seconds to wait for a response. Defaults to
            None which means wait indefinitely.
        :type timeout: float
        :return: Depends on the value of also_return_response sent in
            to the constructor.
        """
        incoming_response = self._get_incoming_response(timeout)
        swagger_result = self._get_swagger_result(incoming_response)
    
        if self.operation is not None:
            swagger_result = typing.cast(T, swagger_result)
            if self.request_config.also_return_response:
                return swagger_result, incoming_response
            return swagger_result
    
        if 200 <= incoming_response.status_code < 300:
            return incoming_response
    
>       raise make_http_exception(response=incoming_response)
E       bravado.exception.HTTPTooManyRequests: 429 Too Many Requests

/opt/hostedtoolcache/Python/3.12.12/x64/lib/python3.12/site-packages/bravado/http_future.py:282: HTTPTooManyRequests
____________________ TestELM.test_elm_uniprot_aminoacidseq _____________________

self = <tests.test_elm.TestELM testMethod=test_elm_uniprot_aminoacidseq>

    def test_elm_uniprot_aminoacidseq(self):
        test = "test3"
        expected_result = elm_dict[test]["expected_result"]
    
>       result1, result2 = elm(**elm_dict[test]["args"])
                           ^^^^^^^^^^^^^^^^^^^^^^^^^^^^^

tests/test_elm.py:42: 
_ _ _ _ _ _ _ _ _ _ _ _ _ _ _ _ _ _ _ _ _ _ _ _ _ _ _ _ _ _ _ _ _ _ _ _ _ _ _ _ 

sequence = 'GGETISAWESQMEELVISISALIVELQVEFRANKLINPACHTERLABRQCKSFKIEPPGLFRGRG'
uniprot = False, sensitivity = 'very-sensitive', threads = 1
diamond_binary = None, expand = False, verbose = True, json = False, out = None

    def elm(
        sequence,
        uniprot=False,
        sensitivity="very-sensitive",
        threads=1,
        diamond_binary=None,
        expand=False,
        verbose=True,
        json=False,
        out=None,
    ):
        """
        Locally predicts Eukaryotic Linear Motifs from an amino acid sequence or UniProt Acc using
        data from the ELM database (http://elm.eu.org/).
    
        Args:
        - sequence         Amino acid sequence or Uniprot Acc (str).
                           If Uniprot Acc, set 'uniprot==True'.
        - uniprot          Set to True if the input is a Uniprot Acc instead of an amino acid sequence. Default: False.
        - sensitivity      Sensitivity of DIAMOND alignment.
                           One of the following: fast, mid-sensitive, sensitive, more-sensitive, very-sensitive, or ultra-sensitive.
                           Default: "very-sensitive"
        - threads          Number of threads used in DIAMOND alignment. Default: 1.
        - diamond_binary   Path to DIAMOND binary. Default: None -> Uses DIAMOND binary installed with gget.
        - expand           Expand the information returned in the regex data frame to include the protein names, organisms
                           and references that the motif was orignally validated on. Default: False.
        - verbose          True/False whether to print progress information. Default: True.
        - json             If True, returns results in json format instead of data frame. Default: False.
        - out              Path to folder to save results in. Default: Standard out, temporary files are deleted.
    
        Returns two data frames (or JSON formatted dictionaries if json=True):
        The first contains information on motifs experimentally validated in orthologous proteins and
        the second contains motifs found directly based on regex matches in the provided sequence.
    
        ELM data can be downloaded & distributed for non-commercial use according to the ELM Software License Agreement (http://elm.eu.org/media/Elm_academic_license.pdf).
        """
        # Check if ELM files were downloaded
        if (
            not os.path.exists(ELM_INSTANCES_FASTA)
            or not os.path.exists(ELM_CLASSES_TSV)
            or not os.path.exists(ELM_INSTANCES_TSV)
            or not os.path.exists(ELM_INTDOMAINS_TSV)
        ):
>           raise FileNotFoundError(
                f"Some or all ELM database files are missing. Please run 'gget setup elm' (Python: gget.setup('elm')) once to download the necessary files."
            )
E           FileNotFoundError: Some or all ELM database files are missing. Please run 'gget setup elm' (Python: gget.setup('elm')) once to download the necessary files.

gget/gget_elm.py:278: FileNotFoundError
______________________ TestELM.test_elm_uniprot_id_in_elm ______________________

self = <tests.test_elm.TestELM testMethod=test_elm_uniprot_id_in_elm>

    def test_elm_uniprot_id_in_elm(self):
        test = "test1"
        expected_result = elm_dict[test]["expected_result"]
    
>       result1, result2 = elm(**elm_dict[test]["args"])
                           ^^^^^^^^^^^^^^^^^^^^^^^^^^^^^

tests/test_elm.py:18: 
_ _ _ _ _ _ _ _ _ _ _ _ _ _ _ _ _ _ _ _ _ _ _ _ _ _ _ _ _ _ _ _ _ _ _ _ _ _ _ _ 

sequence = 'P11387', uniprot = True, sensitivity = 'very-sensitive', threads = 1
diamond_binary = None, expand = True, verbose = True, json = False, out = None

    def elm(
        sequence,
        uniprot=False,
        sensitivity="very-sensitive",
        threads=1,
        diamond_binary=None,
        expand=False,
        verbose=True,
        json=False,
        out=None,
    ):
        """
        Locally predicts Eukaryotic Linear Motifs from an amino acid sequence or UniProt Acc using
        data from the ELM database (http://elm.eu.org/).
    
        Args:
        - sequence         Amino acid sequence or Uniprot Acc (str).
                           If Uniprot Acc, set 'uniprot==True'.
        - uniprot          Set to True if the input is a Uniprot Acc instead of an amino acid sequence. Default: False.
        - sensitivity      Sensitivity of DIAMOND alignment.
                           One of the following: fast, mid-sensitive, sensitive, more-sensitive, very-sensitive, or ultra-sensitive.
                           Default: "very-sensitive"
        - threads          Number of threads used in DIAMOND alignment. Default: 1.
        - diamond_binary   Path to DIAMOND binary. Default: None -> Uses DIAMOND binary installed with gget.
        - expand           Expand the information returned in the regex data frame to include the protein names, organisms
                           and references that the motif was orignally validated on. Default: False.
        - verbose          True/False whether to print progress information. Default: True.
        - json             If True, returns results in json format instead of data frame. Default: False.
        - out              Path to folder to save results in. Default: Standard out, temporary files are deleted.
    
        Returns two data frames (or JSON formatted dictionaries if json=True):
        The first contains information on motifs experimentally validated in orthologous proteins and
        the second contains motifs found directly based on regex matches in the provided sequence.
    
        ELM data can be downloaded & distributed for non-commercial use according to the ELM Software License Agreement (http://elm.eu.org/media/Elm_academic_license.pdf).
        """
        # Check if ELM files were downloaded
        if (
            not os.path.exists(ELM_INSTANCES_FASTA)
            or not os.path.exists(ELM_CLASSES_TSV)
            or not os.path.exists(ELM_INSTANCES_TSV)
            or not os.path.exists(ELM_INTDOMAINS_TSV)
        ):
>           raise FileNotFoundError(
                f"Some or all ELM database files are missing. Please run 'gget setup elm' (Python: gget.setup('elm')) once to download the necessary files."
            )
E           FileNotFoundError: Some or all ELM database files are missing. Please run 'gget setup elm' (Python: gget.setup('elm')) once to download the necessary files.

gget/gget_elm.py:278: FileNotFoundError
_______________________ TestELM.test_elm_uniprot_id_new ________________________

self = <tests.test_elm.TestELM testMethod=test_elm_uniprot_id_new>

    def test_elm_uniprot_id_new(self):
        test = "test2"
        expected_result = elm_dict[test]["expected_result"]
    
>       result1, result2 = elm(**elm_dict[test]["args"])
                           ^^^^^^^^^^^^^^^^^^^^^^^^^^^^^

tests/test_elm.py:30: 
_ _ _ _ _ _ _ _ _ _ _ _ _ _ _ _ _ _ _ _ _ _ _ _ _ _ _ _ _ _ _ _ _ _ _ _ _ _ _ _ 

sequence = 'O35923', uniprot = True, sensitivity = 'very-sensitive', threads = 1
diamond_binary = None, expand = True, verbose = True, json = False, out = None

    def elm(
        sequence,
        uniprot=False,
        sensitivity="very-sensitive",
        threads=1,
        diamond_binary=None,
        expand=False,
        verbose=True,
        json=False,
        out=None,
    ):
        """
        Locally predicts Eukaryotic Linear Motifs from an amino acid sequence or UniProt Acc using
        data from the ELM database (http://elm.eu.org/).
    
        Args:
        - sequence         Amino acid sequence or Uniprot Acc (str).
                           If Uniprot Acc, set 'uniprot==True'.
        - uniprot          Set to True if the input is a Uniprot Acc instead of an amino acid sequence. Default: False.
        - sensitivity      Sensitivity of DIAMOND alignment.
                           One of the following: fast, mid-sensitive, sensitive, more-sensitive, very-sensitive, or ultra-sensitive.
                           Default: "very-sensitive"
        - threads          Number of threads used in DIAMOND alignment. Default: 1.
        - diamond_binary   Path to DIAMOND binary. Default: None -> Uses DIAMOND binary installed with gget.
        - expand           Expand the information returned in the regex data frame to include the protein names, organisms
                           and references that the motif was orignally validated on. Default: False.
        - verbose          True/False whether to print progress information. Default: True.
        - json             If True, returns results in json format instead of data frame. Default: False.
        - out              Path to folder to save results in. Default: Standard out, temporary files are deleted.
    
        Returns two data frames (or JSON formatted dictionaries if json=True):
        The first contains information on motifs experimentally validated in orthologous proteins and
        the second contains motifs found directly based on regex matches in the provided sequence.
    
        ELM data can be downloaded & distributed for non-commercial use according to the ELM Software License Agreement (http://elm.eu.org/media/Elm_academic_license.pdf).
        """
        # Check if ELM files were downloaded
        if (
            not os.path.exists(ELM_INSTANCES_FASTA)
            or not os.path.exists(ELM_CLASSES_TSV)
            or not os.path.exists(ELM_INSTANCES_TSV)
            or not os.path.exists(ELM_INTDOMAINS_TSV)
        ):
>           raise FileNotFoundError(
                f"Some or all ELM database files are missing. Please run 'gget setup elm' (Python: gget.setup('elm')) once to download the necessary files."
            )
E           FileNotFoundError: Some or all ELM database files are missing. Please run 'gget setup elm' (Python: gget.setup('elm')) once to download the necessary files.

gget/gget_elm.py:278: FileNotFoundError
__________________________ TestPDB.test_pdb_assembly ___________________________

self = <tests.test_pdb.TestPDB testMethod=test_pdb_assembly>

    def test_pdb_assembly(self):
        test = "test1"
        expected_result = pdb_dict[test]["expected_result"]
        result_to_test = pdb(**pdb_dict[test]["args"])
    
>       self.assertEqual(result_to_test, expected_result)
E       AssertionError: {'pdb[2345 chars]: 2316.9225073146845, 'total_number_interface_[977 chars]2.2'} != {'pdb[2345 chars]: 2315.334008113287, 'total_number_interface_r[976 chars]1.1'}
E         {'pdbx_struct_assembly': {'details': 'author_and_software_defined_assembly',
E                                   'id': '1',
E                                   'method_details': 'PISA',
E                                   'oligomeric_count': 3,
E                                   'oligomeric_details': 'trimeric',
E                                   'rcsb_candidate_assembly': 'Y',
E                                   'rcsb_details': 'author_and_software_defined_assembly'},
E          'pdbx_struct_assembly_gen': [{'assembly_id': '1',
E                                        'asym_id_list': ['A',
E                                                         'B',
E                                                         'C',
E                                                         'G',
E                                                         'H',
E                                                         'I',
E                                                         'J',
E                                                         'K',
E                                                         'O',
E                                                         'P',
E                                                         'Q'],
E                                        'oper_expression': '1',
E                                        'ordinal': 1}],
E          'pdbx_struct_oper_list': [{'id': '1',
E                                     'matrix11': 1.0,
E                                     'matrix12': 0.0,
E                                     'matrix13': 0.0,
E                                     'matrix21': 0.0,
E                                     'matrix22': 1.0,
E                                     'matrix23': 0.0,
E                                     'matrix31': 0.0,
E                                     'matrix32': 0.0,
E                                     'matrix33': 1.0,
E                                     'name': '1_555',
E                                     'symmetry_operation': 'x,y,z',
E                                     'type': 'identity operation',
E                                     'vector1': 0.0,
E                                     'vector2': 0.0,
E                                     'vector3': 0.0}],
E          'rcsb_assembly_container_identifiers': {'assembly_id': '1',
E                                                  'entry_id': '1RH7',
E                                                  'interface_ids': ['1', '2', '3'],
E                                                  'rcsb_id': '1RH7-1'},
E          'rcsb_assembly_info': {'assembly_id': '1',
E                                 'atom_count': 1762,
E                                 'branched_atom_count': 0,
E                                 'branched_entity_count': 0,
E                                 'branched_entity_instance_count': 0,
E                                 'deuterated_water_count': 0,
E                                 'entry_id': '1RH7',
E                                 'hydrogen_atom_count': 0,
E                                 'modeled_polymer_monomer_count': 243,
E                                 'na_polymer_entity_types': 'Other',
E                                 'nonpolymer_atom_count': 29,
E                                 'nonpolymer_entity_count': 2,
E                                 'nonpolymer_entity_instance_count': 5,
E                                 'num_heterologous_interface_entities': 0,
E                                 'num_heteromeric_interface_entities': 0,
E                                 'num_homomeric_interface_entities': 1,
E                                 'num_interface_entities': 1,
E                                 'num_interfaces': 3,
E                                 'num_isologous_interface_entities': 1,
E                                 'num_na_interface_entities': 0,
E                                 'num_prot_na_interface_entities': 0,
E                                 'num_protein_interface_entities': 1,
E                                 'polymer_atom_count': 1658,
E                                 'polymer_composition': 'homomeric protein',
E                                 'polymer_entity_count': 1,
E                                 'polymer_entity_count_dna': 0,
E                                 'polymer_entity_count_nucleic_acid': 0,
E                                 'polymer_entity_count_nucleic_acid_hybrid': 0,
E                                 'polymer_entity_count_protein': 1,
E                                 'polymer_entity_count_rna': 0,
E                                 'polymer_entity_instance_count': 3,
E                                 'polymer_entity_instance_count_dna': 0,
E                                 'polymer_entity_instance_count_nucleic_acid': 0,
E                                 'polymer_entity_instance_count_nucleic_acid_hybrid': 0,
E                                 'polymer_entity_instance_count_protein': 3,
E                                 'polymer_entity_instance_count_rna': 0,
E                                 'polymer_monomer_count': 243,
E                                 'selected_polymer_entity_types': 'Protein (only)',
E                                 'solvent_atom_count': 75,
E                                 'solvent_entity_count': 1,
E                                 'solvent_entity_instance_count': 3,
E       -                         'total_assembly_buried_surface_area': 2316.9225073146845,
E       ?                                                                  ^ ^ ^^^ -------
E       
E       +                         'total_assembly_buried_surface_area': 2315.334008113287,
E       ?                                                                  ^ ^^^^^^^^^ ^
E       
E       -                         'total_number_interface_residues': 160,
E       ?                                                              ^
E       
E       +                         'total_number_interface_residues': 161,
E       ?                                                              ^
E       
E                                 'unmodeled_polymer_monomer_count': 0},
E          'rcsb_id': '1RH7-1',
E          'rcsb_struct_symmetry': [{'clusters': [{'avg_rmsd': 0.8418294327358263,
E                                                  'members': [{'asym_id': 'A',
E                                                               'pdbx_struct_oper_list_ids': ['1']},
E                                                              {'asym_id': 'C',
E                                                               'pdbx_struct_oper_list_ids': ['1']},
E                                                              {'asym_id': 'B',
E                                                               'pdbx_struct_oper_list_ids': ['1']}]}],
E                                    'kind': 'Global Symmetry',
E                                    'oligomeric_state': 'Homo 3-mer',
E                                    'rotation_axes': [{'end': [13.473746075056361,
E                                                               41.0962265805248,
E                                                               -5.777587727129287],
E                                                       'order': 3,
E                                                       'start': [13.838143875349235,
E                                                                 28.581996104345052,
E                                                                 78.43743587115125]}],
E                                    'stoichiometry': ['A3'],
E                                    'symbol': 'C3',
E                                    'type': 'Cyclic'}],
E          'rcsb_struct_symmetry_lineage': [{'depth': 0,
E                                            'id': 'Global Symmetry',
E                                            'name': 'Global Symmetry'},
E                                           {'depth': 2,
E                                            'id': 'Global Symmetry.Cyclic.C3',
E                                            'name': 'C3'},
E                                           {'depth': 3,
E                                            'id': 'Global Symmetry.Cyclic.C3.Homo 3-mer',
E                                            'name': 'Homo 3-mer'},
E                                           {'depth': 1,
E                                            'id': 'Global Symmetry.Cyclic',
E                                            'name': 'Cyclic'}],
E       -  'rcsb_struct_symmetry_provenance_code': 'biojava-7.2.2'}
E       ?                                                     ^ ^
E       
E       +  'rcsb_struct_symmetry_provenance_code': 'biojava-7.1.1'}
E       ?                                                     ^ ^

tests/test_pdb.py:19: AssertionError
=============================== warnings summary ===============================
tests/test_blast.py::TestBlast::test_blast_nt
  /home/runner/work/gget/gget/gget/gget_blast.py:327: FutureWarning: Passing literal html to 'read_html' is deprecated and will be removed in a future version. To read from a literal string, wrap it in a 'StringIO' object.
    results_df = pd.read_html(str(dsc_table))[0]

tests/test_cbio.py::TestCbioSearch::test_cbio_search
tests/test_cbio.py::TestCbioSearch::test_cbio_search
  /opt/hostedtoolcache/Python/3.12.12/x64/lib/python3.12/site-packages/swagger_spec_validator/validator12.py:18: DeprecationWarning: jsonschema.RefResolver is deprecated as of v4.18.0, in favor of the https://github.com/python-jsonschema/referencing library, which provides more compliant referencing behavior as well as more flexible APIs for customization. A future release will remove RefResolver. Please file a feature request (on referencing) if you are missing an API for the kind of customization you need.
    from jsonschema import RefResolver

tests/test_cbio.py::TestCbioSearch::test_cbio_search
  /opt/hostedtoolcache/Python/3.12.12/x64/lib/python3.12/site-packages/swagger_spec_validator/ref_validators.py:14: DeprecationWarning: jsonschema.RefResolver is deprecated as of v4.18.0, in favor of the https://github.com/python-jsonschema/referencing library, which provides more compliant referencing behavior as well as more flexible APIs for customization. A future release will remove RefResolver. Please file a feature request (on referencing) if you are missing an API for the kind of customization you need.
    from jsonschema.validators import RefResolver

tests/test_cbio.py::TestCbioSearch::test_cbio_search
  /opt/hostedtoolcache/Python/3.12.12/x64/lib/python3.12/site-packages/swagger_spec_validator/validator20.py:18: DeprecationWarning: jsonschema.RefResolver is deprecated as of v4.18.0, in favor of the https://github.com/python-jsonschema/referencing library, which provides more compliant referencing behavior as well as more flexible APIs for customization. A future release will remove RefResolver. Please file a feature request (on referencing) if you are missing an API for the kind of customization you need.
    from jsonschema.validators import RefResolver

tests/test_cbio.py::TestCbioSearch::test_cbio_search
tests/test_cbio.py::TestCbioSearch::test_cbio_search
  /opt/hostedtoolcache/Python/3.12.12/x64/lib/python3.12/site-packages/bravado_core/swagger20_validator.py:6: DeprecationWarning: jsonschema.RefResolver is deprecated as of v4.18.0, in favor of the https://github.com/python-jsonschema/referencing library, which provides more compliant referencing behavior as well as more flexible APIs for customization. A future release will remove RefResolver. Please file a feature request (on referencing) if you are missing an API for the kind of customization you need.
    from jsonschema import RefResolver

tests/test_cbio.py::TestCbioSearch::test_cbio_search
  /opt/hostedtoolcache/Python/3.12.12/x64/lib/python3.12/site-packages/bravado_core/spec.py:14: DeprecationWarning: jsonschema.RefResolver is deprecated as of v4.18.0, in favor of the https://github.com/python-jsonschema/referencing library, which provides more compliant referencing behavior as well as more flexible APIs for customization. A future release will remove RefResolver. Please file a feature request (on referencing) if you are missing an API for the kind of customization you need.
    from jsonschema.validators import RefResolver

tests/test_cellxgene.py::TestCellxgene::test_cellxgene_adata
  /home/runner/work/gget/gget/gget/gget_cellxgene.py:222: FutureWarning: The argument `column_names` is deprecated and will be removed in a future release. Please use `obs_column_names` and `var_column_names` instead.
    adata = cellxgene_census.get_anndata(

tests/test_cellxgene.py::TestCellxgene::test_cellxgene_adata
tests/test_cellxgene.py::TestCellxgene::test_cellxgene_adata
  /opt/hostedtoolcache/Python/3.12.12/x64/lib/python3.12/functools.py:912: ImplicitModificationWarning: Transforming to str index.
    return dispatch(args[0].__class__)(*args, **kw)

tests/test_cosmic.py::TestCosmicWorkflow::test_cosmic_defaults
  /home/runner/work/gget/gget/gget/gget_cosmic.py:183: DeprecationWarning: Python 3.14 will, by default, filter extracted tar archives and reject files or modify their metadata. Use the filter argument to control this behavior.
    tar.extractall(path=tar_folder_path)

tests/test_cosmic.py::TestCosmicWorkflow::test_cosmic_defaults
  /home/runner/work/gget/gget/tests/from_json.py:69: FutureWarning: Downcasting behavior in `replace` is deprecated and will be removed in a future version. To retain the old behavior, explicitly call `result.infer_objects(copy=False)`. To opt-in to the future behavior, set `pd.set_option('future.no_silent_downcasting', True)`
    expected_result = expected_result.replace({None: np.nan})

tests/test_mutate.py: 29 warnings
  /home/runner/work/gget/gget/gget/gget_mutate.py:663: UserWarning: This pattern is interpreted as a regular expression, and has match groups. To actually get the groups, use str.extract.
    mask = mutations[mut_column].str.contains(combined_pattern)

-- Docs: https://docs.pytest.org/en/stable/how-to/capture-warnings.html
============================= slowest 10 durations =============================
12666.71s call     tests/test_blast.py::TestBlast::test_blast_nt
40.90s call     tests/test_cellxgene.py::TestCellxgene::test_cellxgene_adata
20.93s call     tests/test_8cube.py::TestSpecificity::test_specificity_basic
12.09s setup    tests/test_cosmic.py::TestCosmicWorkflow::test_cosmic_defaults
10.05s call     tests/test_cosmic.py::TestCosmicWorkflow::test_cosmic_defaults
9.68s call     tests/test_enrichr.py::TestEnrichr::test_enrichr_background_ensembl
4.79s call     tests/test_info.py::TestInfo::test_info_ncbitrue_uniprotfalse
4.61s call     tests/test_info.py::TestInfo::test_info_gene
4.36s call     tests/test_info.py::TestInfo::test_info_ncbifalse_uniprottrue
3.54s call     tests/test_cbio.py::TestCbio::test_cbio_download
=========================== short test summary info ============================
FAILED tests/test_cbio.py::TestCbioSearch::test_cbio_search - bravado.exception.HTTPTooManyRequests: 429 Too Many Requests
FAILED tests/test_elm.py::TestELM::test_elm_uniprot_aminoacidseq - FileNotFoundError: Some or all ELM database files are missing. Please run 'gget setup elm' (Python: gget.setup('elm')) once to download the necessary files.
FAILED tests/test_elm.py::TestELM::test_elm_uniprot_id_in_elm - FileNotFoundError: Some or all ELM database files are missing. Please run 'gget setup elm' (Python: gget.setup('elm')) once to download the necessary files.
FAILED tests/test_elm.py::TestELM::test_elm_uniprot_id_new - FileNotFoundError: Some or all ELM database files are missing. Please run 'gget setup elm' (Python: gget.setup('elm')) once to download the necessary files.
FAILED tests/test_pdb.py::TestPDB::test_pdb_assembly - AssertionError: {'pdb[2345 chars]: 2316.9225073146845, 'total_number_interface_[977 chars]2.2'} != {'pdb[2345 chars]: 2315.334008113287, 'total_number_interface_r[976 chars]1.1'}
  {'pdbx_struct_assembly': {'details': 'author_and_software_defined_assembly',
                            'id': '1',
                            'method_details': 'PISA',
                            'oligomeric_count': 3,
                            'oligomeric_details': 'trimeric',
                            'rcsb_candidate_assembly': 'Y',
                            'rcsb_details': 'author_and_software_defined_assembly'},
   'pdbx_struct_assembly_gen': [{'assembly_id': '1',
                                 'asym_id_list': ['A',
                                                  'B',
                                                  'C',
                                                  'G',
                                                  'H',
                                                  'I',
                                                  'J',
                                                  'K',
                                                  'O',
                                                  'P',
                                                  'Q'],
                                 'oper_expression': '1',
                                 'ordinal': 1}],
   'pdbx_struct_oper_list': [{'id': '1',
                              'matrix11': 1.0,
                              'matrix12': 0.0,
                              'matrix13': 0.0,
                              'matrix21': 0.0,
                              'matrix22': 1.0,
                              'matrix23': 0.0,
                              'matrix31': 0.0,
                              'matrix32': 0.0,
                              'matrix33': 1.0,
                              'name': '1_555',
                              'symmetry_operation': 'x,y,z',
                              'type': 'identity operation',
                              'vector1': 0.0,
                              'vector2': 0.0,
                              'vector3': 0.0}],
   'rcsb_assembly_container_identifiers': {'assembly_id': '1',
                                           'entry_id': '1RH7',
                                           'interface_ids': ['1', '2', '3'],
                                           'rcsb_id': '1RH7-1'},
   'rcsb_assembly_info': {'assembly_id': '1',
                          'atom_count': 1762,
                          'branched_atom_count': 0,
                          'branched_entity_count': 0,
                          'branched_entity_instance_count': 0,
                          'deuterated_water_count': 0,
                          'entry_id': '1RH7',
                          'hydrogen_atom_count': 0,
                          'modeled_polymer_monomer_count': 243,
                          'na_polymer_entity_types': 'Other',
                          'nonpolymer_atom_count': 29,
                          'nonpolymer_entity_count': 2,
                          'nonpolymer_entity_instance_count': 5,
                          'num_heterologous_interface_entities': 0,
                          'num_heteromeric_interface_entities': 0,
                          'num_homomeric_interface_entities': 1,
                          'num_interface_entities': 1,
                          'num_interfaces': 3,
                          'num_isologous_interface_entities': 1,
                          'num_na_interface_entities': 0,
                          'num_prot_na_interface_entities': 0,
                          'num_protein_interface_entities': 1,
                          'polymer_atom_count': 1658,
                          'polymer_composition': 'homomeric protein',
                          'polymer_entity_count': 1,
                          'polymer_entity_count_dna': 0,
                          'polymer_entity_count_nucleic_acid': 0,
                          'polymer_entity_count_nucleic_acid_hybrid': 0,
                          'polymer_entity_count_protein': 1,
                          'polymer_entity_count_rna': 0,
                          'polymer_entity_instance_count': 3,
                          'polymer_entity_instance_count_dna': 0,
                          'polymer_entity_instance_count_nucleic_acid': 0,
                          'polymer_entity_instance_count_nucleic_acid_hybrid': 0,
                          'polymer_entity_instance_count_protein': 3,
                          'polymer_entity_instance_count_rna': 0,
                          'polymer_monomer_count': 243,
                          'selected_polymer_entity_types': 'Protein (only)',
                          'solvent_atom_count': 75,
                          'solvent_entity_count': 1,
                          'solvent_entity_instance_count': 3,
-                         'total_assembly_buried_surface_area': 2316.9225073146845,
?                                                                  ^ ^ ^^^ -------

+                         'total_assembly_buried_surface_area': 2315.334008113287,
?                                                                  ^ ^^^^^^^^^ ^

-                         'total_number_interface_residues': 160,
?                                                              ^

+                         'total_number_interface_residues': 161,
?                                                              ^

                          'unmodeled_polymer_monomer_count': 0},
   'rcsb_id': '1RH7-1',
   'rcsb_struct_symmetry': [{'clusters': [{'avg_rmsd': 0.8418294327358263,
                                           'members': [{'asym_id': 'A',
                                                        'pdbx_struct_oper_list_ids': ['1']},
                                                       {'asym_id': 'C',
                                                        'pdbx_struct_oper_list_ids': ['1']},
                                                       {'asym_id': 'B',
                                                        'pdbx_struct_oper_list_ids': ['1']}]}],
                             'kind': 'Global Symmetry',
                             'oligomeric_state': 'Homo 3-mer',
                             'rotation_axes': [{'end': [13.473746075056361,
                                                        41.0962265805248,
                                                        -5.777587727129287],
                                                'order': 3,
                                                'start': [13.838143875349235,
                                                          28.581996104345052,
                                                          78.43743587115125]}],
                             'stoichiometry': ['A3'],
                             'symbol': 'C3',
                             'type': 'Cyclic'}],
   'rcsb_struct_symmetry_lineage': [{'depth': 0,
                                     'id': 'Global Symmetry',
                                     'name': 'Global Symmetry'},
                                    {'depth': 2,
                                     'id': 'Global Symmetry.Cyclic.C3',
                                     'name': 'C3'},
                                    {'depth': 3,
                                     'id': 'Global Symmetry.Cyclic.C3.Homo 3-mer',
                                     'name': 'Homo 3-mer'},
                                    {'depth': 1,
                                     'id': 'Global Symmetry.Cyclic',
                                     'name': 'Cyclic'}],
-  'rcsb_struct_symmetry_provenance_code': 'biojava-7.2.2'}
?                                                     ^ ^

+  'rcsb_struct_symmetry_provenance_code': 'biojava-7.1.1'}
?                                                     ^ ^
!!!!!!!!!!!!!!!!!!!!!!!!!! stopping after 5 failures !!!!!!!!!!!!!!!!!!!!!!!!!!!
=========== 5 failed, 144 passed, 42 warnings in 12990.27s (3:36:30) ===========
