Pytest results (Python 3.12) - 2026-03-02T16:10:16Z

============================= test session starts ==============================
platform linux -- Python 3.12.12, pytest-9.0.2, pluggy-1.6.0 -- /opt/hostedtoolcache/Python/3.12.12/x64/bin/python
cachedir: .pytest_cache
rootdir: /home/runner/work/gget/gget
configfile: pyproject.toml
plugins: zarr-3.1.5, fast-array-utils-1.3.1, cov-7.0.0
collecting ... collected 247 items / 1 error

==================================== ERRORS ====================================
______________________ ERROR collecting tests/test_elm.py ______________________

    import unittest
    import json
    
    from gget.gget_elm import elm
    from gget.gget_setup import setup as gget_setup
    
    # Load dictionary containing arguments and expected results
    with open("./tests/fixtures/test_elm.json") as json_file:
        elm_dict = json.load(json_file)
    
>   gget_setup(module="elm")

tests/test_elm.py:11: 
_ _ _ _ _ _ _ _ _ _ _ _ _ _ _ _ _ _ _ _ _ _ _ _ _ _ _ _ _ _ _ _ _ _ _ _ _ _ _ _ 

module = 'elm', verbose = True, out = None

    def setup(module, verbose=True, out=None):
        """
        Function to install third-party dependencies for a specified gget module.
        Some modules require pip to be installed (https://pip.pypa.io/en/stable/installation).
        Some modules require curl to be installed (https://everything.curl.dev/get).
    
        Args:
        - module    (str) gget module for which dependencies should be installed, e.g. "alphafold", "cellxgene", "elm", "gpt", or "cbio".
        - verbose   True/False whether to print progress information. Default True.
        - out       (str) Path to directory to save downloaded files in (currently only applies when module='elm').
                    NOTE: Do not use this argument when downloading the files for use with 'gget.elm'.
                    Default None (files are saved in the gget installation directory).
        """
        supported_modules = ["alphafold", "cellxgene", "elm", "gpt", "cbio"]
        if module not in supported_modules:
            raise ValueError(
                f"'module' argument specified as {module}. Expected one of: {', '.join(supported_modules)}"
            )
    
        if module == "gpt":
            _install("openai<=0.28.1", "openai", verbose=verbose)
    
        elif module == "cellxgene":
            _install("cellxgene-census", "cellxgene_census", verbose=verbose)
    
        elif module == "elm":
            if verbose:
                logger.info(
                    "ELM data can be downloaded & distributed for non-commercial use according to the following license: http://elm.eu.org/media/Elm_academic_license.pdf"
                )
                logger.info(
                    "Downloading ELM database files (requires curl to be installed)..."
                )
    
            if out is not None:
                elm_files_out = os.path.abspath(out)
                elm_instances_fasta = os.path.join(elm_files_out, "elm_instances.fasta")
                elm_classes_tsv = os.path.join(elm_files_out, "elms_classes.tsv")
                elm_instances_tsv = os.path.join(elm_files_out, "elm_instances.tsv")
                elm_intdomains_tsv = os.path.join(
                    elm_files_out, "elm_interaction_domains.tsv"
                )
    
                # Create folder for ELM files (if it does not exist)
                if not os.path.exists(elm_files_out):
                    os.makedirs(elm_files_out)
    
            else:
                elm_instances_fasta = ELM_INSTANCES_FASTA
                elm_classes_tsv = ELM_CLASSES_TSV
                elm_instances_tsv = ELM_INSTANCES_TSV
                elm_intdomains_tsv = ELM_INTDOMAINS_TSV
    
                # Create folder for ELM files (if it does not exist)
                if not os.path.exists(ELM_FILES):
                    os.makedirs(ELM_FILES)
    
            if platform.system() == "Windows":
                # The double-quotation marks allow white spaces in the path, but this does not work for Windows
                command = f"""
                    curl -o {elm_instances_fasta} \"{ELM_INSTANCES_FASTA_DOWNLOAD}\" \\
                    &&  curl -o {elm_classes_tsv} \"{ELM_CLASSES_TSV_DOWNLOAD}\" \\
                    &&  curl -o {elm_instances_tsv} \"{ELM_INSTANCES_TSV_DOWNLOAD}\" \\
                    &&  curl -o {elm_intdomains_tsv} \"{ELM_INTDOMAINS_TSV_DOWNLOAD}\"
                    """
    
            else:
                command = f"""
                    curl -o '{elm_instances_fasta}' {ELM_INSTANCES_FASTA_DOWNLOAD} \\
                    &&  curl -o '{elm_classes_tsv}' {ELM_CLASSES_TSV_DOWNLOAD} \\
                    &&  curl -o '{elm_instances_tsv}' {ELM_INSTANCES_TSV_DOWNLOAD} \\
                    &&  curl -o '{elm_intdomains_tsv}' '{ELM_INTDOMAINS_TSV_DOWNLOAD}'
                    """
    
            with subprocess.Popen(command, shell=True, stderr=subprocess.PIPE) as process:
                stderr = process.stderr.read().decode("utf-8")
                # Log the standard error if it is not empty
                if stderr:
                    sys.stderr.write(stderr)
    
            # Exit system if the subprocess returned with an error
            if process.wait() != 0:
                logger.error("ELM database files download failed.")
                return
    
            # Check if files are present
            if os.path.exists(elm_instances_fasta):
                # Check that file does not just contain an error message
                check_file_for_error_message(
                    elm_instances_fasta,
                    "ELM instances fasta file",
                    ELM_INSTANCES_FASTA_DOWNLOAD,
                )
                if verbose:
                    logger.info(f"ELM sequences file present.")
            else:
                logger.error("ELM FASTA file missing.")
    
            if os.path.exists(elm_classes_tsv):
                # Check that file does not just contain an error message
                check_file_for_error_message(
                    elm_classes_tsv, "ELM classes tsv file", ELM_CLASSES_TSV_DOWNLOAD
                )
                if verbose:
                    logger.info("ELM classes file present.")
            else:
                logger.error("ELM classes file missing.")
    
            if os.path.exists(elm_instances_tsv):
                # Check that file does not just contain an error message
>               check_file_for_error_message(
                    elm_instances_tsv, "ELM instances tsv file", ELM_INSTANCES_TSV_DOWNLOAD
                )

gget/gget_setup.py:203: 
_ _ _ _ _ _ _ _ _ _ _ _ _ _ _ _ _ _ _ _ _ _ _ _ _ _ _ _ _ _ _ _ _ _ _ _ _ _ _ _ 

filepath = '/home/runner/work/gget/gget/gget/elm_files/elm_instances.tsv'
filename = 'ELM instances tsv file'
download_path = 'http://elm.eu.org/instances.tsv?q=*&taxon=&instance_logic='

    def check_file_for_error_message(filepath, filename, download_path):
        with open(filepath, "r", encoding="utf-8") as file:
            content = file.read().strip()
    
        # Define common error indicators
        error_keywords = [
            "Internal Server Error",
            "Bad Gateway",
            "Service Unavailable",
            "502 Bad Gateway",
            "500 Internal Server Error",
        ]
    
        # Check if the file contains an error message and raise ValueError + print error message if so
        if any(keyword in content for keyword in error_keywords):
>           raise ValueError(
                f"""
                The {filename} downloaded from {download_path}
                contains an error message instead of valid data.\n
                Error message:\n{content}\n
                Please try again. If the problem persists, please report it here: https://github.com/pachterlab/gget/issues/new?template=issue_report.yml
                """
            )
E           ValueError: 
E                       The ELM instances tsv file downloaded from http://elm.eu.org/instances.tsv?q=*&taxon=&instance_logic= 
E                       contains an error message instead of valid data.
E           
E                       Error message:
E           <!DOCTYPE HTML PUBLIC "-//IETF//DTD HTML 2.0//EN">
E           <html><head>
E           <title>500 Internal Server Error</title>
E           </head><body>
E           <h1>Internal Server Error</h1>
E           <p>The server encountered an internal error or
E           misconfiguration and was unable to complete
E           your request.</p>
E           <p>Please contact the server administrator,
E            gibson-admin@embl.de and inform them of the time the error occurred,
E           and anything you might have done that may have
E           caused the error.</p>
E           <p>More information about this error may be available
E           in the server error log.</p>
E           </body></html>
E           
E                       Please try again. If the problem persists, please report it here: https://github.com/pachterlab/gget/issues/new?template=issue_report.yml

gget/utils.py:95: ValueError
------------------------------- Captured stderr --------------------------------
  % Total    % Received % Xferd  Average Speed   Time    Time     Time  Current
                                 Dload  Upload   Total   Spent    Left  Speed
  0     0    0     0    0     0      0      0 --:--:-- --:--:-- --:--:--     0   % Tota l%   T o t%a lR e c e i%v eRde c%e iXvfeedr d%   XAfveerrda g eA vSepreaegde   S pTeiemde      T iTmiem e      T i mTei m e     CTuirmree n tC
u r r e n t 
                                                      D l o a d    DUlpolaoda d  U p lTooatda l    T oStpaeln t    S p eLnetf t     SLpeefetd 
 Speed 
 0       00         00         00        0  0        00           00            00   - - : - -0: ---- :----::----: ---- :----::----: ---- : - - : -0-     0100 38626  100 38626    0     0  58823      0 --:--:-- --:--:-- --:--:-- 58881
  5 2148k    5  125k    0     0   127k      0  0:00:16 --:--:--  0:00:16  127k  0     0    0     0    0     0      0      0 --:--:--  0:00:01 --:--:--     0 31 2148k   31  675k    0     0   343k      0  0:00:06  0:00:01  0:00:05  343k  0     0    0     0    0     0      0      0 --:--:--  0:00:02 --:--:--     0100 2148k  100 2148k    0     0   754k      0  0:00:02  0:00:02 --:--:--  754k
  0     0    0     0    0     0      0      0 --:--:--  0:00:03 --:--:--     0  0     0    0     0    0     0      0      0 --:--:--  0:00:04 --:--:--     0  0     0    0     0    0     0      0      0 --:--:--  0:00:05 --:--:--     0  0     0    0     0    0     0      0      0 --:--:--  0:00:06 --:--:--     0  0     0    0     0    0     0      0      0 --:--:--  0:00:07 --:--:--     0  0     0    0     0    0     0      0      0 --:--:--  0:00:08 --:--:--     0  0     0    0     0    0     0      0      0 --:--:--  0:00:09 --:--:--     0  0     0    0     0    0     0      0      0 --:--:--  0:00:10 --:--:--     0  0     0    0     0    0     0      0      0 --:--:--  0:00:11 --:--:--     0  0     0    0     0    0     0      0      0 --:--:--  0:00:12 --:--:--     0 15 88298   15 13896    0     0   1047      0  0:01:24  0:00:13  0:01:11  2871100 88298  100 88298    0     0   6438      0  0:00:13  0:00:13 --:--:-- 20601
  % Total    % Received % Xferd  Average Speed   Time    Time     Time  Current
                                 Dload  Upload   Total   Spent    Left  Speed
  0     0    0     0    0     0      0      0 --:--:-- --:--:-- --:--:--     0  0     0    0     0    0     0      0      0 --:--:-- --:--:-- --:--:--     0  0     0    0     0    0     0      0      0 --:--:--  0:00:01 --:--:--     0  0     0    0     0    0     0      0      0 --:--:--  0:00:02 --:--:--     0  0     0    0     0    0     0      0      0 --:--:--  0:00:03 --:--:--     0  0     0    0     0    0     0      0      0 --:--:--  0:00:04 --:--:--     0  0     0    0     0    0     0      0      0 --:--:--  0:00:05 --:--:--     0  0     0    0     0    0     0      0      0 --:--:--  0:00:06 --:--:--     0  0     0    0     0    0     0      0      0 --:--:--  0:00:07 --:--:--     0  0     0    0     0    0     0      0      0 --:--:--  0:00:08 --:--:--     0  0     0    0     0    0     0      0      0 --:--:--  0:00:09 --:--:--     0  0     0    0     0    0     0      0      0 --:--:--  0:00:10 --:--:--     0  0     0    0     0    0     0      0      0 --:--:--  0:00:11 --:--:--     0  0     0    0     0    0     0      0      0 --:--:--  0:00:12 --:--:--     0  0     0    0     0    0     0      0      0 --:--:--  0:00:13 --:--:--     0  0     0    0     0    0     0      0      0 --:--:--  0:00:14 --:--:--     0  0     0    0     0    0     0      0      0 --:--:--  0:00:15 --:--:--     0  0     0    0     0    0     0      0      0 --:--:--  0:00:16 --:--:--     0  0     0    0     0    0     0      0      0 --:--:--  0:00:17 --:--:--     0  0     0    0     0    0     0      0      0 --:--:--  0:00:18 --:--:--     0  0     0    0     0    0     0      0      0 --:--:--  0:00:19 --:--:--     0  0     0    0     0    0     0      0      0 --:--:--  0:00:20 --:--:--     0  0     0    0     0    0     0      0      0 --:--:--  0:00:21 --:--:--     0  0     0    0     0    0     0      0      0 --:--:--  0:00:22 --:--:--     0  0     0    0     0    0     0      0      0 --:--:--  0:00:23 --:--:--     0  0     0    0     0    0     0      0      0 --:--:--  0:00:24 --:--:--     0  0     0    0     0    0     0      0      0 --:--:--  0:00:25 --:--:--     0  0     0    0     0    0     0      0      0 --:--:--  0:00:26 --:--:--     0  0     0    0     0    0     0      0      0 --:--:--  0:00:27 --:--:--     0  0     0    0     0    0     0      0      0 --:--:--  0:00:28 --:--:--     0  0     0    0     0    0     0      0      0 --:--:--  0:00:29 --:--:--     0  0     0    0     0    0     0      0      0 --:--:--  0:00:30 --:--:--     0  0     0    0     0    0     0      0      0 --:--:--  0:00:31 --:--:--     0  0     0    0     0    0     0      0      0 --:--:--  0:00:32 --:--:--     0  0     0    0     0    0     0      0      0 --:--:--  0:00:33 --:--:--     0  0     0    0     0    0     0      0      0 --:--:--  0:00:34 --:--:--     0  0     0    0     0    0     0      0      0 --:--:--  0:00:35 --:--:--     0  0     0    0     0    0     0      0      0 --:--:--  0:00:36 --:--:--     0  0     0    0     0    0     0      0      0 --:--:--  0:00:37 --:--:--     0  0     0    0     0    0     0      0      0 --:--:--  0:00:38 --:--:--     0  0     0    0     0    0     0      0      0 --:--:--  0:00:39 --:--:--     0  0     0    0     0    0     0      0      0 --:--:--  0:00:40 --:--:--     0  0     0    0     0    0     0      0      0 --:--:--  0:00:41 --:--:--     0  0     0    0     0    0     0      0      0 --:--:--  0:00:42 --:--:--     0  0     0    0     0    0     0      0      0 --:--:--  0:00:43 --:--:--     0  0     0    0     0    0     0      0      0 --:--:--  0:00:44 --:--:--     0  0     0    0     0    0     0      0      0 --:--:--  0:00:45 --:--:--     0  0     0    0     0    0     0      0      0 --:--:--  0:00:46 --:--:--     0  0     0    0     0    0     0      0      0 --:--:--  0:00:47 --:--:--     0  0     0    0     0    0     0      0      0 --:--:--  0:00:48 --:--:--     0  0     0    0     0    0     0      0      0 --:--:--  0:00:49 --:--:--     0  0     0    0     0    0     0      0      0 --:--:--  0:00:50 --:--:--     0  0     0    0     0    0     0      0      0 --:--:--  0:00:51 --:--:--     0  0     0    0     0    0     0      0      0 --:--:--  0:00:52 --:--:--     0  0     0    0     0    0     0      0      0 --:--:--  0:00:53 --:--:--     0  0     0    0     0    0     0      0      0 --:--:--  0:00:54 --:--:--     0  0     0    0     0    0     0      0      0 --:--:--  0:00:55 --:--:--     0  0     0    0     0    0     0      0      0 --:--:--  0:00:56 --:--:--     0  0     0    0     0    0     0      0      0 --:--:--  0:00:57 --:--:--     0  0     0    0     0    0     0      0      0 --:--:--  0:00:58 --:--:--     0  0     0    0     0    0     0      0      0 --:--:--  0:00:59 --:--:--     0  0     0    0     0    0     0      0      0 --:--:--  0:01:00 --:--:--     0  0     0    0     0    0     0      0      0 --:--:--  0:01:01 --:--:--     0  0     0    0     0    0     0      0      0 --:--:--  0:01:02 --:--:--     0  0     0    0     0    0     0      0      0 --:--:--  0:01:03 --:--:--     0  0     0    0     0    0     0      0      0 --:--:--  0:01:04 --:--:--     0100   540  100   540    0     0      8      0  0:01:07  0:01:05  0:00:02   108100   540  100   540    0     0      8      0  0:01:07  0:01:05  0:00:02   135
=========================== short test summary info ============================
ERROR tests/test_elm.py - ValueError: 
            The ELM instances tsv file downloaded from http://elm.eu.org/instances.tsv?q=*&taxon=&instance_logic= 
            contains an error message instead of valid data.

            Error message:
<!DOCTYPE HTML PUBLIC "-//IETF//DTD HTML 2.0//EN">
<html><head>
<title>500 Internal Server Error</title>
</head><body>
<h1>Internal Server Error</h1>
<p>The server encountered an internal error or
misconfiguration and was unable to complete
your request.</p>
<p>Please contact the server administrator,
 gibson-admin@embl.de and inform them of the time the error occurred,
and anything you might have done that may have
caused the error.</p>
<p>More information about this error may be available
in the server error log.</p>
</body></html>

            Please try again. If the problem persists, please report it here: https://github.com/pachterlab/gget/issues/new?template=issue_report.yml
!!!!!!!!!!!!!!!!!!!! Interrupted: 1 error during collection !!!!!!!!!!!!!!!!!!!!
========================= 1 error in 83.17s (0:01:23) ==========================
