Pytest results (Python 3.12) - 2026-09-10T18:50:35Z

============================= test session starts ==============================
platform linux -- Python 3.12.14, pytest-9.1.1, pluggy-1.6.0 -- /opt/hostedtoolcache/Python/3.12.14/x64/bin/python
cachedir: .pytest_cache
rootdir: /home/runner/work/gget/gget
configfile: pyproject.toml
plugins: zarr-3.3.0, fast-array-utils-1.5, cov-7.1.0
collecting ... collected 250 items

tests/test_8cube.py::TestSpecificity::test_specificity_basic PASSED      [  0%]
tests/test_8cube.py::TestPsiBlock::test_psi_block_basic PASSED           [  0%]
tests/test_8cube.py::TestGeneExpression::test_gene_expression_basic PASSED [  1%]
tests/test_archs4.py::TestArchs4::test_archs4_bad_ensembl PASSED         [  1%]
tests/test_archs4.py::TestArchs4::test_archs4_bad_gene PASSED            [  2%]
tests/test_archs4.py::TestArchs4::test_archs4_bad_gene_tissue PASSED     [  2%]
tests/test_archs4.py::TestArchs4::test_archs4_bad_species PASSED         [  2%]
tests/test_archs4.py::TestArchs4::test_archs4_bad_which PASSED           [  3%]
tests/test_archs4.py::TestArchs4::test_archs4_defaults PASSED            [  3%]
tests/test_archs4.py::TestArchs4::test_archs4_mouse_json_ensembl PASSED  [  4%]
tests/test_archs4.py::TestArchs4::test_archs4_tissue PASSED              [  4%]
tests/test_archs4.py::TestArchs4::test_archs4_tissue_ensembl PASSED      [  4%]
tests/test_archs4.py::TestArchs4::test_archs4_tissue_json PASSED         [  5%]
tests/test_archs4.py::TestArchs4::test_archs4_tissue_mouse PASSED        [  5%]
tests/test_bgee.py::TestBgee::test_bgee_expression PASSED                [  6%]
tests/test_bgee.py::TestBgee::test_bgee_expression_multiple PASSED       [  6%]
tests/test_bgee.py::TestBgee::test_bgee_orthologs PASSED                 [  6%]
tests/test_bgee.py::TestBgee::test_error_bgee_expression_no_exist PASSED [  7%]
tests/test_bgee.py::TestBgee::test_error_bgee_orthologs_no_exist PASSED  [  7%]
tests/test_bgee.py::TestBgee::test_error_bgee_unknown_type PASSED        [  8%]
tests/test_blast.py::TestBlast::test_blast_bad_db1 PASSED                [  8%]
tests/test_blast.py::TestBlast::test_blast_bad_db2 PASSED                [  8%]
tests/test_blast.py::TestBlast::test_blast_bad_fasta PASSED              [  9%]
tests/test_blast.py::TestBlast::test_blast_bad_program PASSED            [  9%]
tests/test_blast.py::TestBlast::test_blast_bad_seq PASSED                [ 10%]
tests/test_blast.py::TestBlast::test_blast_db_missing PASSED             [ 10%]
tests/test_blast.py::TestBlast::test_blast_nt FAILED                     [ 10%]
tests/test_blat.py::TestBlat::test_blat_aa PASSED                        [ 11%]
tests/test_blat.py::TestBlat::test_blat_aa_RNA PASSED                    [ 11%]
tests/test_blat.py::TestBlat::test_blat_aa_protein PASSED                [ 12%]
tests/test_blat.py::TestBlat::test_blat_bad_assembly PASSED              [ 12%]
tests/test_blat.py::TestBlat::test_blat_bad_fasta PASSED                 [ 12%]
tests/test_blat.py::TestBlat::test_blat_bad_fileformat PASSED            [ 13%]
tests/test_blat.py::TestBlat::test_blat_bad_seqtype PASSED               [ 13%]
tests/test_blat.py::TestBlat::test_blat_bad_txt PASSED                   [ 14%]
tests/test_blat.py::TestBlat::test_blat_nt PASSED                        [ 14%]
tests/test_blat.py::TestBlat::test_blat_nt_DNA PASSED                    [ 14%]
tests/test_blat.py::TestBlat::test_blat_nt_RNA PASSED                    [ 15%]
tests/test_blat.py::TestBlat::test_blat_nt_fasta PASSED                  [ 15%]
tests/test_blat.py::TestBlat::test_blat_nt_json PASSED                   [ 16%]
tests/test_blat.py::TestBlat::test_blat_nt_protein PASSED                [ 16%]
tests/test_blat.py::TestBlat::test_blat_nt_transDNA PASSED               [ 16%]
tests/test_blat.py::TestBlat::test_blat_nt_txt PASSED                    [ 17%]
tests/test_blat.py::TestBlat::test_blat_shortseq PASSED                  [ 17%]
tests/test_cbio.py::TestCbioSearch::test_cbio_search PASSED              [ 18%]
tests/test_cbio.py::TestCbio::test_cbio_download PASSED                  [ 18%]
tests/test_cbio.py::TestCbio::test_cbio_download_partially_existing_files PASSED [ 18%]
tests/test_cbio.py::TestCbio::test_error_cbio_download PASSED            [ 19%]
tests/test_cellxgene.py::TestCellxgene::test_cellxgene_adata FAILED      [ 19%]
tests/test_cellxgene.py::TestCellxgene::test_cellxgene_metadata PASSED   [ 20%]
tests/test_compile.py::TestCompilerWindows::test_compiler_windows PASSED [ 20%]
tests/test_cosmic.py::TestCosmicWorkflow::test_cosmic_defaults ERROR     [ 20%]
tests/test_diamond.py::TestDiamond::test_diamond_JSON_out PASSED         [ 21%]
tests/test_diamond.py::TestDiamond::test_diamond_both_files PASSED       [ 21%]
tests/test_diamond.py::TestDiamond::test_diamond_query_file PASSED       [ 22%]
tests/test_diamond.py::TestDiamond::test_diamond_ref_file PASSED         [ 22%]
tests/test_diamond.py::TestDiamond::test_diamond_seqs_multiple PASSED    [ 22%]
tests/test_diamond.py::TestDiamond::test_diamond_seqs_single PASSED      [ 23%]
tests/test_elm.py::TestELM::test_elm_uniprot_aminoacidseq PASSED         [ 23%]
tests/test_elm.py::TestELM::test_elm_uniprot_id_in_elm PASSED            [ 24%]
tests/test_elm.py::TestELM::test_elm_uniprot_id_new PASSED               [ 24%]
tests/test_enrichr.py::TestEnrichr::test_enrichr_background PASSED       [ 24%]
tests/test_enrichr.py::TestEnrichr::test_enrichr_background_ensembl FAILED [ 25%]
tests/test_enrichr.py::TestEnrichr::test_enrichr_bad_background PASSED   [ 25%]
tests/test_enrichr.py::TestEnrichr::test_enrichr_bad_background_list PASSED [ 26%]
tests/test_enrichr.py::TestEnrichr::test_enrichr_bad_database_shortcut PASSED [ 26%]
tests/test_enrichr.py::TestEnrichr::test_enrichr_bad_gene PASSED         [ 26%]
tests/test_enrichr.py::TestEnrichr::test_enrichr_bad_species PASSED      [ 27%]
tests/test_enrichr.py::TestEnrichr::test_enrichr_celltypes PASSED        [ 27%]
tests/test_enrichr.py::TestEnrichr::test_enrichr_diseases_drugs PASSED   [ 28%]
tests/test_enrichr.py::TestEnrichr::test_enrichr_ensembl_ids PASSED      [ 28%]
tests/test_enrichr.py::TestEnrichr::test_enrichr_fish PASSED             [ 28%]
tests/test_enrichr.py::TestEnrichr::test_enrichr_fly PASSED              [ 29%]
tests/test_enrichr.py::TestEnrichr::test_enrichr_json PASSED             [ 29%]
tests/test_enrichr.py::TestEnrichr::test_enrichr_kinase_interactions PASSED [ 30%]
tests/test_enrichr.py::TestEnrichr::test_enrichr_mouse_is_human PASSED   [ 30%]
tests/test_enrichr.py::TestEnrichr::test_enrichr_none PASSED             [ 30%]
tests/test_enrichr.py::TestEnrichr::test_enrichr_ontology PASSED         [ 31%]
tests/test_enrichr.py::TestEnrichr::test_enrichr_pathway PASSED          [ 31%]
tests/test_enrichr.py::TestEnrichr::test_enrichr_plot PASSED             [ 32%]
tests/test_enrichr.py::TestEnrichr::test_enrichr_transcription PASSED    [ 32%]
tests/test_enrichr.py::TestEnrichr::test_enrichr_worm PASSED             [ 32%]
tests/test_enrichr.py::TestEnrichr::test_enrichr_yeast PASSED            [ 33%]
tests/test_gpt.py::TestGpt::test_gpt PASSED                              [ 33%]
tests/test_info.py::TestInfo::test_info_WB_transcript FAILED             [ 34%]

==================================== ERRORS ====================================
__________ ERROR at setup of TestCosmicWorkflow.test_cosmic_defaults ___________

cls = <class 'tests.test_cosmic.TestCosmicWorkflow'>

    @classmethod
    def setUpClass(cls):
        super().setUpClass()
        time.sleep(sleep_time)
    
        # Download data if it doesn't already exist
        mut_class, grch_version, file_name, version = arg_combinations[0]
    
        if mut_class == "cancer_example":
            cls.tarred_folder = f"example_GRCh{grch_version}"
        else:
            cls.tarred_folder = f"{file_name}_Tsv_v{version}_GRCh{grch_version}"
    
        cls.file_name = file_name
        cls.grch_version = grch_version
        cls.cosmic_version = version
    
        expected_file = os.path.join(cls.tarred_folder, f"{file_name}_v{version}_GRCh{grch_version}.tsv")
    
        if not os.path.exists(expected_file):
            cosmic(
                searchterm=None,
                download_cosmic=True,
                cosmic_project=mut_class,
                cosmic_version=version,
                grch_version=grch_version,
                gget_mutate=True,
            )
    
        # Check that files were downloaded correctly
        contained_file = f"{file_name}_v{version}_GRCh{grch_version}.tsv"
        gm_file = f"{file_name}_v{version}_GRCh{grch_version}_mutation_workflow.csv"
    
        path1 = pl.Path(os.path.abspath(os.path.join(cls.tarred_folder, contained_file)))
        path2 = pl.Path(os.path.abspath(os.path.join(cls.tarred_folder, gm_file)))
    
        if not path1.is_file() or not path2.is_file():
>           raise FileNotFoundError("Expected COSMIC files were not found after download.")
E           FileNotFoundError: Expected COSMIC files were not found after download.

tests/test_cosmic.py:79: FileNotFoundError
------------------------------ Captured log setup ------------------------------
INFO     gget.utils:gget_cosmic.py:391 NOTE: Licence fees apply for the commercial use of COSMIC (https://www.cosmickb.org/licensing).
INFO     gget.utils:gget_cosmic.py:185 Extracted tar file to /home/runner/work/gget/gget/example_GRCh37
INFO     gget.utils:gget_cosmic.py:441 Creating modified mutations file for use with gget mutate...
INFO     gget.utils:gget_cosmic.py:659 Modified mutations file for use with gget mutate created at /home/runner/work/gget/gget/example_GRCh37/CancerMutationCensus_AllData_v104_GRCh37_mutation_workflow.csv
=================================== FAILURES ===================================
___________________________ TestBlast.test_blast_nt ____________________________

self = <tests.test_blast.TestBlast testMethod=test_blast_nt>

    def assert_equal(self: unittest.TestCase):
        test = name
        expected_result = td[test]["expected_result"]
>       result_to_test = do_call(func, td[test]["args"])
                         ^^^^^^^^^^^^^^^^^^^^^^^^^^^^^^^

tests/from_json.py:65: 
_ _ _ _ _ _ _ _ _ _ _ _ _ _ _ _ _ _ _ _ _ _ _ _ _ _ _ _ _ _ _ _ _ _ _ _ _ _ _ _ 

func = <function blast at 0x7f1344e6d4e0>
args = {'sequence': 'MSKGEELFTGVVPILVELDGDVNGQKFSVSGEGEGDATYGKL', 'limit': 1}

    def do_call(func, args):
        if isinstance(args, dict):
>           return func(**args)
                   ^^^^^^^^^^^^

tests/from_json.py:57: 
_ _ _ _ _ _ _ _ _ _ _ _ _ _ _ _ _ _ _ _ _ _ _ _ _ _ _ _ _ _ _ _ _ _ _ _ _ _ _ _ 

sequence = 'MSKGEELFTGVVPILVELDGDVNGQKFSVSGEGEGDATYGKL', program = 'blastp'
database = 'nr', limit = 1, expect = 10.0, low_comp_filt = None
megablast = 'on', verbose = True, wrap_text = False, json = False, save = False

    def blast(
        sequence,
        program="default",
        database="default",
        limit=50,
        expect=10.0,
        low_comp_filt=False,
        megablast=True,
        verbose=True,
        wrap_text=False,
        json=False,
        save=False,
    ):
        """
        BLAST a nucleotide or amino acid sequence against any BLAST DB.
        Args:
         - sequence       Sequence (str) or path to FASTA file.
                          (If more than one sequence in FASTA file, only the first will be submitted to BLAST.)
         - program        'blastn', 'blastp', 'blastx', 'tblastn', or 'tblastx'.
                          Default: 'blastn' for nucleotide sequences; 'blastp' for amino acid sequences.
         - database       'nt', 'nr', 'refseq_rna', 'refseq_protein', 'swissprot', 'pdbaa', or 'pdbnt'.
                          Default: 'nt' for nucleotide sequences; 'nr' for amino acid sequences.
                          More info on BLAST databases: https://ncbi.github.io/blast-cloud/blastdb/available-blastdbs.html
         - limit          Limits number of hits to return. Default 50.
         - expect         float or None. An expect value cutoff. Default 10.0.
         - low_comp_filt  True/False whether to apply low complexity filter. Default False.
         - megablast      True/False whether to use the MegaBLAST algorithm (blastn only). Default True.
         - verbose        True/False whether to print progress information. Default True.
         - wrap_text      If True, displays data frame with wrapped text for easy reading. Default: False.
         - json           If True, returns results in json format instead of data frame. Default: False.
         - save           If True, the data frame is saved as a csv in the current directory (default: False).
         - verbose        True/False whether to print progress information. Default True.
    
        Returns a data frame with the BLAST results.
    
        NCBI server rule:
        Run scripts weekends or between 9 pm and 5 am Eastern time
        on weekdays if more than 50 searches will be submitted.
    
        Note: This function does not check the validity of the arguments
        and passes the values to the server as is.
        """
        # Server rules:
        # 1. Do not contact the server more often than once every 10 seconds.
        # 2. Do not poll for any single RID more often than once a minute.
        # 3. Use the URL parameter email and tool, so that the NCBI
        #    can contact you if there is a problem.
        # 4. Run scripts weekends or between 9 pm and 5 am Eastern time
        #    on weekdays if more than 50 searches will be submitted.
        # Reference: https://blast.ncbi.nlm.nih.gov/Blast.cgi?CMD=Web&PAGE_TYPE=BlastDocs&DOC_TYPE=DeveloperInfo
    
        # Please note that NCBI uses the new Common URL API for BLAST searches
        # on the internet (http://ncbi.github.io/blast-cloud/dev/api.html). Thus,
        # some of the arguments used by this function are not (or are no longer)
        # officially supported by NCBI. Although they are still functioning, this
        # may change in the future.
    
        # Define server URL and client
        url = BLAST_URL
        client = BLAST_CLIENT
    
        ## Clean up arguments
        # If the path to a fasta file was provided instead of a nucleotide sequence,
        # read the file and extract the first sequence
        if "." in sequence:
            if ".txt" in sequence or ".fa" in sequence:
                _, seqs = read_fasta(sequence)
    
            else:
                raise ValueError(
                    "File format not recognized. gget BLAST currently only supports '.txt' or '.fa' files. "
                )
    
            # Set the first sequence from the fasta file as 'sequence'
            sequence = seqs[0]
            if len(seqs) > 1:
                logger.warning(
                    "File contains more than one sequence. Only the first sequence will be submitted to BLAST."
                )
    
        # Convert sequence to upper case
        sequence = sequence.upper()
    
        ## Set program and database
    
        # Convert program and database to lower case
        program = program.lower()
        database = database.lower()
        # Valid program and database options
        programs = ["blastn", "blastp", "blastx", "tblastn", "tblastx"]
        dbs = ["nt", "nr", "refseq_rna", "refseq_protein", "swissprot", "pdbaa", "pdbnt"]
    
        # If user does not specify the program,
        # check if a nulceotide or amino acid sequence was passed
        if program == "default":
            # Set of all possible nucleotides and amino acids
            nucleotides = set("ATGCN")
            amino_acids = set("ARNDCQEGHILKMFPSTWYVBZXBJZ")
    
            # If sequence is a nucleotide sequence, set program to blastn
            if set(sequence) <= nucleotides:
                program = "blastn"
    
                # Set database to nt (unless user specified another database)
                if database == "default":
                    database = "nt"
                    if verbose:
                        logger.info("Sequence recognized as nucleotide sequence.")
                        logger.info("BLAST will use program 'blastn' with database 'nt'.")
                else:
                    # Check if the user specified database is valid
                    if database not in dbs:
                        raise ValueError(
                            f"Database specified is {database}. Expected one of: {', '.join(dbs)}"
                        )
    
                    else:
                        if verbose:
                            logger.info("Sequence recognized as nucleotide sequence.")
                            logger.info(
                                "BLAST will use program 'blastn' with user-specified database."
                            )
            # If sequence is an amino acid sequence, set program to blastp
            elif set(sequence) <= amino_acids:
                program = "blastp"
    
                # Set database to nr (unless user specified another database)
                if database == "default":
                    database = "nr"
                    if verbose:
                        logger.info("Sequence recognized as amino acid sequence.")
                        logger.info("BLAST will use program 'blastp' with database 'nr'.")
                else:
                    # Check if the user specified database is valid
                    if database not in dbs:
                        raise ValueError(
                            f"Database specified is {database}. Expected one of: {', '.join(dbs)}"
                        )
    
                    else:
                        if verbose:
                            logger.info("Sequence recognized as amino acid sequence.")
                            logger.info(
                                "BLAST will use program 'blastp' with user-specified database."
                            )
            else:
                raise ValueError(
                    f"""
                    Sequence not automatically recognized as a nucleotide or amino acid sequence.
                    Please specify 'program' and 'database'.
                    Program options: {', '.join(programs)}
                    Database options:  {', '.join(dbs)}
                    """
                )
    
        else:
            # Check if the user specified program is valid
            if program not in programs:
                raise ValueError(
                    f"Program specified is {program}. Expected one of: {', '.join(programs)}"
                )
    
            # Ask user to also specify database
            if database == "default":
                raise ValueError(
                    f"""
                    User-specified program requires user-specified database. Please also specify argument 'database'.
                    Database options:  {', '.join(dbs)}
                    """
                )
            else:
                # Check if the user specified database is valid
                if database not in dbs:
                    raise ValueError(
                        f"Database specified is {database}. Expected one of: {', '.join(dbs)}"
                    )
    
        ## Translate filter arguments
        if low_comp_filt is False:
            low_comp_filt = None
        else:
            low_comp_filt = "T"
    
        if megablast is False:
            megablast = None
        else:
            megablast = "on"
    
        ## Submit search
        #  The following code was partly adapted from the Biopython BLAST NCBIWWW project written
        #  by Jeffrey Chang (Copyright 1999), Brad Chapman, and Chris Wroe distributed under the
        #  Biopython License Agreement and BSD 3-Clause License
        #  https://github.com/biopython/biopython/blob/171697883aca6894f8367f8f20f1463ce7784d0c/LICENSE.rst
    
        # Args for the PUT command
        put_args = [
            ("PROGRAM", program),
            ("DATABASE", database),
            ("QUERY", sequence),
            ("DESCRIPTIONS", limit),
            ("HITLIST_SIZE", limit),
            ("ALIGNMENTS", 0),
            ("EXPECT", expect),
            ("FILTER", low_comp_filt),
            ("MEGABLAST", megablast),
            ("CMD", "Put"),
        ]
    
        # Define query
        put_query = [x for x in put_args if x[1] is not None]
        put_message = urlencode(put_query).encode()
    
        # Submit search to server
        request = Request(url, put_message, {"User-Agent": client})
        handle = urlopen(request)
    
        ## Fetch Request ID (RID) and estimated time to completion (RTOE)
        RID, RTOE = parse_blast_ref_page(handle)
    
        # Wait for search to complete
        # (At least 11 seconds to comply with server rule 1)
        if RTOE < 11:
            # Communicate RTOE
            if verbose:
                logger.info(f"BLAST initiated. Estimated time to completion: 11 seconds.")
            time.sleep(11)
        else:
            # Communicate RTOE
            if verbose:
                logger.info(
                    f"BLAST initiated with search ID {RID}. Estimated time to completion: {RTOE} seconds."
                )
            time.sleep(int(RTOE))
    
        ## Poll server for status and fetch search results
        # Args for the GET command
        get_args = [
            ("RID", RID),
            ("DESCRIPTIONS", limit),
            ("HITLIST_SIZE", limit),
            ("ALIGNMENTS", 0),
            ("FORMAT_TYPE", "HTML"),
            ("CMD", "Get"),
        ]
        get_query = [x for x in get_args if x[1] is not None]
        get_message = urlencode(get_query).encode()
    
        ## Poll NCBI until the results are ready
        searching = True
        i = 0
        while searching:
            if i > 0:
                # Sleep for 61 seconds if first fetch was not succesful
                # to comply with server rules
                time.sleep(61)
    
            # Query for search status
            request = Request(url, get_message, {"User-Agent": client})
>           handle = urlopen(request)
                     ^^^^^^^^^^^^^^^^

gget/gget_blast.py:281: 
_ _ _ _ _ _ _ _ _ _ _ _ _ _ _ _ _ _ _ _ _ _ _ _ _ _ _ _ _ _ _ _ _ _ _ _ _ _ _ _ 

url = <urllib.request.Request object at 0x7f1341ee5e20>, data = None
timeout = <object object at 0x7f136ff789a0>, cafile = None, capath = None
cadefault = False, context = None

    def urlopen(url, data=None, timeout=socket._GLOBAL_DEFAULT_TIMEOUT,
                *, cafile=None, capath=None, cadefault=False, context=None):
        '''Open the URL url, which can be either a string or a Request object.
    
        *data* must be an object specifying additional data to be sent to
        the server, or None if no such data is needed.  See Request for
        details.
    
        urllib.request module uses HTTP/1.1 and includes a "Connection:close"
        header in its HTTP requests.
    
        The optional *timeout* parameter specifies a timeout in seconds for
        blocking operations like the connection attempt (if not specified, the
        global default timeout setting will be used). This only works for HTTP,
        HTTPS and FTP connections.
    
        If *context* is specified, it must be a ssl.SSLContext instance describing
        the various SSL options. See HTTPSConnection for more details.
    
        The optional *cafile* and *capath* parameters specify a set of trusted CA
        certificates for HTTPS requests. cafile should point to a single file
        containing a bundle of CA certificates, whereas capath should point to a
        directory of hashed certificate files. More information can be found in
        ssl.SSLContext.load_verify_locations().
    
        The *cadefault* parameter is ignored.
    
    
        This function always returns an object which can work as a
        context manager and has the properties url, headers, and status.
        See urllib.response.addinfourl for more detail on these properties.
    
        For HTTP and HTTPS URLs, this function returns a http.client.HTTPResponse
        object slightly modified. In addition to the three new methods above, the
        msg attribute contains the same information as the reason attribute ---
        the reason phrase returned by the server --- instead of the response
        headers as it is specified in the documentation for HTTPResponse.
    
        For FTP, file, and data URLs and requests explicitly handled by legacy
        URLopener and FancyURLopener classes, this function returns a
        urllib.response.addinfourl object.
    
        Note that None may be returned if no handler handles the request (though
        the default installed global OpenerDirector uses UnknownHandler to ensure
        this never happens).
    
        In addition, if proxy settings are detected (for example, when a *_proxy
        environment variable like http_proxy is set), ProxyHandler is default
        installed and makes sure the requests are handled through the proxy.
    
        '''
        global _opener
        if cafile or capath or cadefault:
            import warnings
            warnings.warn("cafile, capath and cadefault are deprecated, use a "
                          "custom context instead.", DeprecationWarning, 2)
            if context is not None:
                raise ValueError(
                    "You can't pass both context and any of cafile, capath, and "
                    "cadefault"
                )
            if not _have_ssl:
                raise ValueError('SSL support not available')
            context = ssl.create_default_context(ssl.Purpose.SERVER_AUTH,
                                                 cafile=cafile,
                                                 capath=capath)
            # send ALPN extension to indicate HTTP/1.1 protocol
            context.set_alpn_protocols(['http/1.1'])
            https_handler = HTTPSHandler(context=context)
            opener = build_opener(https_handler)
        elif context:
            https_handler = HTTPSHandler(context=context)
            opener = build_opener(https_handler)
        elif _opener is None:
            _opener = opener = build_opener()
        else:
            opener = _opener
>       return opener.open(url, data, timeout)
               ^^^^^^^^^^^^^^^^^^^^^^^^^^^^^^^

/opt/hostedtoolcache/Python/3.12.14/x64/lib/python3.12/urllib/request.py:215: 
_ _ _ _ _ _ _ _ _ _ _ _ _ _ _ _ _ _ _ _ _ _ _ _ _ _ _ _ _ _ _ _ _ _ _ _ _ _ _ _ 

self = <urllib.request.OpenerDirector object at 0x7f1341f53650>
fullurl = <urllib.request.Request object at 0x7f1341ee5e20>, data = None
timeout = <object object at 0x7f136ff789a0>

    def open(self, fullurl, data=None, timeout=socket._GLOBAL_DEFAULT_TIMEOUT):
        # accept a URL or a Request object
        if isinstance(fullurl, str):
            req = Request(fullurl, data)
        else:
            req = fullurl
            if data is not None:
                req.data = data
    
        req.timeout = timeout
        protocol = req.type
    
        # pre-process request
        meth_name = protocol+"_request"
        for processor in self.process_request.get(protocol, []):
            meth = getattr(processor, meth_name)
            req = meth(req)
    
        sys.audit('urllib.Request', req.full_url, req.data, req.headers, req.get_method())
>       response = self._open(req, data)
                   ^^^^^^^^^^^^^^^^^^^^^

/opt/hostedtoolcache/Python/3.12.14/x64/lib/python3.12/urllib/request.py:515: 
_ _ _ _ _ _ _ _ _ _ _ _ _ _ _ _ _ _ _ _ _ _ _ _ _ _ _ _ _ _ _ _ _ _ _ _ _ _ _ _ 

self = <urllib.request.OpenerDirector object at 0x7f1341f53650>
req = <urllib.request.Request object at 0x7f1341ee5e20>, data = None

    def _open(self, req, data=None):
        result = self._call_chain(self.handle_open, 'default',
                                  'default_open', req)
        if result:
            return result
    
        protocol = req.type
>       result = self._call_chain(self.handle_open, protocol, protocol +
                                  '_open', req)

/opt/hostedtoolcache/Python/3.12.14/x64/lib/python3.12/urllib/request.py:532: 
_ _ _ _ _ _ _ _ _ _ _ _ _ _ _ _ _ _ _ _ _ _ _ _ _ _ _ _ _ _ _ _ _ _ _ _ _ _ _ _ 

self = <urllib.request.OpenerDirector object at 0x7f1341f53650>
chain = {'unknown': [<urllib.request.UnknownHandler object at 0x7f1341f50680>], 'http': [<urllib.request.HTTPHandler object at...ib.request.FTPHandler object at 0x7f1341f514f0>], 'file': [<urllib.request.FileHandler object at 0x7f1341f51610>], ...}
kind = 'https', meth_name = 'https_open'
args = (<urllib.request.Request object at 0x7f1341ee5e20>,)

    def _call_chain(self, chain, kind, meth_name, *args):
        # Handlers raise an exception if no one else should try to handle
        # the request, or return None if they can't but another handler
        # could.  Otherwise, they return the response.
        handlers = chain.get(kind, ())
        for handler in handlers:
            func = getattr(handler, meth_name)
>           result = func(*args)
                     ^^^^^^^^^^^

/opt/hostedtoolcache/Python/3.12.14/x64/lib/python3.12/urllib/request.py:492: 
_ _ _ _ _ _ _ _ _ _ _ _ _ _ _ _ _ _ _ _ _ _ _ _ _ _ _ _ _ _ _ _ _ _ _ _ _ _ _ _ 

self = <urllib.request.HTTPSHandler object at 0x7f1341f50d70>
req = <urllib.request.Request object at 0x7f1341ee5e20>

    def https_open(self, req):
>       return self.do_open(http.client.HTTPSConnection, req,
                            context=self._context)

/opt/hostedtoolcache/Python/3.12.14/x64/lib/python3.12/urllib/request.py:1392: 
_ _ _ _ _ _ _ _ _ _ _ _ _ _ _ _ _ _ _ _ _ _ _ _ _ _ _ _ _ _ _ _ _ _ _ _ _ _ _ _ 

self = <urllib.request.HTTPSHandler object at 0x7f1341f50d70>
http_class = <class 'http.client.HTTPSConnection'>
req = <urllib.request.Request object at 0x7f1341ee5e20>
http_conn_args = {'context': <ssl.SSLContext object at 0x7f1341c79e50>}

    def do_open(self, http_class, req, **http_conn_args):
        """Return an HTTPResponse object for the request, using http_class.
    
        http_class must implement the HTTPConnection API from http.client.
        """
        host = req.host
        if not host:
            raise URLError('no host given')
    
        # will parse host:port
        h = http_class(host, timeout=req.timeout, **http_conn_args)
        h.set_debuglevel(self._debuglevel)
    
        headers = dict(req.unredirected_hdrs)
        headers.update({k: v for k, v in req.headers.items()
                        if k not in headers})
    
        # TODO(jhylton): Should this be redesigned to handle
        # persistent connections?
    
        # We want to make an HTTP/1.1 request, but the addinfourl
        # class isn't prepared to deal with a persistent connection.
        # It will try to read all remaining data from the socket,
        # which will block while the server waits for the next request.
        # So make sure the connection gets closed after the (only)
        # request.
        headers["Connection"] = "close"
        headers = {name.title(): val for name, val in headers.items()}
    
        if req._tunnel_host:
            tunnel_headers = {}
            proxy_auth_hdr = "Proxy-Authorization"
            if proxy_auth_hdr in headers:
                tunnel_headers[proxy_auth_hdr] = headers[proxy_auth_hdr]
                # Proxy-Authorization should not be sent to origin
                # server.
                del headers[proxy_auth_hdr]
            h.set_tunnel(req._tunnel_host, headers=tunnel_headers)
    
        try:
            try:
                h.request(req.get_method(), req.selector, req.data, headers,
                          encode_chunked=req.has_header('Transfer-encoding'))
            except OSError as err: # timeout error
                raise URLError(err)
>           r = h.getresponse()
                ^^^^^^^^^^^^^^^

/opt/hostedtoolcache/Python/3.12.14/x64/lib/python3.12/urllib/request.py:1348: 
_ _ _ _ _ _ _ _ _ _ _ _ _ _ _ _ _ _ _ _ _ _ _ _ _ _ _ _ _ _ _ _ _ _ _ _ _ _ _ _ 

self = <http.client.HTTPSConnection object at 0x7f1341ee5040>

    def getresponse(self):
        """Get the response from the server.
    
        If the HTTPConnection is in the correct state, returns an
        instance of HTTPResponse or of whatever object is returned by
        the response_class variable.
    
        If a request has not been sent or if a previous response has
        not be handled, ResponseNotReady is raised.  If the HTTP
        response indicates that the connection should be closed, then
        it will be closed before the response is returned.  When the
        connection is closed, the underlying socket is closed.
        """
    
        # if a prior response has been completed, then forget about it.
        if self.__response and self.__response.isclosed():
            self.__response = None
    
        # if a prior response exists, then it must be completed (otherwise, we
        # cannot read this response's header to determine the connection-close
        # behavior)
        #
        # note: if a prior response existed, but was connection-close, then the
        # socket and response were made independent of this HTTPConnection
        # object since a new request requires that we open a whole new
        # connection
        #
        # this means the prior response had one of two states:
        #   1) will_close: this connection was reset and the prior socket and
        #                  response operate independently
        #   2) persistent: the response was retained and we await its
        #                  isclosed() status to become true.
        #
        if self.__state != _CS_REQ_SENT or self.__response:
            raise ResponseNotReady(self.__state)
    
        if self.debuglevel > 0:
            response = self.response_class(self.sock, self.debuglevel,
                                           method=self._method)
        else:
            response = self.response_class(self.sock, method=self._method)
    
        try:
            try:
>               response.begin()

/opt/hostedtoolcache/Python/3.12.14/x64/lib/python3.12/http/client.py:1478: 
_ _ _ _ _ _ _ _ _ _ _ _ _ _ _ _ _ _ _ _ _ _ _ _ _ _ _ _ _ _ _ _ _ _ _ _ _ _ _ _ 

self = <http.client.HTTPResponse object at 0x7f1341ee7640>

    def begin(self):
        if self.headers is not None:
            # we've already started reading the response
            return
    
        # read until we get a non-100 response
        for _ in range(_MAXINTERIMRESPONSES):
>           version, status, reason = self._read_status()
                                      ^^^^^^^^^^^^^^^^^^^

/opt/hostedtoolcache/Python/3.12.14/x64/lib/python3.12/http/client.py:343: 
_ _ _ _ _ _ _ _ _ _ _ _ _ _ _ _ _ _ _ _ _ _ _ _ _ _ _ _ _ _ _ _ _ _ _ _ _ _ _ _ 

self = <http.client.HTTPResponse object at 0x7f1341ee7640>

    def _read_status(self):
        line = str(self.fp.readline(_MAXLINE + 1), "iso-8859-1")
        if len(line) > _MAXLINE:
            raise LineTooLong("status line")
        if self.debuglevel > 0:
            print("reply:", repr(line))
        if not line:
            # Presumably, the server closed the connection before
            # sending a valid response.
>           raise RemoteDisconnected("Remote end closed connection without"
                                     " response")
E           http.client.RemoteDisconnected: Remote end closed connection without response

/opt/hostedtoolcache/Python/3.12.14/x64/lib/python3.12/http/client.py:312: RemoteDisconnected
------------------------------ Captured log call -------------------------------
INFO     gget.utils:gget_blast.py:153 Sequence recognized as amino acid sequence.
INFO     gget.utils:gget_blast.py:154 BLAST will use program 'blastp' with database 'nr'.
INFO     gget.utils:gget_blast.py:252 BLAST initiated with search ID A5Z0VW8U016. Estimated time to completion: 11 seconds.
INFO     gget.utils:gget_blast.py:291 BLASTING...
INFO     gget.utils:gget_blast.py:291 BLASTING...
INFO     gget.utils:gget_blast.py:291 BLASTING...
INFO     gget.utils:gget_blast.py:291 BLASTING...
INFO     gget.utils:gget_blast.py:291 BLASTING...
INFO     gget.utils:gget_blast.py:291 BLASTING...
INFO     gget.utils:gget_blast.py:291 BLASTING...
INFO     gget.utils:gget_blast.py:291 BLASTING...
INFO     gget.utils:gget_blast.py:291 BLASTING...
INFO     gget.utils:gget_blast.py:291 BLASTING...
INFO     gget.utils:gget_blast.py:291 BLASTING...
INFO     gget.utils:gget_blast.py:291 BLASTING...
INFO     gget.utils:gget_blast.py:291 BLASTING...
INFO     gget.utils:gget_blast.py:291 BLASTING...
INFO     gget.utils:gget_blast.py:291 BLASTING...
INFO     gget.utils:gget_blast.py:291 BLASTING...
INFO     gget.utils:gget_blast.py:291 BLASTING...
INFO     gget.utils:gget_blast.py:291 BLASTING...
INFO     gget.utils:gget_blast.py:291 BLASTING...
INFO     gget.utils:gget_blast.py:291 BLASTING...
INFO     gget.utils:gget_blast.py:291 BLASTING...
INFO     gget.utils:gget_blast.py:291 BLASTING...
INFO     gget.utils:gget_blast.py:291 BLASTING...
INFO     gget.utils:gget_blast.py:291 BLASTING...
INFO     gget.utils:gget_blast.py:291 BLASTING...
INFO     gget.utils:gget_blast.py:291 BLASTING...
INFO     gget.utils:gget_blast.py:291 BLASTING...
INFO     gget.utils:gget_blast.py:291 BLASTING...
INFO     gget.utils:gget_blast.py:291 BLASTING...
INFO     gget.utils:gget_blast.py:291 BLASTING...
INFO     gget.utils:gget_blast.py:291 BLASTING...
INFO     gget.utils:gget_blast.py:291 BLASTING...
INFO     gget.utils:gget_blast.py:291 BLASTING...
INFO     gget.utils:gget_blast.py:291 BLASTING...
INFO     gget.utils:gget_blast.py:291 BLASTING...
INFO     gget.utils:gget_blast.py:291 BLASTING...
INFO     gget.utils:gget_blast.py:291 BLASTING...
INFO     gget.utils:gget_blast.py:291 BLASTING...
INFO     gget.utils:gget_blast.py:291 BLASTING...
INFO     gget.utils:gget_blast.py:291 BLASTING...
INFO     gget.utils:gget_blast.py:291 BLASTING...
INFO     gget.utils:gget_blast.py:291 BLASTING...
INFO     gget.utils:gget_blast.py:291 BLASTING...
INFO     gget.utils:gget_blast.py:291 BLASTING...
INFO     gget.utils:gget_blast.py:291 BLASTING...
INFO     gget.utils:gget_blast.py:291 BLASTING...
INFO     gget.utils:gget_blast.py:291 BLASTING...
INFO     gget.utils:gget_blast.py:291 BLASTING...
INFO     gget.utils:gget_blast.py:291 BLASTING...
INFO     gget.utils:gget_blast.py:291 BLASTING...
INFO     gget.utils:gget_blast.py:291 BLASTING...
INFO     gget.utils:gget_blast.py:291 BLASTING...
INFO     gget.utils:gget_blast.py:291 BLASTING...
INFO     gget.utils:gget_blast.py:291 BLASTING...
INFO     gget.utils:gget_blast.py:291 BLASTING...
INFO     gget.utils:gget_blast.py:291 BLASTING...
INFO     gget.utils:gget_blast.py:291 BLASTING...
INFO     gget.utils:gget_blast.py:291 BLASTING...
INFO     gget.utils:gget_blast.py:291 BLASTING...
INFO     gget.utils:gget_blast.py:291 BLASTING...
INFO     gget.utils:gget_blast.py:291 BLASTING...
INFO     gget.utils:gget_blast.py:291 BLASTING...
INFO     gget.utils:gget_blast.py:291 BLASTING...
INFO     gget.utils:gget_blast.py:291 BLASTING...
INFO     gget.utils:gget_blast.py:291 BLASTING...
INFO     gget.utils:gget_blast.py:291 BLASTING...
INFO     gget.utils:gget_blast.py:291 BLASTING...
INFO     gget.utils:gget_blast.py:291 BLASTING...
INFO     gget.utils:gget_blast.py:291 BLASTING...
INFO     gget.utils:gget_blast.py:291 BLASTING...
INFO     gget.utils:gget_blast.py:291 BLASTING...
INFO     gget.utils:gget_blast.py:291 BLASTING...
INFO     gget.utils:gget_blast.py:291 BLASTING...
INFO     gget.utils:gget_blast.py:291 BLASTING...
INFO     gget.utils:gget_blast.py:291 BLASTING...
INFO     gget.utils:gget_blast.py:291 BLASTING...
INFO     gget.utils:gget_blast.py:291 BLASTING...
INFO     gget.utils:gget_blast.py:291 BLASTING...
INFO     gget.utils:gget_blast.py:291 BLASTING...
INFO     gget.utils:gget_blast.py:291 BLASTING...
INFO     gget.utils:gget_blast.py:291 BLASTING...
INFO     gget.utils:gget_blast.py:291 BLASTING...
INFO     gget.utils:gget_blast.py:291 BLASTING...
INFO     gget.utils:gget_blast.py:291 BLASTING...
INFO     gget.utils:gget_blast.py:291 BLASTING...
INFO     gget.utils:gget_blast.py:291 BLASTING...
INFO     gget.utils:gget_blast.py:291 BLASTING...
INFO     gget.utils:gget_blast.py:291 BLASTING...
INFO     gget.utils:gget_blast.py:291 BLASTING...
INFO     gget.utils:gget_blast.py:291 BLASTING...
INFO     gget.utils:gget_blast.py:291 BLASTING...
INFO     gget.utils:gget_blast.py:291 BLASTING...
INFO     gget.utils:gget_blast.py:291 BLASTING...
INFO     gget.utils:gget_blast.py:291 BLASTING...
INFO     gget.utils:gget_blast.py:291 BLASTING...
INFO     gget.utils:gget_blast.py:291 BLASTING...
INFO     gget.utils:gget_blast.py:291 BLASTING...
INFO     gget.utils:gget_blast.py:291 BLASTING...
INFO     gget.utils:gget_blast.py:291 BLASTING...
INFO     gget.utils:gget_blast.py:291 BLASTING...
INFO     gget.utils:gget_blast.py:291 BLASTING...
INFO     gget.utils:gget_blast.py:291 BLASTING...
INFO     gget.utils:gget_blast.py:291 BLASTING...
INFO     gget.utils:gget_blast.py:291 BLASTING...
INFO     gget.utils:gget_blast.py:291 BLASTING...
INFO     gget.utils:gget_blast.py:291 BLASTING...
INFO     gget.utils:gget_blast.py:291 BLASTING...
INFO     gget.utils:gget_blast.py:291 BLASTING...
INFO     gget.utils:gget_blast.py:291 BLASTING...
INFO     gget.utils:gget_blast.py:291 BLASTING...
INFO     gget.utils:gget_blast.py:291 BLASTING...
INFO     gget.utils:gget_blast.py:291 BLASTING...
INFO     gget.utils:gget_blast.py:291 BLASTING...
INFO     gget.utils:gget_blast.py:291 BLASTING...
INFO     gget.utils:gget_blast.py:291 BLASTING...
INFO     gget.utils:gget_blast.py:291 BLASTING...
INFO     gget.utils:gget_blast.py:291 BLASTING...
INFO     gget.utils:gget_blast.py:291 BLASTING...
INFO     gget.utils:gget_blast.py:291 BLASTING...
INFO     gget.utils:gget_blast.py:291 BLASTING...
INFO     gget.utils:gget_blast.py:291 BLASTING...
INFO     gget.utils:gget_blast.py:291 BLASTING...
INFO     gget.utils:gget_blast.py:291 BLASTING...
INFO     gget.utils:gget_blast.py:291 BLASTING...
INFO     gget.utils:gget_blast.py:291 BLASTING...
INFO     gget.utils:gget_blast.py:291 BLASTING...
INFO     gget.utils:gget_blast.py:291 BLASTING...
INFO     gget.utils:gget_blast.py:291 BLASTING...
INFO     gget.utils:gget_blast.py:291 BLASTING...
INFO     gget.utils:gget_blast.py:291 BLASTING...
INFO     gget.utils:gget_blast.py:291 BLASTING...
INFO     gget.utils:gget_blast.py:291 BLASTING...
INFO     gget.utils:gget_blast.py:291 BLASTING...
INFO     gget.utils:gget_blast.py:291 BLASTING...
INFO     gget.utils:gget_blast.py:291 BLASTING...
INFO     gget.utils:gget_blast.py:291 BLASTING...
INFO     gget.utils:gget_blast.py:291 BLASTING...
INFO     gget.utils:gget_blast.py:291 BLASTING...
INFO     gget.utils:gget_blast.py:291 BLASTING...
INFO     gget.utils:gget_blast.py:291 BLASTING...
INFO     gget.utils:gget_blast.py:291 BLASTING...
INFO     gget.utils:gget_blast.py:291 BLASTING...
INFO     gget.utils:gget_blast.py:291 BLASTING...
INFO     gget.utils:gget_blast.py:291 BLASTING...
INFO     gget.utils:gget_blast.py:291 BLASTING...
INFO     gget.utils:gget_blast.py:291 BLASTING...
INFO     gget.utils:gget_blast.py:291 BLASTING...
INFO     gget.utils:gget_blast.py:291 BLASTING...
INFO     gget.utils:gget_blast.py:291 BLASTING...
INFO     gget.utils:gget_blast.py:291 BLASTING...
INFO     gget.utils:gget_blast.py:291 BLASTING...
INFO     gget.utils:gget_blast.py:291 BLASTING...
INFO     gget.utils:gget_blast.py:291 BLASTING...
INFO     gget.utils:gget_blast.py:291 BLASTING...
INFO     gget.utils:gget_blast.py:291 BLASTING...
INFO     gget.utils:gget_blast.py:291 BLASTING...
INFO     gget.utils:gget_blast.py:291 BLASTING...
INFO     gget.utils:gget_blast.py:291 BLASTING...
INFO     gget.utils:gget_blast.py:291 BLASTING...
INFO     gget.utils:gget_blast.py:291 BLASTING...
INFO     gget.utils:gget_blast.py:291 BLASTING...
INFO     gget.utils:gget_blast.py:291 BLASTING...
INFO     gget.utils:gget_blast.py:291 BLASTING...
INFO     gget.utils:gget_blast.py:291 BLASTING...
INFO     gget.utils:gget_blast.py:291 BLASTING...
INFO     gget.utils:gget_blast.py:291 BLASTING...
INFO     gget.utils:gget_blast.py:291 BLASTING...
INFO     gget.utils:gget_blast.py:291 BLASTING...
INFO     gget.utils:gget_blast.py:291 BLASTING...
INFO     gget.utils:gget_blast.py:291 BLASTING...
INFO     gget.utils:gget_blast.py:291 BLASTING...
INFO     gget.utils:gget_blast.py:291 BLASTING...
INFO     gget.utils:gget_blast.py:291 BLASTING...
INFO     gget.utils:gget_blast.py:291 BLASTING...
INFO     gget.utils:gget_blast.py:291 BLASTING...
INFO     gget.utils:gget_blast.py:291 BLASTING...
INFO     gget.utils:gget_blast.py:291 BLASTING...
INFO     gget.utils:gget_blast.py:291 BLASTING...
INFO     gget.utils:gget_blast.py:291 BLASTING...
INFO     gget.utils:gget_blast.py:291 BLASTING...
INFO     gget.utils:gget_blast.py:291 BLASTING...
INFO     gget.utils:gget_blast.py:291 BLASTING...
INFO     gget.utils:gget_blast.py:291 BLASTING...
INFO     gget.utils:gget_blast.py:291 BLASTING...
INFO     gget.utils:gget_blast.py:291 BLASTING...
INFO     gget.utils:gget_blast.py:291 BLASTING...
INFO     gget.utils:gget_blast.py:291 BLASTING...
INFO     gget.utils:gget_blast.py:291 BLASTING...
INFO     gget.utils:gget_blast.py:291 BLASTING...
INFO     gget.utils:gget_blast.py:291 BLASTING...
INFO     gget.utils:gget_blast.py:291 BLASTING...
INFO     gget.utils:gget_blast.py:291 BLASTING...
INFO     gget.utils:gget_blast.py:291 BLASTING...
INFO     gget.utils:gget_blast.py:291 BLASTING...
INFO     gget.utils:gget_blast.py:291 BLASTING...
INFO     gget.utils:gget_blast.py:291 BLASTING...
INFO     gget.utils:gget_blast.py:291 BLASTING...
INFO     gget.utils:gget_blast.py:291 BLASTING...
INFO     gget.utils:gget_blast.py:291 BLASTING...
INFO     gget.utils:gget_blast.py:291 BLASTING...
INFO     gget.utils:gget_blast.py:291 BLASTING...
INFO     gget.utils:gget_blast.py:291 BLASTING...
INFO     gget.utils:gget_blast.py:291 BLASTING...
INFO     gget.utils:gget_blast.py:291 BLASTING...
INFO     gget.utils:gget_blast.py:291 BLASTING...
INFO     gget.utils:gget_blast.py:291 BLASTING...
INFO     gget.utils:gget_blast.py:291 BLASTING...
INFO     gget.utils:gget_blast.py:291 BLASTING...
INFO     gget.utils:gget_blast.py:291 BLASTING...
INFO     gget.utils:gget_blast.py:291 BLASTING...
INFO     gget.utils:gget_blast.py:291 BLASTING...
INFO     gget.utils:gget_blast.py:291 BLASTING...
INFO     gget.utils:gget_blast.py:291 BLASTING...
INFO     gget.utils:gget_blast.py:291 BLASTING...
INFO     gget.utils:gget_blast.py:291 BLASTING...
INFO     gget.utils:gget_blast.py:291 BLASTING...
INFO     gget.utils:gget_blast.py:291 BLASTING...
INFO     gget.utils:gget_blast.py:291 BLASTING...
INFO     gget.utils:gget_blast.py:291 BLASTING...
INFO     gget.utils:gget_blast.py:291 BLASTING...
INFO     gget.utils:gget_blast.py:291 BLASTING...
INFO     gget.utils:gget_blast.py:291 BLASTING...
INFO     gget.utils:gget_blast.py:291 BLASTING...
INFO     gget.utils:gget_blast.py:291 BLASTING...
INFO     gget.utils:gget_blast.py:291 BLASTING...
INFO     gget.utils:gget_blast.py:291 BLASTING...
INFO     gget.utils:gget_blast.py:291 BLASTING...
INFO     gget.utils:gget_blast.py:291 BLASTING...
INFO     gget.utils:gget_blast.py:291 BLASTING...
INFO     gget.utils:gget_blast.py:291 BLASTING...
INFO     gget.utils:gget_blast.py:291 BLASTING...
INFO     gget.utils:gget_blast.py:291 BLASTING...
INFO     gget.utils:gget_blast.py:291 BLASTING...
INFO     gget.utils:gget_blast.py:291 BLASTING...
INFO     gget.utils:gget_blast.py:291 BLASTING...
______________________ TestCellxgene.test_cellxgene_adata ______________________

self = <tests.test_cellxgene.TestCellxgene testMethod=test_cellxgene_adata>

    def test_cellxgene_adata(self):
        test = "test_cellxgene_adata"
        expected_result = cellxgene_dict[test]["expected_result"]
        result_to_test = cellxgene(**cellxgene_dict[test]["args"])
    
        # Convert resulting AnnData object to dictionary
        result_to_test = repr_dict(result_to_test)
    
>       self.assertEqual(result_to_test, expected_result)
E       AssertionError: {'n_o[179 chars]ature_id', 'feature_name', 'feature_length'], 'layers': [None]} != {'n_o[179 chars]ature_id', 'feature_name', 'feature_length']}
E       - {'layers': [None],
E       -  'n_obs': 3679,
E       ? ^
E       
E       + {'n_obs': 3679,
E       ? ^
E       
E          'n_vars': 3,
E          'obs': ['dataset_id',
E                  'assay',
E                  'suspension_type',
E                  'sex',
E                  'tissue_general',
E                  'tissue',
E                  'cell_type',
E                  'disease',
E                  'is_primary_data'],
E          'var': ['soma_joinid', 'feature_id', 'feature_name', 'feature_length']}

tests/test_cellxgene.py:47: AssertionError
------------------------------ Captured log call -------------------------------
INFO     gget.utils:gget_cellxgene.py:218 Fetching AnnData object from CZ CELLxGENE Discover. This might take a few minutes...
_________________ TestEnrichr.test_enrichr_background_ensembl __________________

self = <tests.test_enrichr.TestEnrichr testMethod=test_enrichr_background_ensembl>

    def test_enrichr_background_ensembl(self):
        test = "test_enrichr_background_ensembl"
        expected_result = enrichr_dict[test]["expected_result"]
>       result_to_test = enrichr(**enrichr_dict[test]["args"])
                         ^^^^^^^^^^^^^^^^^^^^^^^^^^^^^^^^^^^^^

tests/test_enrichr.py:44: 
_ _ _ _ _ _ _ _ _ _ _ _ _ _ _ _ _ _ _ _ _ _ _ _ _ _ _ _ _ _ _ _ _ _ _ _ _ _ _ _ 

genes = ['ENSG00000120053', 'ENSG00000129596', 'ENSG00000163631', 'ENSG00000167701', 'ENSG00000244067']
database = 'PanglaoDB_Augmented_2021', species = 'human'
background_list = ['ENSG00000120053', 'ENSG00000129596', 'ENSG00000131910', 'ENSG00000139631', 'ENSG00000163631', 'ENSG00000167701', ...]
background = False, ensembl = True, ensembl_bkg = True, plot = False
figsize = (10, 10), ax = None, kegg_out = None, kegg_rank = 1, json = False
save = False, verbose = True

    def enrichr(
        genes,
        database,
        species="human",
        background_list=None,
        background=False,
        ensembl=False,
        ensembl_bkg=False,
        plot=False,
        figsize=(10, 10),
        ax=None,
        kegg_out=None,
        kegg_rank=1,
        json=False,
        save=False,
        verbose=True,
    ):
        """
        Perform an enrichment analysis on a list of genes using Enrichr (https://maayanlab.cloud/Enrichr/).
    
        Args:
        - genes             List of Entrez gene symbols to perform enrichment analysis on, passed as a list of strings, e.g. ['PHF14', 'RBM3', 'MSL1', 'PHF21A'].
                            Set 'ensembl = True' to input a list of Ensembl gene IDs, e.g. ['ENSG00000106443', 'ENSG00000102317', 'ENSG00000188895'].
        - database          Database to use as reference for the enrichment analysis.
                            Supported shortcuts (and their default database), ONLY SUPPORTED FOR HUMAN/MOUSE SPECIES (other species must specify the full database name):
                            'pathway' (KEGG_2021_Human)
                            'transcription' (ChEA_2016)
                            'ontology' (GO_Biological_Process_2021)
                            'diseases_drugs' (GWAS_Catalog_2019)
                            'celltypes' (PanglaoDB_Augmented_2021)
                            'kinase_interactions' (KEA_2015)
                            or any database listed under Gene-set Library at: https://maayanlab.cloud/Enrichr/#libraries or the species-specific libraries listed below
        - species           Enrichr species database to query. Options:
                            'human' (default) [H. sapiens] - https://maayanlab.cloud/Enrichr/#libraries
                            'mouse' [M. musculus] - equivalent to 'human'
                            'fly' [D. melanogaster] - https://maayanlab.cloud/FlyEnrichr/#stats
                            'yeast' [S. cerevisiae] - https://maayanlab.cloud/YeastEnrichr/#stats
                            'worm' [C. elegans] - https://maayanlab.cloud/WormEnrichr/#stats
                            'fish' [D. rerio] - https://maayanlab.cloud/FishEnrichr/#stats
        - background_list   List of gene names/Ensembl IDs to be used as background genes. ONLY SUPPORTED FOR HUMAN/MOUSE SPECIES (Default: None)
        - background        If True, use set of > 20,000 default background genes listed here: https://github.com/pachterlab/gget/blob/main/gget/constants/enrichr_bkg_genes.txt.
                            ONLY SUPPORTED FOR HUMAN/MOUSE SPECIES (Default: False)
        - ensembl           Define as 'True' if 'genes' is a list of Ensembl gene IDs. (Default: False)
        - ensembl_bkg       Define as 'True' if 'background_list' is a list of Ensembl gene IDs. (Default: False)
        - plot              True/False whether to provide a graphical overview of the first 15 results. (Default: False)
        - figsize           (width, height) of plot in inches. (Default: (10,10))
        - ax                Pass a matplotlib axes object for further customization of the plot. (Default: None)
        - kegg_out          Path to file to save the highlighted KEGG pathway image, e.g. path/to/folder/kegg_pathway.png. (Default: None)
        - kegg_rank         Candidate pathway rank to be plotted in KEGG pathway image. (Default: 1)
        - json              If True, returns results in json format instead of data frame. (Default: False)
        - save              True/False whether to save the results in the local directory. (Default: False)
        - verbose           True/False whether to print progress information. (Default: True)
    
        Returns a data frame with the Enrichr results.
        """
    
        if species not in ["human", "mouse", "fly", "yeast", "worm", "fish"]:
            raise ValueError(
                f"Argument 'species' must be one of 'human', 'mouse', 'fly', 'yeast', 'worm', or 'fish'."
            )
    
        if species == "mouse":
            species = "human"
    
        species_enrichr = f"{species.capitalize()}Enrichr"
        if species == "human":
            species_enrichr = "Enrichr"
    
        if species != "human":
            if database in [
                "pathway",
                "transcription",
                "ontology",
                "diseases_drugs",
                "celltypes",
                "kinase_interactions",
            ]:
                raise ValueError(
                    f"Database '{database}' is not supported for species '{species}'."
                    f" Please select a database from the species-specific libraries listed at:"
                    f" https://maayanlab.cloud/{species_enrichr}/#stats."
                )
    
            if background:
                raise ValueError(
                    f"Background genes are only supported for species 'human' and 'mouse', not for species '{species}'."
                    f" Please set 'background=False' or leave it unspecified."
                )
    
            if background_list:
                raise ValueError(
                    f"Background genes are only supported for species 'human' and 'mouse', not for species '{species}'."
                    f" Please do not provide a value for 'background_list'."
                )
    
        # Define database
        # All available libraries: https://maayanlab.cloud/Enrichr/#libraries
        if species == "human":
            db_message = f"""
            Please note that there might be a more appropriate database for your application.
            Go to https://maayanlab.cloud/{species_enrichr}/#libraries for a full list of supported databases.
            """
        else:
            db_message = f"""
            Please note that there might be a more appropriate database for your application.
            Go to https://maayanlab.cloud/{species_enrichr}/#stats for a full list of supported databases.
            """
        if not isinstance(background, bool):
            raise ValueError(
                f"Argument`background` must be a boolean True/False. If you are adding a background list, use the argument `background_list` instead."
            )
    
        # Handle database shortcuts
        if database == "pathway":
            database = "KEGG_2021_Human"
            if verbose:
                logger.info(
                    f"Performing Enrichr analysis using database {database}. " + db_message
                )
    
        elif database == "transcription":
            database = "ChEA_2016"
            if verbose:
                logger.info(
                    f"Performing Enrichr analysis using database {database}. " + db_message
                )
    
        elif database == "ontology":
            database = "GO_Biological_Process_2021"
            if verbose:
                logger.info(
                    f"Performing Enrichr analysis using database {database}. " + db_message
                )
    
        elif database == "diseases_drugs":
            database = "GWAS_Catalog_2019"
            if verbose:
                logger.info(
                    f"Performing Enrichr analysis using database {database}. " + db_message
                )
    
        elif database == "celltypes":
            database = "PanglaoDB_Augmented_2021"
            if verbose:
                logger.info(
                    f"Performing Enrichr analysis using database {database}. " + db_message
                )
    
        elif database == "kinase_interactions":
            database = "KEA_2015"
            if verbose:
                logger.info(
                    f"Performing Enrichr analysis using database {database}. " + db_message
                )
    
        else:
            database = database
            if verbose:
                logger.info(f"Performing Enrichr analysis using database {database}.")
    
        # To generate a KEGG pathway image, confirm that the database is a KEGG database and pykegg is installed
        if kegg_out:
            if not database.startswith("KEGG"):
                logger.error(
                    "Please specify a KEGG database when generating a KEGG pathway image."
                )
                return
            try:
                import pykegg
            except ImportError:
                logger.error(
                    "Please install `pykegg` to generate a KEGG pathway image. Pykegg can be installed using pip: 'pip install pykegg'"
                )
                return
    
        # If single gene passed as string, convert to list
        if isinstance(genes, str):
            genes = [genes]
    
        ## Transform Ensembl IDs to gene symbols
        if ensembl:
            if verbose:
                logger.info("Getting gene symbols from Ensembl IDs.")
    
            genes_v2 = ensembl_to_gene_names(genes)
    
        else:
            genes_v2 = genes
    
        if len(genes_v2) == 0 and ensembl:
            logger.error("No gene symbols found for given Ensembl IDs.")
            return
    
        # Transform Ensembl IDs to gene symbols for background genes
        if background_list and ensembl_bkg:
>           background_list = ensembl_to_gene_names(background_list)
                              ^^^^^^^^^^^^^^^^^^^^^^^^^^^^^^^^^^^^^^

gget/gget_enrichr.py:259: 
_ _ _ _ _ _ _ _ _ _ _ _ _ _ _ _ _ _ _ _ _ _ _ _ _ _ _ _ _ _ _ _ _ _ _ _ _ _ _ _ 

ensembl_ids = ['ENSG00000120053', 'ENSG00000129596', 'ENSG00000131910', 'ENSG00000139631', 'ENSG00000163631', 'ENSG00000167701', ...]

    def ensembl_to_gene_names(ensembl_ids):
        """
        Function to fetch gene names from a list of Ensembl IDs using gget info.
        """
        genes_v2 = []
    
        # Remove version number if passed
        ensembl_ids = [gene_id.split(".")[0] for gene_id in ensembl_ids]
    
>       info_df = info(ensembl_ids, pdb=False, ncbi=False, uniprot=False, verbose=False)
                  ^^^^^^^^^^^^^^^^^^^^^^^^^^^^^^^^^^^^^^^^^^^^^^^^^^^^^^^^^^^^^^^^^^^^^^

gget/gget_enrichr.py:34: 
_ _ _ _ _ _ _ _ _ _ _ _ _ _ _ _ _ _ _ _ _ _ _ _ _ _ _ _ _ _ _ _ _ _ _ _ _ _ _ _ 

ens_ids = ['ENSG00000120053', 'ENSG00000129596', 'ENSG00000131910', 'ENSG00000139631', 'ENSG00000163631', 'ENSG00000167701', ...]
wrap_text = False, ncbi = False, uniprot = False, pdb = False, json = False
verbose = False, save = False, expand = False, ensembl_only = False

    def info(
        ens_ids,
        wrap_text=False,
        ncbi=True,
        uniprot=True,
        pdb=False,
        json=False,
        verbose=True,
        save=False,
        expand=False,
        ensembl_only=False,
    ):
        """
        Fetch gene and transcript metadata using Ensembl IDs.
    
        Args:
        - ens_ids       One or more Ensembl IDs to look up (string or list of strings).
                        Also supports WormBase and Flybase IDs.
        - wrap_text     If True, displays data frame with wrapped text for easy reading. Default: False.
        - ncbi          If False, does not return data from NCBI. Default: True.
        - uniprot       If False, does not return data from UniProt. Default: True.
        - pdb           If True, also returns PDB IDs (might increase run time). Default: False.
        - json          If True, returns results in json/dictionary format instead of data frame. Default: False.
        - verbose       True/False whether to print progress information. Default True.
        - save          True/False wether to save csv with query results in current working directory. Default: False.
    
        Returns a data frame containing the requested information.
    
        Deprecated arguments:
        - expand        (gget info now always returns all of the available information)
        - ensembl_only  If True, only returns results from Ensembl (excludes PDB, UniProt, and NCBI results). Default: False.
        """
        # Handle deprecated arguments
        if expand:
            if verbose:
                logger.warning(
                    "'expand' argument deprecated! gget info now always returns all of the available information."
                )
        if ensembl_only:
            if verbose:
                logger.warning(
                    "'ensembl_only' argument deprecated! Please use arguments 'ncbi=False' and 'uniprot=False'."
                )
    
        # Set synonyms found by each database initially to none
        ncbi_synonyms = None
        df_uniprot = None
        df_pdb = pd.DataFrame()
        df_ncbi = pd.DataFrame()
    
        # Rename pdb, uniprot, ncbi arguments
        fetch_ncbi = ncbi
        fetch_uniprot = uniprot
        fetch_pdb = pdb
    
        # Define Ensembl REST API server
        server = ENSEMBL_REST_API
        # Define type of returned content from REST
        content_type = "application/json"
    
        ## Clean up Ensembl IDs
        # If single Ensembl ID passed as string, convert to list
        if type(ens_ids) == str:
            ens_ids = [ens_ids]
        # Remove Ensembl ID version if passed
        ens_ids_clean = []
        temp = 0
        for ensembl_ID in ens_ids:
            # But only for Ensembl ID (and not for flybase/wormbase IDs)
            if ensembl_ID.startswith("ENS"):
                ens_ids_clean.append(ensembl_ID.split(".")[0])
    
                if "." in ensembl_ID and temp == 0:
                    if verbose is True:
                        logger.info(
                            "We noticed that you passed a version number with your Ensembl ID.\n"
                            "Please note that gget info will always return information linked to the latest Ensembl ID version (see 'ensembl_id')."
                        )
                    temp = +1
    
            else:
                ens_ids_clean.append(ensembl_ID)
    
        # Remove duplicates in the Ensembl ID list without changing their order
        ens_ids_clean = sorted(set(ens_ids_clean), key=ens_ids_clean.index)
        # Create second clean list of Ensembl IDs which will not include IDs that were not found
        ens_ids_clean_2 = ens_ids_clean.copy()
    
        # Initiate dictionary to save results for all IDs in
        master_dict = {}
    
        # Query REST APIs from https://rest.ensembl.org/
        endpoint = "lookup/id/"
        query = {"ids": ens_ids_clean, "expand": True}
    
>       results_dict = post_query(server, endpoint, query)
                       ^^^^^^^^^^^^^^^^^^^^^^^^^^^^^^^^^^^

gget/gget_info.py:119: 
_ _ _ _ _ _ _ _ _ _ _ _ _ _ _ _ _ _ _ _ _ _ _ _ _ _ _ _ _ _ _ _ _ _ _ _ _ _ _ _ 

server = 'http://rest.ensembl.org/', endpoint = 'lookup/id/'
query = {'ids': ['ENSG00000120053', 'ENSG00000129596', 'ENSG00000131910', 'ENSG00000139631', 'ENSG00000163631', 'ENSG00000167701', ...], 'expand': True}

    def post_query(server, endpoint, query):
        """
        Function to perform a POST API query.
    
        :param server:  Server to query .
        :param endpoint: Server endpoint
        :param query:   Query that is passed to server.
    
        :return: server output
        """
    
        r = requests.post(
            server + endpoint, json=query, headers={"Content-Type": "application/json"}
        )
    
        if not r.ok:
>           raise RuntimeError(
                f"{server} returned error status code {r.status_code}. "
                "Please double-check arguments and try again.\n"
            )
E           RuntimeError: http://rest.ensembl.org/ returned error status code 503. Please double-check arguments and try again.

gget/utils.py:695: RuntimeError
------------------------------ Captured log call -------------------------------
INFO     gget.utils:gget_enrichr.py:208 Performing Enrichr analysis using database PanglaoDB_Augmented_2021. 
        Please note that there might be a more appropriate database for your application. 
        Go to https://maayanlab.cloud/Enrichr/#libraries for a full list of supported databases.
        
INFO     gget.utils:gget_enrichr.py:246 Getting gene symbols from Ensembl IDs.
_______________________ TestInfo.test_info_WB_transcript _______________________

self = <tests.test_info.TestInfo testMethod=test_info_WB_transcript>

    def assert_equal(self: unittest.TestCase):
        test = name
        expected_result = td[test]["expected_result"]
        result_to_test = do_call(func, td[test]["args"])
        if test == "test_cosmic_defaults":  # special case for cosmic
            import numpy as np
            expected_result = pd.DataFrame(expected_result[0])
            expected_result = expected_result.replace({None: np.nan})
            # result_to_test.equals(expected_result)
            pd.testing.assert_frame_equal(result_to_test, expected_result)
            return
    
        # If result is a DataFrame, convert to list
        if isinstance(result_to_test, pd.DataFrame):
            result_to_test = result_to_test.dropna(axis=1).values.tolist()
    
>       self.assertEqual(result_to_test, expected_result)
E       AssertionError: Lists differ: [['T1[86 chars]3'], [], 'WBGene00043981', ['Protein aaim-1', [2746 chars]67]]] != [['T1[86 chars]3'], 'aaim-1-201', [], 'WBGene00043981', ['Pro[2760 chars]67]]]
E       
E       First differing element 0:
E       ['T14[85 chars]3'], [], 'WBGene00043981', ['Protein aaim-1', [2745 chars]667]]
E       ['T14[85 chars]3'], 'aaim-1-201', [], 'WBGene00043981', ['Pro[2759 chars]667]]
E       
E         [['T14E8.4.1',
E           ['Q5WRS0', 'Q6RYS9'],
E           'caenorhabditis_elegans',
E           'WBcel235',
E           ['aaim-1', 'dop-3'],
E       +   'aaim-1-201',
E           [],
E           'WBGene00043981',
E           ['Protein aaim-1', 'Dopamine receptor 3'],
E           ['(Microbial infection) Promotes infection by microsporidian pathogens such '
E            'as N.parisii in the early larval stages of development (PubMed:34994689). '
E            'Involved in ensuring the proper orientation and location of the spore '
E            'proteins of N.parisii during intestinal cell invasion (PubMed:34994689) '
E            'Plays a role in promoting resistance to bacterial pathogens such as '
E            'P.aeruginosa by inhibiting bacterial intestinal colonization',
E       -    'G protein-coupled receptor which binds to the neurotransmitter dopamine '
E       ?      ^       ^
E       
E       +    'G-protein coupled receptor which binds to the neurotransmitter dopamine '
E       ?      ^       ^
E       
E       -    'with high affinity leading to the activation of an associated G protein '
E       ?                                                                    ^
E       
E       +    'with high affinity leading to the activation of an associated G-protein '
E       ?                                                                    ^
E       
E            'and downstream signaling pathways (PubMed:15378064, PubMed:16001968). '
E       -    'Couples to G proteins to inhibit adenylate cyclase (AC) activity and cAMP '
E       ?                 ^
E       
E       +    'Couples to G-proteins to inhibit adenylate cyclase (AC) activity and cAMP '
E       ?                 ^
E       
E            'production (PubMed:15378064, PubMed:16001968). Antagonizes the D1-like '
E            'dopamine receptor dop-1 to negatively regulate the rate of locomotion '
E            '(PubMed:15378064). Negatively regulates locomotion through the activation '
E            'of goa-1 subunit proteins which inactivates the unc-77/nca-1 and nca-2 '
E            'ion-channels in the command interneurons (PubMed:28968387). Inhibits '
E            'early-stage swimming by modulating the unc-77/nca-1 and nca-2 ion channels '
E            'of premotor interneurons (PubMed:33796839). In GABAergic, RIC, and SIA '
E            'neurons, antagonizes the function of dop-1 to play a role in behavioral '
E            'plasticity and regulate the decision-making process when conflicting '
E            'alternatives are present (PubMed:25536037). Antagonizes octopamine '
E            'signaling in response to food by promoting the dopamine-mediated '
E            'suppression of crh-1/CREB1 transcription factor activation in cholinergic '
E            'SIA neurons (PubMed:19609300). This is most likely in association with the '
E       -    'G(o)-alpha G protein subunit goa-1 (PubMed:19609300). Promotes male mating '
E       ?                 ^
E       
E       +    'G(o)-alpha G-protein subunit goa-1 (PubMed:19609300). Promotes male mating '
E       ?                 ^
E       
E            'behavior by antagonizing acetylcholine signaling to control the protrusion '
E            'of copulatory spicules from the tail of males during hermaphrodite vulval '
E            'location (PubMed:23166505). Under mitochondria stress, plays a role in '
E            'bacterial preference, resulting in learned avoidance behavior '
E            '(PubMed:35074444)'],
E           ['Secreted', 'Cell membrane'],
E           'Transcript',
E           'protein_coding',
E           'X',
E           -1,
E           6559466,
E           6562428,
E           ['T14E8.4.1.e1',
E            'T14E8.4.1.e2',
E            'T14E8.4.1.e3',
E            'T14E8.4.1.e4',
E            'T14E8.4.1.e5',
E            'T14E8.4.1.e6',
E            'T14E8.4.1.e7',
E            'T14E8.4.1.e8',
E            'T14E8.4.1.e9'],
E           [6562330,
E            6562225,
E            6562110,
E            6561817,
E            6561252,
E            6560727,
E            6560492,
E            6560197,
E            6559466],
E           [6562428,
E            6562286,
E            6562183,
E            6562059,
E            6561378,
E            6561206,
E            6560671,
E            6560443,
E            6559667],
E           ['T14E8.4.1.e1',
E            'T14E8.4.1.e2',
E            'T14E8.4.1.e3',
E            'T14E8.4.1.e4',
E            'T14E8.4.1.e5',
E            'T14E8.4.1.e6',
E            'T14E8.4.1.e7',
E            'T14E8.4.1.e8',
E            'T14E8.4.1.e9'],
E           [6562330,
E            6562225,
E            6562110,
E            6561817,
E            6561252,
E            6560727,
E            6560492,
E            6560197,
E            6559466],
E           [6562428,
E            6562286,
E            6562183,
E            6562059,
E            6561378,
E            6561206,
E            6560671,
E            6560443,
E            6559667]]]

tests/from_json.py:78: AssertionError
=============================== warnings summary ===============================
tests/test_cbio.py::TestCbioSearch::test_cbio_search
tests/test_cbio.py::TestCbioSearch::test_cbio_search
  /opt/hostedtoolcache/Python/3.12.14/x64/lib/python3.12/site-packages/swagger_spec_validator/validator12.py:18: DeprecationWarning: jsonschema.RefResolver is deprecated as of v4.18.0, in favor of the https://github.com/python-jsonschema/referencing library, which provides more compliant referencing behavior as well as more flexible APIs for customization. A future release will remove RefResolver. Please file a feature request (on referencing) if you are missing an API for the kind of customization you need.
    from jsonschema import RefResolver

tests/test_cbio.py::TestCbioSearch::test_cbio_search
  /opt/hostedtoolcache/Python/3.12.14/x64/lib/python3.12/site-packages/swagger_spec_validator/ref_validators.py:14: DeprecationWarning: jsonschema.RefResolver is deprecated as of v4.18.0, in favor of the https://github.com/python-jsonschema/referencing library, which provides more compliant referencing behavior as well as more flexible APIs for customization. A future release will remove RefResolver. Please file a feature request (on referencing) if you are missing an API for the kind of customization you need.
    from jsonschema.validators import RefResolver

tests/test_cbio.py::TestCbioSearch::test_cbio_search
  /opt/hostedtoolcache/Python/3.12.14/x64/lib/python3.12/site-packages/swagger_spec_validator/validator20.py:18: DeprecationWarning: jsonschema.RefResolver is deprecated as of v4.18.0, in favor of the https://github.com/python-jsonschema/referencing library, which provides more compliant referencing behavior as well as more flexible APIs for customization. A future release will remove RefResolver. Please file a feature request (on referencing) if you are missing an API for the kind of customization you need.
    from jsonschema.validators import RefResolver

tests/test_cbio.py::TestCbioSearch::test_cbio_search
tests/test_cbio.py::TestCbioSearch::test_cbio_search
  /opt/hostedtoolcache/Python/3.12.14/x64/lib/python3.12/site-packages/bravado_core/swagger20_validator.py:6: DeprecationWarning: jsonschema.RefResolver is deprecated as of v4.18.0, in favor of the https://github.com/python-jsonschema/referencing library, which provides more compliant referencing behavior as well as more flexible APIs for customization. A future release will remove RefResolver. Please file a feature request (on referencing) if you are missing an API for the kind of customization you need.
    from jsonschema import RefResolver

tests/test_cbio.py::TestCbioSearch::test_cbio_search
  /opt/hostedtoolcache/Python/3.12.14/x64/lib/python3.12/site-packages/bravado_core/spec.py:14: DeprecationWarning: jsonschema.RefResolver is deprecated as of v4.18.0, in favor of the https://github.com/python-jsonschema/referencing library, which provides more compliant referencing behavior as well as more flexible APIs for customization. A future release will remove RefResolver. Please file a feature request (on referencing) if you are missing an API for the kind of customization you need.
    from jsonschema.validators import RefResolver

tests/test_cbio.py: 16 warnings
  /opt/hostedtoolcache/Python/3.12.14/x64/lib/python3.12/site-packages/bravado_core/model.py:888: DeprecationWarning: jsonschema.RefResolver.in_scope is deprecated and will be removed in a future release.
    with spec.resolver.in_scope(additional_uri):

tests/test_cellxgene.py::TestCellxgene::test_cellxgene_adata
  /home/runner/work/gget/gget/gget/gget_cellxgene.py:222: FutureWarning: The argument `column_names` is deprecated and will be removed in a future release. Please use `obs_column_names` and `var_column_names` instead.
    adata = cellxgene_census.get_anndata(

tests/test_cellxgene.py::TestCellxgene::test_cellxgene_adata
tests/test_cellxgene.py::TestCellxgene::test_cellxgene_adata
  /opt/hostedtoolcache/Python/3.12.14/x64/lib/python3.12/functools.py:912: ImplicitModificationWarning: Transforming to str index.
    return dispatch(args[0].__class__)(*args, **kw)

tests/test_cosmic.py::TestCosmicWorkflow::test_cosmic_defaults
  /home/runner/work/gget/gget/gget/gget_cosmic.py:183: DeprecationWarning: Python 3.14 will, by default, filter extracted tar archives and reject files or modify their metadata. Use the filter argument to control this behavior.
    tar.extractall(path=tar_folder_path)

-- Docs: https://docs.pytest.org/en/stable/how-to/capture-warnings.html
============================= slowest 10 durations =============================
14425.24s call     tests/test_blast.py::TestBlast::test_blast_nt
61.82s call     tests/test_enrichr.py::TestEnrichr::test_enrichr_background_ensembl
38.61s call     tests/test_cellxgene.py::TestCellxgene::test_cellxgene_adata
23.54s call     tests/test_info.py::TestInfo::test_info_WB_transcript
13.85s setup    tests/test_cosmic.py::TestCosmicWorkflow::test_cosmic_defaults
13.28s call     tests/test_enrichr.py::TestEnrichr::test_enrichr_ensembl_ids
9.30s call     tests/test_elm.py::TestELM::test_elm_uniprot_id_new
4.63s call     tests/test_archs4.py::TestArchs4::test_archs4_mouse_json_ensembl
4.05s call     tests/test_cbio.py::TestCbio::test_cbio_download
3.43s call     tests/test_cbio.py::TestCbio::test_cbio_download_partially_existing_files
=========================== short test summary info ============================
ERROR tests/test_cosmic.py::TestCosmicWorkflow::test_cosmic_defaults - FileNotFoundError: Expected COSMIC files were not found after download.
FAILED tests/test_blast.py::TestBlast::test_blast_nt - http.client.RemoteDisconnected: Remote end closed connection without response
FAILED tests/test_cellxgene.py::TestCellxgene::test_cellxgene_adata - AssertionError: {'n_o[179 chars]ature_id', 'feature_name', 'feature_length'], 'layers': [None]} != {'n_o[179 chars]ature_id', 'feature_name', 'feature_length']}
- {'layers': [None],
-  'n_obs': 3679,
? ^

+ {'n_obs': 3679,
? ^

   'n_vars': 3,
   'obs': ['dataset_id',
           'assay',
           'suspension_type',
           'sex',
           'tissue_general',
           'tissue',
           'cell_type',
           'disease',
           'is_primary_data'],
   'var': ['soma_joinid', 'feature_id', 'feature_name', 'feature_length']}
FAILED tests/test_enrichr.py::TestEnrichr::test_enrichr_background_ensembl - RuntimeError: http://rest.ensembl.org/ returned error status code 503. Please double-check arguments and try again.
FAILED tests/test_info.py::TestInfo::test_info_WB_transcript - AssertionError: Lists differ: [['T1[86 chars]3'], [], 'WBGene00043981', ['Protein aaim-1', [2746 chars]67]]] != [['T1[86 chars]3'], 'aaim-1-201', [], 'WBGene00043981', ['Pro[2760 chars]67]]]

First differing element 0:
['T14[85 chars]3'], [], 'WBGene00043981', ['Protein aaim-1', [2745 chars]667]]
['T14[85 chars]3'], 'aaim-1-201', [], 'WBGene00043981', ['Pro[2759 chars]667]]

  [['T14E8.4.1',
    ['Q5WRS0', 'Q6RYS9'],
    'caenorhabditis_elegans',
    'WBcel235',
    ['aaim-1', 'dop-3'],
+   'aaim-1-201',
    [],
    'WBGene00043981',
    ['Protein aaim-1', 'Dopamine receptor 3'],
    ['(Microbial infection) Promotes infection by microsporidian pathogens such '
     'as N.parisii in the early larval stages of development (PubMed:34994689). '
     'Involved in ensuring the proper orientation and location of the spore '
     'proteins of N.parisii during intestinal cell invasion (PubMed:34994689) '
     'Plays a role in promoting resistance to bacterial pathogens such as '
     'P.aeruginosa by inhibiting bacterial intestinal colonization',
-    'G protein-coupled receptor which binds to the neurotransmitter dopamine '
?      ^       ^

+    'G-protein coupled receptor which binds to the neurotransmitter dopamine '
?      ^       ^

-    'with high affinity leading to the activation of an associated G protein '
?                                                                    ^

+    'with high affinity leading to the activation of an associated G-protein '
?                                                                    ^

     'and downstream signaling pathways (PubMed:15378064, PubMed:16001968). '
-    'Couples to G proteins to inhibit adenylate cyclase (AC) activity and cAMP '
?                 ^

+    'Couples to G-proteins to inhibit adenylate cyclase (AC) activity and cAMP '
?                 ^

     'production (PubMed:15378064, PubMed:16001968). Antagonizes the D1-like '
     'dopamine receptor dop-1 to negatively regulate the rate of locomotion '
     '(PubMed:15378064). Negatively regulates locomotion through the activation '
     'of goa-1 subunit proteins which inactivates the unc-77/nca-1 and nca-2 '
     'ion-channels in the command interneurons (PubMed:28968387). Inhibits '
     'early-stage swimming by modulating the unc-77/nca-1 and nca-2 ion channels '
     'of premotor interneurons (PubMed:33796839). In GABAergic, RIC, and SIA '
     'neurons, antagonizes the function of dop-1 to play a role in behavioral '
     'plasticity and regulate the decision-making process when conflicting '
     'alternatives are present (PubMed:25536037). Antagonizes octopamine '
     'signaling in response to food by promoting the dopamine-mediated '
     'suppression of crh-1/CREB1 transcription factor activation in cholinergic '
     'SIA neurons (PubMed:19609300). This is most likely in association with the '
-    'G(o)-alpha G protein subunit goa-1 (PubMed:19609300). Promotes male mating '
?                 ^

+    'G(o)-alpha G-protein subunit goa-1 (PubMed:19609300). Promotes male mating '
?                 ^

     'behavior by antagonizing acetylcholine signaling to control the protrusion '
     'of copulatory spicules from the tail of males during hermaphrodite vulval '
     'location (PubMed:23166505). Under mitochondria stress, plays a role in '
     'bacterial preference, resulting in learned avoidance behavior '
     '(PubMed:35074444)'],
    ['Secreted', 'Cell membrane'],
    'Transcript',
    'protein_coding',
    'X',
    -1,
    6559466,
    6562428,
    ['T14E8.4.1.e1',
     'T14E8.4.1.e2',
     'T14E8.4.1.e3',
     'T14E8.4.1.e4',
     'T14E8.4.1.e5',
     'T14E8.4.1.e6',
     'T14E8.4.1.e7',
     'T14E8.4.1.e8',
     'T14E8.4.1.e9'],
    [6562330,
     6562225,
     6562110,
     6561817,
     6561252,
     6560727,
     6560492,
     6560197,
     6559466],
    [6562428,
     6562286,
     6562183,
     6562059,
     6561378,
     6561206,
     6560671,
     6560443,
     6559667],
    ['T14E8.4.1.e1',
     'T14E8.4.1.e2',
     'T14E8.4.1.e3',
     'T14E8.4.1.e4',
     'T14E8.4.1.e5',
     'T14E8.4.1.e6',
     'T14E8.4.1.e7',
     'T14E8.4.1.e8',
     'T14E8.4.1.e9'],
    [6562330,
     6562225,
     6562110,
     6561817,
     6561252,
     6560727,
     6560492,
     6560197,
     6559466],
    [6562428,
     6562286,
     6562183,
     6562059,
     6561378,
     6561206,
     6560671,
     6560443,
     6559667]]]
!!!!!!!!!!!!!!!!!!!!!!!!!! stopping after 5 failures !!!!!!!!!!!!!!!!!!!!!!!!!!!
======= 4 failed, 80 passed, 27 warnings, 1 error in 14647.54s (4:04:07) =======
