Pytest results (Python 3.12) - 2026-04-02T16:18:35Z

============================= test session starts ==============================
platform linux -- Python 3.12.13, pytest-9.0.2, pluggy-1.6.0 -- /opt/hostedtoolcache/Python/3.12.13/x64/bin/python
cachedir: .pytest_cache
rootdir: /home/runner/work/gget/gget
configfile: pyproject.toml
plugins: fast-array-utils-1.4, cov-7.1.0, zarr-3.1.6
collecting ... collected 250 items

tests/test_8cube.py::TestSpecificity::test_specificity_basic PASSED      [  0%]
tests/test_8cube.py::TestPsiBlock::test_psi_block_basic PASSED           [  0%]
tests/test_8cube.py::TestGeneExpression::test_gene_expression_basic PASSED [  1%]
tests/test_archs4.py::TestArchs4::test_archs4_bad_ensembl PASSED         [  1%]
tests/test_archs4.py::TestArchs4::test_archs4_bad_gene PASSED            [  2%]
tests/test_archs4.py::TestArchs4::test_archs4_bad_gene_tissue PASSED     [  2%]
tests/test_archs4.py::TestArchs4::test_archs4_bad_species PASSED         [  2%]
tests/test_archs4.py::TestArchs4::test_archs4_bad_which PASSED           [  3%]
tests/test_archs4.py::TestArchs4::test_archs4_defaults PASSED            [  3%]
tests/test_archs4.py::TestArchs4::test_archs4_mouse_json_ensembl PASSED  [  4%]
tests/test_archs4.py::TestArchs4::test_archs4_tissue PASSED              [  4%]
tests/test_archs4.py::TestArchs4::test_archs4_tissue_ensembl PASSED      [  4%]
tests/test_archs4.py::TestArchs4::test_archs4_tissue_json PASSED         [  5%]
tests/test_archs4.py::TestArchs4::test_archs4_tissue_mouse PASSED        [  5%]
tests/test_bgee.py::TestBgee::test_bgee_expression PASSED                [  6%]
tests/test_bgee.py::TestBgee::test_bgee_expression_multiple PASSED       [  6%]
tests/test_bgee.py::TestBgee::test_bgee_orthologs PASSED                 [  6%]
tests/test_bgee.py::TestBgee::test_error_bgee_expression_no_exist PASSED [  7%]
tests/test_bgee.py::TestBgee::test_error_bgee_orthologs_no_exist PASSED  [  7%]
tests/test_bgee.py::TestBgee::test_error_bgee_unknown_type PASSED        [  8%]
tests/test_blast.py::TestBlast::test_blast_bad_db1 PASSED                [  8%]
tests/test_blast.py::TestBlast::test_blast_bad_db2 PASSED                [  8%]
tests/test_blast.py::TestBlast::test_blast_bad_fasta PASSED              [  9%]
tests/test_blast.py::TestBlast::test_blast_bad_program PASSED            [  9%]
tests/test_blast.py::TestBlast::test_blast_bad_seq PASSED                [ 10%]
tests/test_blast.py::TestBlast::test_blast_db_missing PASSED             [ 10%]
tests/test_blast.py::TestBlast::test_blast_nt PASSED                     [ 10%]
tests/test_blat.py::TestBlat::test_blat_aa PASSED                        [ 11%]
tests/test_blat.py::TestBlat::test_blat_aa_RNA PASSED                    [ 11%]
tests/test_blat.py::TestBlat::test_blat_aa_protein PASSED                [ 12%]
tests/test_blat.py::TestBlat::test_blat_bad_assembly PASSED              [ 12%]
tests/test_blat.py::TestBlat::test_blat_bad_fasta PASSED                 [ 12%]
tests/test_blat.py::TestBlat::test_blat_bad_fileformat PASSED            [ 13%]
tests/test_blat.py::TestBlat::test_blat_bad_seqtype PASSED               [ 13%]
tests/test_blat.py::TestBlat::test_blat_bad_txt PASSED                   [ 14%]
tests/test_blat.py::TestBlat::test_blat_nt PASSED                        [ 14%]
tests/test_blat.py::TestBlat::test_blat_nt_DNA PASSED                    [ 14%]
tests/test_blat.py::TestBlat::test_blat_nt_RNA PASSED                    [ 15%]
tests/test_blat.py::TestBlat::test_blat_nt_fasta PASSED                  [ 15%]
tests/test_blat.py::TestBlat::test_blat_nt_json PASSED                   [ 16%]
tests/test_blat.py::TestBlat::test_blat_nt_protein PASSED                [ 16%]
tests/test_blat.py::TestBlat::test_blat_nt_transDNA PASSED               [ 16%]
tests/test_blat.py::TestBlat::test_blat_nt_txt PASSED                    [ 17%]
tests/test_blat.py::TestBlat::test_blat_shortseq PASSED                  [ 17%]
tests/test_cbio.py::TestCbioSearch::test_cbio_search PASSED              [ 18%]
tests/test_cbio.py::TestCbio::test_cbio_download PASSED                  [ 18%]
tests/test_cbio.py::TestCbio::test_cbio_download_partially_existing_files PASSED [ 18%]
tests/test_cbio.py::TestCbio::test_error_cbio_download PASSED            [ 19%]
tests/test_cellxgene.py::TestCellxgene::test_cellxgene_adata PASSED      [ 19%]
tests/test_cellxgene.py::TestCellxgene::test_cellxgene_metadata PASSED   [ 20%]
tests/test_compile.py::TestCompilerWindows::test_compiler_windows PASSED [ 20%]
tests/test_cosmic.py::TestCosmicWorkflow::test_cosmic_defaults PASSED    [ 20%]
tests/test_diamond.py::TestDiamond::test_diamond_JSON_out PASSED         [ 21%]
tests/test_diamond.py::TestDiamond::test_diamond_both_files PASSED       [ 21%]
tests/test_diamond.py::TestDiamond::test_diamond_query_file PASSED       [ 22%]
tests/test_diamond.py::TestDiamond::test_diamond_ref_file PASSED         [ 22%]
tests/test_diamond.py::TestDiamond::test_diamond_seqs_multiple PASSED    [ 22%]
tests/test_diamond.py::TestDiamond::test_diamond_seqs_single PASSED      [ 23%]
tests/test_elm.py::TestELM::test_elm_uniprot_aminoacidseq FAILED         [ 23%]
tests/test_elm.py::TestELM::test_elm_uniprot_id_in_elm FAILED            [ 24%]
tests/test_elm.py::TestELM::test_elm_uniprot_id_new FAILED               [ 24%]
tests/test_enrichr.py::TestEnrichr::test_enrichr_background PASSED       [ 24%]
tests/test_enrichr.py::TestEnrichr::test_enrichr_background_ensembl PASSED [ 25%]
tests/test_enrichr.py::TestEnrichr::test_enrichr_bad_background PASSED   [ 25%]
tests/test_enrichr.py::TestEnrichr::test_enrichr_bad_background_list PASSED [ 26%]
tests/test_enrichr.py::TestEnrichr::test_enrichr_bad_database_shortcut PASSED [ 26%]
tests/test_enrichr.py::TestEnrichr::test_enrichr_bad_gene PASSED         [ 26%]
tests/test_enrichr.py::TestEnrichr::test_enrichr_bad_species PASSED      [ 27%]
tests/test_enrichr.py::TestEnrichr::test_enrichr_celltypes PASSED        [ 27%]
tests/test_enrichr.py::TestEnrichr::test_enrichr_diseases_drugs PASSED   [ 28%]
tests/test_enrichr.py::TestEnrichr::test_enrichr_ensembl_ids PASSED      [ 28%]
tests/test_enrichr.py::TestEnrichr::test_enrichr_fish PASSED             [ 28%]
tests/test_enrichr.py::TestEnrichr::test_enrichr_fly PASSED              [ 29%]
tests/test_enrichr.py::TestEnrichr::test_enrichr_json PASSED             [ 29%]
tests/test_enrichr.py::TestEnrichr::test_enrichr_kinase_interactions PASSED [ 30%]
tests/test_enrichr.py::TestEnrichr::test_enrichr_mouse_is_human PASSED   [ 30%]
tests/test_enrichr.py::TestEnrichr::test_enrichr_none PASSED             [ 30%]
tests/test_enrichr.py::TestEnrichr::test_enrichr_ontology PASSED         [ 31%]
tests/test_enrichr.py::TestEnrichr::test_enrichr_pathway PASSED          [ 31%]
tests/test_enrichr.py::TestEnrichr::test_enrichr_plot PASSED             [ 32%]
tests/test_enrichr.py::TestEnrichr::test_enrichr_transcription PASSED    [ 32%]
tests/test_enrichr.py::TestEnrichr::test_enrichr_worm PASSED             [ 32%]
tests/test_enrichr.py::TestEnrichr::test_enrichr_yeast PASSED            [ 33%]
tests/test_gpt.py::TestGpt::test_gpt PASSED                              [ 33%]
tests/test_info.py::TestInfo::test_info_WB_transcript PASSED             [ 34%]
tests/test_info.py::TestInfo::test_info_exon PASSED                      [ 34%]
tests/test_info.py::TestInfo::test_info_gene PASSED                      [ 34%]
tests/test_info.py::TestInfo::test_info_gene_list_non_model PASSED       [ 35%]
tests/test_info.py::TestInfo::test_info_mix PASSED                       [ 35%]
tests/test_info.py::TestInfo::test_info_ncbifalse_uniprotfalse PASSED    [ 36%]
tests/test_info.py::TestInfo::test_info_ncbifalse_uniprottrue PASSED     [ 36%]
tests/test_info.py::TestInfo::test_info_ncbitrue_uniprotfalse PASSED     [ 36%]
tests/test_info.py::TestInfo::test_info_transcript PASSED                [ 37%]
tests/test_muscle.py::TestMuscle::test_muscle_nt PASSED                  [ 37%]
tests/test_muscle.py::TestMuscle::test_muscle_nt_txt PASSED              [ 38%]
tests/test_muscle.py::TestMuscleSuper::test_muscle_nt_super5 PASSED      [ 38%]
tests/test_muscle.py::TestMuscleAA::test_muscle_aa PASSED                [ 38%]
tests/test_muscle.py::TestMuscleSeqsInput::test_muscle_seqs_as_input PASSED [ 39%]
tests/test_muscle.py::TestMuscleAASuper::test_muscle_aa_super5 PASSED    [ 39%]
tests/test_muscle.py::TestMusclePrints::test_muscle_print_nt PASSED      [ 40%]
tests/test_mutate.py::TestMutate::test_ambiguous_mutation PASSED         [ 40%]
tests/test_mutate.py::TestMutate::test_index_error PASSED                [ 40%]
tests/test_mutate.py::TestMutate::test_intron_mutation_minus PASSED      [ 41%]
tests/test_mutate.py::TestMutate::test_intron_mutation_plus PASSED       [ 41%]
tests/test_mutate.py::TestMutate::test_inversion_with_overlaps PASSED    [ 42%]
tests/test_mutate.py::TestMutate::test_large_k PASSED                    [ 42%]
tests/test_mutate.py::TestMutate::test_list_of_mutations PASSED          [ 42%]
tests/test_mutate.py::TestMutate::test_multi_deletion PASSED             [ 43%]
tests/test_mutate.py::TestMutate::test_multi_deletion_with_right_repeats PASSED [ 43%]
tests/test_mutate.py::TestMutate::test_multi_delins PASSED               [ 44%]
tests/test_mutate.py::TestMutate::test_multi_delins_with_psuedo_left_repeats PASSED [ 44%]
tests/test_mutate.py::TestMutate::test_multi_delins_with_true_left_repeats PASSED [ 44%]
tests/test_mutate.py::TestMutate::test_multi_delins_with_true_right_repeats PASSED [ 45%]
tests/test_mutate.py::TestMutate::test_multi_dup PASSED                  [ 45%]
tests/test_mutate.py::TestMutate::test_multi_insertion PASSED            [ 46%]
tests/test_mutate.py::TestMutate::test_multi_insertion_with_left_repeats PASSED [ 46%]
tests/test_mutate.py::TestMutate::test_posttranslational_mutation PASSED [ 46%]
tests/test_mutate.py::TestMutate::test_single_deletion PASSED            [ 47%]
tests/test_mutate.py::TestMutate::test_single_deletion_with_left_repeats PASSED [ 47%]
tests/test_mutate.py::TestMutate::test_single_deletion_with_right_repeats PASSED [ 48%]
tests/test_mutate.py::TestMutate::test_single_delins PASSED              [ 48%]
tests/test_mutate.py::TestMutate::test_single_dup PASSED                 [ 48%]
tests/test_mutate.py::TestMutate::test_single_insertion PASSED           [ 49%]
tests/test_mutate.py::TestMutate::test_single_substitution PASSED        [ 49%]
tests/test_mutate.py::TestMutate::test_single_substitution_near_left_end PASSED [ 50%]
tests/test_mutate.py::TestMutate::test_single_substitution_near_right_end PASSED [ 50%]
tests/test_mutate.py::TestMutate::test_uncertain_mutation PASSED         [ 50%]
tests/test_mutate.py::test_csv_of_mutations PASSED                       [ 51%]
tests/test_mutate.py::test_mismatch_error PASSED                         [ 51%]
tests/test_opentargets.py::TestOpenTargets::test_error_opentargets_bad_limit PASSED [ 52%]
tests/test_opentargets.py::TestOpenTargets::test_error_opentargets_bad_resource PASSED [ 52%]
tests/test_opentargets.py::TestOpenTargets::test_error_opentargets_diseases_filter PASSED [ 52%]
tests/test_opentargets.py::TestOpenTargets::test_error_opentargets_drugs_invalid_filter PASSED [ 53%]
tests/test_opentargets.py::TestOpenTargets::test_error_opentargets_nonexistent_id PASSED [ 53%]
tests/test_opentargets.py::TestOpenTargets::test_error_opentargets_tractability_limit PASSED [ 54%]
tests/test_opentargets.py::TestOpenTargets::test_opentargets FAILED      [ 54%]
tests/test_opentargets.py::TestOpenTargets::test_opentargets_depmap FAILED [ 54%]

=================================== FAILURES ===================================
____________________ TestELM.test_elm_uniprot_aminoacidseq _____________________

self = <tests.test_elm.TestELM testMethod=test_elm_uniprot_aminoacidseq>

    def test_elm_uniprot_aminoacidseq(self):
        test = "test3"
        expected_result = elm_dict[test]["expected_result"]
    
>       result1, result2 = elm(**elm_dict[test]["args"])
                           ^^^^^^^^^^^^^^^^^^^^^^^^^^^^^

tests/test_elm.py:42: 
_ _ _ _ _ _ _ _ _ _ _ _ _ _ _ _ _ _ _ _ _ _ _ _ _ _ _ _ _ _ _ _ _ _ _ _ _ _ _ _ 

sequence = 'GGETISAWESQMEELVISISALIVELQVEFRANKLINPACHTERLABRQCKSFKIEPPGLFRGRG'
uniprot = False, sensitivity = 'very-sensitive', threads = 1
diamond_binary = None, expand = False, verbose = True, json = False, out = None

    def elm(
        sequence,
        uniprot=False,
        sensitivity="very-sensitive",
        threads=1,
        diamond_binary=None,
        expand=False,
        verbose=True,
        json=False,
        out=None,
    ):
        """
        Locally predicts Eukaryotic Linear Motifs from an amino acid sequence or UniProt Acc using
        data from the ELM database (http://elm.eu.org/).
    
        Args:
        - sequence         Amino acid sequence or Uniprot Acc (str).
                           If Uniprot Acc, set 'uniprot==True'.
        - uniprot          Set to True if the input is a Uniprot Acc instead of an amino acid sequence. Default: False.
        - sensitivity      Sensitivity of DIAMOND alignment.
                           One of the following: fast, mid-sensitive, sensitive, more-sensitive, very-sensitive, or ultra-sensitive.
                           Default: "very-sensitive"
        - threads          Number of threads used in DIAMOND alignment. Default: 1.
        - diamond_binary   Path to DIAMOND binary. Default: None -> Uses DIAMOND binary installed with gget.
        - expand           Expand the information returned in the regex data frame to include the protein names, organisms
                           and references that the motif was orignally validated on. Default: False.
        - verbose          True/False whether to print progress information. Default: True.
        - json             If True, returns results in json format instead of data frame. Default: False.
        - out              Path to folder to save results in. Default: Standard out, temporary files are deleted.
    
        Returns two data frames (or JSON formatted dictionaries if json=True):
        The first contains information on motifs experimentally validated in orthologous proteins and
        the second contains motifs found directly based on regex matches in the provided sequence.
    
        ELM data can be downloaded & distributed for non-commercial use according to the ELM Software License Agreement (http://elm.eu.org/media/Elm_academic_license.pdf).
        """
        # Check if ELM files were downloaded
        if (
            not os.path.exists(ELM_INSTANCES_FASTA)
            or not os.path.exists(ELM_CLASSES_TSV)
            or not os.path.exists(ELM_INSTANCES_TSV)
            or not os.path.exists(ELM_INTDOMAINS_TSV)
        ):
>           raise FileNotFoundError(
                f"Some or all ELM database files are missing. Please run 'gget setup elm' (Python: gget.setup('elm')) once to download the necessary files."
            )
E           FileNotFoundError: Some or all ELM database files are missing. Please run 'gget setup elm' (Python: gget.setup('elm')) once to download the necessary files.

gget/gget_elm.py:278: FileNotFoundError
______________________ TestELM.test_elm_uniprot_id_in_elm ______________________

self = <tests.test_elm.TestELM testMethod=test_elm_uniprot_id_in_elm>

    def test_elm_uniprot_id_in_elm(self):
        test = "test1"
        expected_result = elm_dict[test]["expected_result"]
    
>       result1, result2 = elm(**elm_dict[test]["args"])
                           ^^^^^^^^^^^^^^^^^^^^^^^^^^^^^

tests/test_elm.py:18: 
_ _ _ _ _ _ _ _ _ _ _ _ _ _ _ _ _ _ _ _ _ _ _ _ _ _ _ _ _ _ _ _ _ _ _ _ _ _ _ _ 

sequence = 'P11387', uniprot = True, sensitivity = 'very-sensitive', threads = 1
diamond_binary = None, expand = True, verbose = True, json = False, out = None

    def elm(
        sequence,
        uniprot=False,
        sensitivity="very-sensitive",
        threads=1,
        diamond_binary=None,
        expand=False,
        verbose=True,
        json=False,
        out=None,
    ):
        """
        Locally predicts Eukaryotic Linear Motifs from an amino acid sequence or UniProt Acc using
        data from the ELM database (http://elm.eu.org/).
    
        Args:
        - sequence         Amino acid sequence or Uniprot Acc (str).
                           If Uniprot Acc, set 'uniprot==True'.
        - uniprot          Set to True if the input is a Uniprot Acc instead of an amino acid sequence. Default: False.
        - sensitivity      Sensitivity of DIAMOND alignment.
                           One of the following: fast, mid-sensitive, sensitive, more-sensitive, very-sensitive, or ultra-sensitive.
                           Default: "very-sensitive"
        - threads          Number of threads used in DIAMOND alignment. Default: 1.
        - diamond_binary   Path to DIAMOND binary. Default: None -> Uses DIAMOND binary installed with gget.
        - expand           Expand the information returned in the regex data frame to include the protein names, organisms
                           and references that the motif was orignally validated on. Default: False.
        - verbose          True/False whether to print progress information. Default: True.
        - json             If True, returns results in json format instead of data frame. Default: False.
        - out              Path to folder to save results in. Default: Standard out, temporary files are deleted.
    
        Returns two data frames (or JSON formatted dictionaries if json=True):
        The first contains information on motifs experimentally validated in orthologous proteins and
        the second contains motifs found directly based on regex matches in the provided sequence.
    
        ELM data can be downloaded & distributed for non-commercial use according to the ELM Software License Agreement (http://elm.eu.org/media/Elm_academic_license.pdf).
        """
        # Check if ELM files were downloaded
        if (
            not os.path.exists(ELM_INSTANCES_FASTA)
            or not os.path.exists(ELM_CLASSES_TSV)
            or not os.path.exists(ELM_INSTANCES_TSV)
            or not os.path.exists(ELM_INTDOMAINS_TSV)
        ):
>           raise FileNotFoundError(
                f"Some or all ELM database files are missing. Please run 'gget setup elm' (Python: gget.setup('elm')) once to download the necessary files."
            )
E           FileNotFoundError: Some or all ELM database files are missing. Please run 'gget setup elm' (Python: gget.setup('elm')) once to download the necessary files.

gget/gget_elm.py:278: FileNotFoundError
_______________________ TestELM.test_elm_uniprot_id_new ________________________

self = <tests.test_elm.TestELM testMethod=test_elm_uniprot_id_new>

    def test_elm_uniprot_id_new(self):
        test = "test2"
        expected_result = elm_dict[test]["expected_result"]
    
>       result1, result2 = elm(**elm_dict[test]["args"])
                           ^^^^^^^^^^^^^^^^^^^^^^^^^^^^^

tests/test_elm.py:30: 
_ _ _ _ _ _ _ _ _ _ _ _ _ _ _ _ _ _ _ _ _ _ _ _ _ _ _ _ _ _ _ _ _ _ _ _ _ _ _ _ 

sequence = 'O35923', uniprot = True, sensitivity = 'very-sensitive', threads = 1
diamond_binary = None, expand = True, verbose = True, json = False, out = None

    def elm(
        sequence,
        uniprot=False,
        sensitivity="very-sensitive",
        threads=1,
        diamond_binary=None,
        expand=False,
        verbose=True,
        json=False,
        out=None,
    ):
        """
        Locally predicts Eukaryotic Linear Motifs from an amino acid sequence or UniProt Acc using
        data from the ELM database (http://elm.eu.org/).
    
        Args:
        - sequence         Amino acid sequence or Uniprot Acc (str).
                           If Uniprot Acc, set 'uniprot==True'.
        - uniprot          Set to True if the input is a Uniprot Acc instead of an amino acid sequence. Default: False.
        - sensitivity      Sensitivity of DIAMOND alignment.
                           One of the following: fast, mid-sensitive, sensitive, more-sensitive, very-sensitive, or ultra-sensitive.
                           Default: "very-sensitive"
        - threads          Number of threads used in DIAMOND alignment. Default: 1.
        - diamond_binary   Path to DIAMOND binary. Default: None -> Uses DIAMOND binary installed with gget.
        - expand           Expand the information returned in the regex data frame to include the protein names, organisms
                           and references that the motif was orignally validated on. Default: False.
        - verbose          True/False whether to print progress information. Default: True.
        - json             If True, returns results in json format instead of data frame. Default: False.
        - out              Path to folder to save results in. Default: Standard out, temporary files are deleted.
    
        Returns two data frames (or JSON formatted dictionaries if json=True):
        The first contains information on motifs experimentally validated in orthologous proteins and
        the second contains motifs found directly based on regex matches in the provided sequence.
    
        ELM data can be downloaded & distributed for non-commercial use according to the ELM Software License Agreement (http://elm.eu.org/media/Elm_academic_license.pdf).
        """
        # Check if ELM files were downloaded
        if (
            not os.path.exists(ELM_INSTANCES_FASTA)
            or not os.path.exists(ELM_CLASSES_TSV)
            or not os.path.exists(ELM_INSTANCES_TSV)
            or not os.path.exists(ELM_INTDOMAINS_TSV)
        ):
>           raise FileNotFoundError(
                f"Some or all ELM database files are missing. Please run 'gget setup elm' (Python: gget.setup('elm')) once to download the necessary files."
            )
E           FileNotFoundError: Some or all ELM database files are missing. Please run 'gget setup elm' (Python: gget.setup('elm')) once to download the necessary files.

gget/gget_elm.py:278: FileNotFoundError
_______________________ TestOpenTargets.test_opentargets _______________________

self = <tests.test_opentargets.TestOpenTargets testMethod=test_opentargets>

    def assert_equal(self: unittest.TestCase):
        test = name
        expected_result = td[test]["expected_result"]
        result_to_test = do_call(func, td[test]["args"])
        if test == "test_cosmic_defaults":  # special case for cosmic
            import numpy as np
            expected_result = pd.DataFrame(expected_result[0])
            expected_result = expected_result.replace({None: np.nan})
            # result_to_test.equals(expected_result)
            pd.testing.assert_frame_equal(result_to_test, expected_result)
            return
    
        # If result is a DataFrame, convert to list
        if isinstance(result_to_test, pd.DataFrame):
            result_to_test = result_to_test.dropna(axis=1).values.tolist()
    
>       self.assertEqual(result_to_test, expected_result)
E       AssertionError: Lists differ: [['EF[171 chars]', 0.7297489019498119], ['MONDO_0004979', 'ast[535 chars]653]] != [['EF[171 chars]', 0.6908981975876463], ['MONDO_0004979', 'ast[535 chars]614]]
E       
E       First differing element 0:
E       ['EFO[129 chars] occurs during the first 2 years of life.', 0.7297489019498119]
E       ['EFO[129 chars] occurs during the first 2 years of life.', 0.6908981975876463]
E       
E         [['EFO_0000274',
E           'atopic eczema',
E           'A common chronic pruritic inflammatory skin disease with a strong genetic '
E           'component. Onset typically occurs during the first 2 years of life.',
E       -   0.7297489019498119],
E       +   0.6908981975876463],
E          ['MONDO_0004979',
E           'asthma',
E           'A bronchial disease that is characterized by chronic inflammation and '
E           'narrowing of the airways, which is caused by a combination of environmental '
E           'and genetic factors resulting in recurring periods of wheezing (a whistling '
E           'sound while breathing), chest tightness, shortness of breath, mucus '
E           'production and coughing. The symptoms appear due to a variety of triggers '
E           'such as allergens, irritants, respiratory infections, weather changes, '
E           'exercise, stress, reflux disease, medications, foods and emotional anxiety.',
E       -   0.6642728577751653]]
E       +   0.6506508395200614]]

tests/from_json.py:78: AssertionError
------------------------------ Captured log call -------------------------------
INFO     gget.utils:gget_opentargets.py:345 Retrieved 2/1367 associated diseases.
___________________ TestOpenTargets.test_opentargets_depmap ____________________

self = <tests.test_opentargets.TestOpenTargets testMethod=test_opentargets_depmap>

    def assert_equal_json_hash(self: unittest.TestCase):
        test = name
        expected_result = td[test]["expected_result"]
        result_to_test = do_call(func, td[test]["args"])
        # If result is a DataFrame, convert to list
        if isinstance(result_to_test, pd.DataFrame):
            result_to_test = result_to_test.dropna(axis=1).values.tolist()
    
        result_to_test = json.dumps(result_to_test)
        result_to_test = hashlib.md5(result_to_test.encode()).hexdigest()
    
>       self.assertEqual(result_to_test, expected_result)
E       AssertionError: '4c550571d29a7e0136e12e2fa9297655' != '4c0393626ee958f860d4c1fd0b6b77ee'
E       - 4c550571d29a7e0136e12e2fa9297655
E       + 4c0393626ee958f860d4c1fd0b6b77ee

tests/from_json.py:125: AssertionError
------------------------------ Captured log call -------------------------------
INFO     gget.utils:gget_opentargets.py:345 Retrieved 29/29 DepMap entries.
=============================== warnings summary ===============================
tests/test_blast.py::TestBlast::test_blast_nt
  /home/runner/work/gget/gget/gget/gget_blast.py:327: FutureWarning: Passing literal html to 'read_html' is deprecated and will be removed in a future version. To read from a literal string, wrap it in a 'StringIO' object.
    results_df = pd.read_html(str(dsc_table))[0]

tests/test_cbio.py::TestCbioSearch::test_cbio_search
tests/test_cbio.py::TestCbioSearch::test_cbio_search
  /opt/hostedtoolcache/Python/3.12.13/x64/lib/python3.12/site-packages/swagger_spec_validator/validator12.py:18: DeprecationWarning: jsonschema.RefResolver is deprecated as of v4.18.0, in favor of the https://github.com/python-jsonschema/referencing library, which provides more compliant referencing behavior as well as more flexible APIs for customization. A future release will remove RefResolver. Please file a feature request (on referencing) if you are missing an API for the kind of customization you need.
    from jsonschema import RefResolver

tests/test_cbio.py::TestCbioSearch::test_cbio_search
  /opt/hostedtoolcache/Python/3.12.13/x64/lib/python3.12/site-packages/swagger_spec_validator/ref_validators.py:14: DeprecationWarning: jsonschema.RefResolver is deprecated as of v4.18.0, in favor of the https://github.com/python-jsonschema/referencing library, which provides more compliant referencing behavior as well as more flexible APIs for customization. A future release will remove RefResolver. Please file a feature request (on referencing) if you are missing an API for the kind of customization you need.
    from jsonschema.validators import RefResolver

tests/test_cbio.py::TestCbioSearch::test_cbio_search
  /opt/hostedtoolcache/Python/3.12.13/x64/lib/python3.12/site-packages/swagger_spec_validator/validator20.py:18: DeprecationWarning: jsonschema.RefResolver is deprecated as of v4.18.0, in favor of the https://github.com/python-jsonschema/referencing library, which provides more compliant referencing behavior as well as more flexible APIs for customization. A future release will remove RefResolver. Please file a feature request (on referencing) if you are missing an API for the kind of customization you need.
    from jsonschema.validators import RefResolver

tests/test_cbio.py::TestCbioSearch::test_cbio_search
tests/test_cbio.py::TestCbioSearch::test_cbio_search
  /opt/hostedtoolcache/Python/3.12.13/x64/lib/python3.12/site-packages/bravado_core/swagger20_validator.py:6: DeprecationWarning: jsonschema.RefResolver is deprecated as of v4.18.0, in favor of the https://github.com/python-jsonschema/referencing library, which provides more compliant referencing behavior as well as more flexible APIs for customization. A future release will remove RefResolver. Please file a feature request (on referencing) if you are missing an API for the kind of customization you need.
    from jsonschema import RefResolver

tests/test_cbio.py::TestCbioSearch::test_cbio_search
  /opt/hostedtoolcache/Python/3.12.13/x64/lib/python3.12/site-packages/bravado_core/spec.py:14: DeprecationWarning: jsonschema.RefResolver is deprecated as of v4.18.0, in favor of the https://github.com/python-jsonschema/referencing library, which provides more compliant referencing behavior as well as more flexible APIs for customization. A future release will remove RefResolver. Please file a feature request (on referencing) if you are missing an API for the kind of customization you need.
    from jsonschema.validators import RefResolver

tests/test_cbio.py: 16 warnings
  /opt/hostedtoolcache/Python/3.12.13/x64/lib/python3.12/site-packages/bravado_core/model.py:888: DeprecationWarning: jsonschema.RefResolver.in_scope is deprecated and will be removed in a future release.
    with spec.resolver.in_scope(additional_uri):

tests/test_cellxgene.py::TestCellxgene::test_cellxgene_adata
  /home/runner/work/gget/gget/gget/gget_cellxgene.py:222: FutureWarning: The argument `column_names` is deprecated and will be removed in a future release. Please use `obs_column_names` and `var_column_names` instead.
    adata = cellxgene_census.get_anndata(

tests/test_cellxgene.py::TestCellxgene::test_cellxgene_adata
tests/test_cellxgene.py::TestCellxgene::test_cellxgene_adata
  /opt/hostedtoolcache/Python/3.12.13/x64/lib/python3.12/functools.py:912: ImplicitModificationWarning: Transforming to str index.
    return dispatch(args[0].__class__)(*args, **kw)

tests/test_cosmic.py::TestCosmicWorkflow::test_cosmic_defaults
  /home/runner/work/gget/gget/gget/gget_cosmic.py:183: DeprecationWarning: Python 3.14 will, by default, filter extracted tar archives and reject files or modify their metadata. Use the filter argument to control this behavior.
    tar.extractall(path=tar_folder_path)

tests/test_cosmic.py::TestCosmicWorkflow::test_cosmic_defaults
  /home/runner/work/gget/gget/tests/from_json.py:69: FutureWarning: Downcasting behavior in `replace` is deprecated and will be removed in a future version. To retain the old behavior, explicitly call `result.infer_objects(copy=False)`. To opt-in to the future behavior, set `pd.set_option('future.no_silent_downcasting', True)`
    expected_result = expected_result.replace({None: np.nan})

tests/test_mutate.py: 29 warnings
  /home/runner/work/gget/gget/gget/gget_mutate.py:663: UserWarning: This pattern is interpreted as a regular expression, and has match groups. To actually get the groups, use str.extract.
    mask = mutations[mut_column].str.contains(combined_pattern)

-- Docs: https://docs.pytest.org/en/stable/how-to/capture-warnings.html
============================= slowest 10 durations =============================
78.40s call     tests/test_blast.py::TestBlast::test_blast_nt
30.96s call     tests/test_cellxgene.py::TestCellxgene::test_cellxgene_adata
12.97s setup    tests/test_cosmic.py::TestCosmicWorkflow::test_cosmic_defaults
12.45s call     tests/test_enrichr.py::TestEnrichr::test_enrichr_ensembl_ids
10.05s call     tests/test_cosmic.py::TestCosmicWorkflow::test_cosmic_defaults
7.94s call     tests/test_enrichr.py::TestEnrichr::test_enrichr_background_ensembl
6.53s call     tests/test_info.py::TestInfo::test_info_gene
6.25s call     tests/test_cbio.py::TestCbio::test_cbio_download
4.37s call     tests/test_info.py::TestInfo::test_info_ncbitrue_uniprotfalse
3.88s call     tests/test_cbio.py::TestCbio::test_cbio_download_partially_existing_files
=========================== short test summary info ============================
FAILED tests/test_elm.py::TestELM::test_elm_uniprot_aminoacidseq - FileNotFoundError: Some or all ELM database files are missing. Please run 'gget setup elm' (Python: gget.setup('elm')) once to download the necessary files.
FAILED tests/test_elm.py::TestELM::test_elm_uniprot_id_in_elm - FileNotFoundError: Some or all ELM database files are missing. Please run 'gget setup elm' (Python: gget.setup('elm')) once to download the necessary files.
FAILED tests/test_elm.py::TestELM::test_elm_uniprot_id_new - FileNotFoundError: Some or all ELM database files are missing. Please run 'gget setup elm' (Python: gget.setup('elm')) once to download the necessary files.
FAILED tests/test_opentargets.py::TestOpenTargets::test_opentargets - AssertionError: Lists differ: [['EF[171 chars]', 0.7297489019498119], ['MONDO_0004979', 'ast[535 chars]653]] != [['EF[171 chars]', 0.6908981975876463], ['MONDO_0004979', 'ast[535 chars]614]]

First differing element 0:
['EFO[129 chars] occurs during the first 2 years of life.', 0.7297489019498119]
['EFO[129 chars] occurs during the first 2 years of life.', 0.6908981975876463]

  [['EFO_0000274',
    'atopic eczema',
    'A common chronic pruritic inflammatory skin disease with a strong genetic '
    'component. Onset typically occurs during the first 2 years of life.',
-   0.7297489019498119],
+   0.6908981975876463],
   ['MONDO_0004979',
    'asthma',
    'A bronchial disease that is characterized by chronic inflammation and '
    'narrowing of the airways, which is caused by a combination of environmental '
    'and genetic factors resulting in recurring periods of wheezing (a whistling '
    'sound while breathing), chest tightness, shortness of breath, mucus '
    'production and coughing. The symptoms appear due to a variety of triggers '
    'such as allergens, irritants, respiratory infections, weather changes, '
    'exercise, stress, reflux disease, medications, foods and emotional anxiety.',
-   0.6642728577751653]]
+   0.6506508395200614]]
FAILED tests/test_opentargets.py::TestOpenTargets::test_opentargets_depmap - AssertionError: '4c550571d29a7e0136e12e2fa9297655' != '4c0393626ee958f860d4c1fd0b6b77ee'
- 4c550571d29a7e0136e12e2fa9297655
+ 4c0393626ee958f860d4c1fd0b6b77ee
!!!!!!!!!!!!!!!!!!!!!!!!!! stopping after 5 failures !!!!!!!!!!!!!!!!!!!!!!!!!!!
============ 5 failed, 132 passed, 58 warnings in 371.93s (0:06:11) ============
