Pytest results (Python 3.12) - 2026-06-15T17:37:12Z

============================= test session starts ==============================
platform linux -- Python 3.12.13, pytest-9.1.0, pluggy-1.6.0 -- /opt/hostedtoolcache/Python/3.12.13/x64/bin/python
cachedir: .pytest_cache
rootdir: /home/runner/work/gget/gget
configfile: pyproject.toml
plugins: cov-7.1.0, fast-array-utils-1.4.1, zarr-3.2.1
collecting ... collected 250 items

tests/test_8cube.py::TestSpecificity::test_specificity_basic PASSED      [  0%]
tests/test_8cube.py::TestPsiBlock::test_psi_block_basic PASSED           [  0%]
tests/test_8cube.py::TestGeneExpression::test_gene_expression_basic PASSED [  1%]
tests/test_archs4.py::TestArchs4::test_archs4_bad_ensembl PASSED         [  1%]
tests/test_archs4.py::TestArchs4::test_archs4_bad_gene PASSED            [  2%]
tests/test_archs4.py::TestArchs4::test_archs4_bad_gene_tissue PASSED     [  2%]
tests/test_archs4.py::TestArchs4::test_archs4_bad_species PASSED         [  2%]
tests/test_archs4.py::TestArchs4::test_archs4_bad_which PASSED           [  3%]
tests/test_archs4.py::TestArchs4::test_archs4_defaults PASSED            [  3%]
tests/test_archs4.py::TestArchs4::test_archs4_mouse_json_ensembl PASSED  [  4%]
tests/test_archs4.py::TestArchs4::test_archs4_tissue PASSED              [  4%]
tests/test_archs4.py::TestArchs4::test_archs4_tissue_ensembl PASSED      [  4%]
tests/test_archs4.py::TestArchs4::test_archs4_tissue_json PASSED         [  5%]
tests/test_archs4.py::TestArchs4::test_archs4_tissue_mouse PASSED        [  5%]
tests/test_bgee.py::TestBgee::test_bgee_expression FAILED                [  6%]
tests/test_bgee.py::TestBgee::test_bgee_expression_multiple FAILED       [  6%]
tests/test_bgee.py::TestBgee::test_bgee_orthologs FAILED                 [  6%]
tests/test_bgee.py::TestBgee::test_error_bgee_expression_no_exist PASSED [  7%]
tests/test_bgee.py::TestBgee::test_error_bgee_orthologs_no_exist PASSED  [  7%]
tests/test_bgee.py::TestBgee::test_error_bgee_unknown_type PASSED        [  8%]
tests/test_blast.py::TestBlast::test_blast_bad_db1 PASSED                [  8%]
tests/test_blast.py::TestBlast::test_blast_bad_db2 PASSED                [  8%]
tests/test_blast.py::TestBlast::test_blast_bad_fasta PASSED              [  9%]
tests/test_blast.py::TestBlast::test_blast_bad_program PASSED            [  9%]
tests/test_blast.py::TestBlast::test_blast_bad_seq PASSED                [ 10%]
tests/test_blast.py::TestBlast::test_blast_db_missing PASSED             [ 10%]
tests/test_blast.py::TestBlast::test_blast_nt PASSED                     [ 10%]
tests/test_blat.py::TestBlat::test_blat_aa PASSED                        [ 11%]
tests/test_blat.py::TestBlat::test_blat_aa_RNA PASSED                    [ 11%]
tests/test_blat.py::TestBlat::test_blat_aa_protein PASSED                [ 12%]
tests/test_blat.py::TestBlat::test_blat_bad_assembly PASSED              [ 12%]
tests/test_blat.py::TestBlat::test_blat_bad_fasta PASSED                 [ 12%]
tests/test_blat.py::TestBlat::test_blat_bad_fileformat PASSED            [ 13%]
tests/test_blat.py::TestBlat::test_blat_bad_seqtype PASSED               [ 13%]
tests/test_blat.py::TestBlat::test_blat_bad_txt PASSED                   [ 14%]
tests/test_blat.py::TestBlat::test_blat_nt PASSED                        [ 14%]
tests/test_blat.py::TestBlat::test_blat_nt_DNA PASSED                    [ 14%]
tests/test_blat.py::TestBlat::test_blat_nt_RNA PASSED                    [ 15%]
tests/test_blat.py::TestBlat::test_blat_nt_fasta PASSED                  [ 15%]
tests/test_blat.py::TestBlat::test_blat_nt_json PASSED                   [ 16%]
tests/test_blat.py::TestBlat::test_blat_nt_protein PASSED                [ 16%]
tests/test_blat.py::TestBlat::test_blat_nt_transDNA PASSED               [ 16%]
tests/test_blat.py::TestBlat::test_blat_nt_txt PASSED                    [ 17%]
tests/test_blat.py::TestBlat::test_blat_shortseq PASSED                  [ 17%]
tests/test_cbio.py::TestCbioSearch::test_cbio_search PASSED              [ 18%]
tests/test_cbio.py::TestCbio::test_cbio_download PASSED                  [ 18%]
tests/test_cbio.py::TestCbio::test_cbio_download_partially_existing_files PASSED [ 18%]
tests/test_cbio.py::TestCbio::test_error_cbio_download PASSED            [ 19%]
tests/test_cellxgene.py::TestCellxgene::test_cellxgene_adata PASSED      [ 19%]
tests/test_cellxgene.py::TestCellxgene::test_cellxgene_metadata PASSED   [ 20%]
tests/test_compile.py::TestCompilerWindows::test_compiler_windows PASSED [ 20%]
tests/test_cosmic.py::TestCosmicWorkflow::test_cosmic_defaults ERROR     [ 20%]
tests/test_diamond.py::TestDiamond::test_diamond_JSON_out PASSED         [ 21%]
tests/test_diamond.py::TestDiamond::test_diamond_both_files PASSED       [ 21%]
tests/test_diamond.py::TestDiamond::test_diamond_query_file PASSED       [ 22%]
tests/test_diamond.py::TestDiamond::test_diamond_ref_file PASSED         [ 22%]
tests/test_diamond.py::TestDiamond::test_diamond_seqs_multiple PASSED    [ 22%]
tests/test_diamond.py::TestDiamond::test_diamond_seqs_single PASSED      [ 23%]
tests/test_elm.py::TestELM::test_elm_uniprot_aminoacidseq PASSED         [ 23%]
tests/test_elm.py::TestELM::test_elm_uniprot_id_in_elm PASSED            [ 24%]
tests/test_elm.py::TestELM::test_elm_uniprot_id_new PASSED               [ 24%]
tests/test_enrichr.py::TestEnrichr::test_enrichr_background PASSED       [ 24%]
tests/test_enrichr.py::TestEnrichr::test_enrichr_background_ensembl PASSED [ 25%]
tests/test_enrichr.py::TestEnrichr::test_enrichr_bad_background PASSED   [ 25%]
tests/test_enrichr.py::TestEnrichr::test_enrichr_bad_background_list PASSED [ 26%]
tests/test_enrichr.py::TestEnrichr::test_enrichr_bad_database_shortcut PASSED [ 26%]
tests/test_enrichr.py::TestEnrichr::test_enrichr_bad_gene PASSED         [ 26%]
tests/test_enrichr.py::TestEnrichr::test_enrichr_bad_species PASSED      [ 27%]
tests/test_enrichr.py::TestEnrichr::test_enrichr_celltypes PASSED        [ 27%]
tests/test_enrichr.py::TestEnrichr::test_enrichr_diseases_drugs PASSED   [ 28%]
tests/test_enrichr.py::TestEnrichr::test_enrichr_ensembl_ids PASSED      [ 28%]
tests/test_enrichr.py::TestEnrichr::test_enrichr_fish PASSED             [ 28%]
tests/test_enrichr.py::TestEnrichr::test_enrichr_fly PASSED              [ 29%]
tests/test_enrichr.py::TestEnrichr::test_enrichr_json PASSED             [ 29%]
tests/test_enrichr.py::TestEnrichr::test_enrichr_kinase_interactions PASSED [ 30%]
tests/test_enrichr.py::TestEnrichr::test_enrichr_mouse_is_human PASSED   [ 30%]
tests/test_enrichr.py::TestEnrichr::test_enrichr_none PASSED             [ 30%]
tests/test_enrichr.py::TestEnrichr::test_enrichr_ontology PASSED         [ 31%]
tests/test_enrichr.py::TestEnrichr::test_enrichr_pathway PASSED          [ 31%]
tests/test_enrichr.py::TestEnrichr::test_enrichr_plot PASSED             [ 32%]
tests/test_enrichr.py::TestEnrichr::test_enrichr_transcription PASSED    [ 32%]
tests/test_enrichr.py::TestEnrichr::test_enrichr_worm PASSED             [ 32%]
tests/test_enrichr.py::TestEnrichr::test_enrichr_yeast PASSED            [ 33%]
tests/test_gpt.py::TestGpt::test_gpt PASSED                              [ 33%]
tests/test_info.py::TestInfo::test_info_WB_transcript FAILED             [ 34%]

==================================== ERRORS ====================================
__________ ERROR at setup of TestCosmicWorkflow.test_cosmic_defaults ___________

cls = <class 'tests.test_cosmic.TestCosmicWorkflow'>

    @classmethod
    def setUpClass(cls):
        super().setUpClass()
        time.sleep(sleep_time)
    
        # Download data if it doesn't already exist
        mut_class, grch_version, file_name, version = arg_combinations[0]
    
        if mut_class == "cancer_example":
            cls.tarred_folder = f"example_GRCh{grch_version}"
        else:
            cls.tarred_folder = f"{file_name}_Tsv_v{version}_GRCh{grch_version}"
    
        cls.file_name = file_name
        cls.grch_version = grch_version
        cls.cosmic_version = version
    
        expected_file = os.path.join(cls.tarred_folder, f"{file_name}_v{version}_GRCh{grch_version}.tsv")
    
        if not os.path.exists(expected_file):
            cosmic(
                searchterm=None,
                download_cosmic=True,
                cosmic_project=mut_class,
                cosmic_version=version,
                grch_version=grch_version,
                gget_mutate=True,
            )
    
        # Check that files were downloaded correctly
        contained_file = f"{file_name}_v{version}_GRCh{grch_version}.tsv"
        gm_file = f"{file_name}_v{version}_GRCh{grch_version}_mutation_workflow.csv"
    
        path1 = pl.Path(os.path.abspath(os.path.join(cls.tarred_folder, contained_file)))
        path2 = pl.Path(os.path.abspath(os.path.join(cls.tarred_folder, gm_file)))
    
        if not path1.is_file() or not path2.is_file():
>           raise FileNotFoundError("Expected COSMIC files were not found after download.")
E           FileNotFoundError: Expected COSMIC files were not found after download.

tests/test_cosmic.py:79: FileNotFoundError
------------------------------ Captured log setup ------------------------------
INFO     gget.utils:gget_cosmic.py:391 NOTE: Licence fees apply for the commercial use of COSMIC (https://www.cosmickb.org/licensing).
INFO     gget.utils:gget_cosmic.py:185 Extracted tar file to /home/runner/work/gget/gget/example_GRCh37
INFO     gget.utils:gget_cosmic.py:441 Creating modified mutations file for use with gget mutate...
INFO     gget.utils:gget_cosmic.py:659 Modified mutations file for use with gget mutate created at /home/runner/work/gget/gget/example_GRCh37/CancerMutationCensus_AllData_v104_GRCh37_mutation_workflow.csv
=================================== FAILURES ===================================
________________________ TestBgee.test_bgee_expression _________________________

self = <tests.test_bgee.TestBgee testMethod=test_bgee_expression>

    def assert_equal(self: unittest.TestCase):
        test = name
        expected_result = td[test]["expected_result"]
>       result_to_test = do_call(func, td[test]["args"])
                         ^^^^^^^^^^^^^^^^^^^^^^^^^^^^^^^

tests/from_json.py:65: 
_ _ _ _ _ _ _ _ _ _ _ _ _ _ _ _ _ _ _ _ _ _ _ _ _ _ _ _ _ _ _ _ _ _ _ _ _ _ _ _ 

func = <function bgee at 0x7f78f9f90ae0>
args = {'type': 'expression', 'gene_id': 'ENSBTAG00000047356'}

    def do_call(func, args):
        if isinstance(args, dict):
>           return func(**args)
                   ^^^^^^^^^^^^

tests/from_json.py:57: 
_ _ _ _ _ _ _ _ _ _ _ _ _ _ _ _ _ _ _ _ _ _ _ _ _ _ _ _ _ _ _ _ _ _ _ _ _ _ _ _ 

gene_id = 'ENSBTAG00000047356', type = 'expression', json = False
verbose = True

    def bgee(
        gene_id,
        type="orthologs",
        json=False,
        verbose=True,
    ):
        """
        Get orthologs/expression data for a gene from Bgee (https://www.bgee.org/).
    
        Args:
        type        type of data to retrieve ('expression' or 'orthologs')
        gene_id     Ensembl gene ID
        json        return JSON instead of DataFrame
        verbose     log progress
    
        Returns requested information as a DataFrame or JSON.
        """
        if type == "expression":
>           return _bgee_expression(gene_id, json=json, verbose=verbose)
                   ^^^^^^^^^^^^^^^^^^^^^^^^^^^^^^^^^^^^^^^^^^^^^^^^^^^^^

gget/gget_bgee.py:199: 
_ _ _ _ _ _ _ _ _ _ _ _ _ _ _ _ _ _ _ _ _ _ _ _ _ _ _ _ _ _ _ _ _ _ _ _ _ _ _ _ 

gene_id = 'ENSBTAG00000047356', json = False, verbose = True

    def _bgee_expression(gene_id, json=False, verbose=True):
        """
        Get expression data from Bgee
    
        Args:
    
        :param gene_id: Ensembl gene ID(s)
        :param json:    return JSON instead of DataFrame
        :param verbose: log progress
    
        Returns requested information as a DataFrame or JSON
        """
        # if single Ensembl ID passed as string, convert to list
        if isinstance(gene_id, str):
            gene_ids = [gene_id]
        else:
            gene_ids = gene_id
    
        # make sure all gene IDs correspond to the same species
>       species_set = {_bgee_species(gene_id, verbose=verbose) for gene_id in gene_ids}
                       ^^^^^^^^^^^^^^^^^^^^^^^^^^^^^^^^^^^^^^^

gget/gget_bgee.py:127: 
_ _ _ _ _ _ _ _ _ _ _ _ _ _ _ _ _ _ _ _ _ _ _ _ _ _ _ _ _ _ _ _ _ _ _ _ _ _ _ _ 

gene_id = 'ENSBTAG00000047356', verbose = True

    def _bgee_species(gene_id: str, verbose=True):
        """
        Get species ID from Bgee
        :param gene_id: Ensembl gene ID
        :param verbose: log progress
        :return: species ID
        """
    
        if verbose:
            logger.info(f"Getting species ID for gene {gene_id} from Bgee")
    
        response = requests.get(
            "https://bgee.org/api/",
            params={
                "display_type": "json",
                "page": "gene",
                "action": "general_info",
                "gene_id": gene_id,
            },
        )
    
        if not response.ok:
>           raise RuntimeError(
                f"Bgee API request returned with error code: {response.status_code}. "
                "Please double-check the arguments and try again.\n"
            )
E           RuntimeError: Bgee API request returned with error code: 403. Please double-check the arguments and try again.

gget/gget_bgee.py:33: RuntimeError
------------------------------ Captured log call -------------------------------
INFO     gget.utils:gget_bgee.py:20 Getting species ID for gene ENSBTAG00000047356 from Bgee
____________________ TestBgee.test_bgee_expression_multiple ____________________

self = <tests.test_bgee.TestBgee testMethod=test_bgee_expression_multiple>

    def assert_equal(self: unittest.TestCase):
        test = name
        expected_result = td[test]["expected_result"]
>       result_to_test = do_call(func, td[test]["args"])
                         ^^^^^^^^^^^^^^^^^^^^^^^^^^^^^^^

tests/from_json.py:65: 
_ _ _ _ _ _ _ _ _ _ _ _ _ _ _ _ _ _ _ _ _ _ _ _ _ _ _ _ _ _ _ _ _ _ _ _ _ _ _ _ 

func = <function bgee at 0x7f78f9f90ae0>
args = {'type': 'expression', 'gene_id': ['ENSBTAG00000047356', 'ENSBTAG00000018317']}

    def do_call(func, args):
        if isinstance(args, dict):
>           return func(**args)
                   ^^^^^^^^^^^^

tests/from_json.py:57: 
_ _ _ _ _ _ _ _ _ _ _ _ _ _ _ _ _ _ _ _ _ _ _ _ _ _ _ _ _ _ _ _ _ _ _ _ _ _ _ _ 

gene_id = ['ENSBTAG00000047356', 'ENSBTAG00000018317'], type = 'expression'
json = False, verbose = True

    def bgee(
        gene_id,
        type="orthologs",
        json=False,
        verbose=True,
    ):
        """
        Get orthologs/expression data for a gene from Bgee (https://www.bgee.org/).
    
        Args:
        type        type of data to retrieve ('expression' or 'orthologs')
        gene_id     Ensembl gene ID
        json        return JSON instead of DataFrame
        verbose     log progress
    
        Returns requested information as a DataFrame or JSON.
        """
        if type == "expression":
>           return _bgee_expression(gene_id, json=json, verbose=verbose)
                   ^^^^^^^^^^^^^^^^^^^^^^^^^^^^^^^^^^^^^^^^^^^^^^^^^^^^^

gget/gget_bgee.py:199: 
_ _ _ _ _ _ _ _ _ _ _ _ _ _ _ _ _ _ _ _ _ _ _ _ _ _ _ _ _ _ _ _ _ _ _ _ _ _ _ _ 

gene_id = ['ENSBTAG00000047356', 'ENSBTAG00000018317'], json = False
verbose = True

    def _bgee_expression(gene_id, json=False, verbose=True):
        """
        Get expression data from Bgee
    
        Args:
    
        :param gene_id: Ensembl gene ID(s)
        :param json:    return JSON instead of DataFrame
        :param verbose: log progress
    
        Returns requested information as a DataFrame or JSON
        """
        # if single Ensembl ID passed as string, convert to list
        if isinstance(gene_id, str):
            gene_ids = [gene_id]
        else:
            gene_ids = gene_id
    
        # make sure all gene IDs correspond to the same species
>       species_set = {_bgee_species(gene_id, verbose=verbose) for gene_id in gene_ids}
                       ^^^^^^^^^^^^^^^^^^^^^^^^^^^^^^^^^^^^^^^

gget/gget_bgee.py:127: 
_ _ _ _ _ _ _ _ _ _ _ _ _ _ _ _ _ _ _ _ _ _ _ _ _ _ _ _ _ _ _ _ _ _ _ _ _ _ _ _ 

gene_id = 'ENSBTAG00000047356', verbose = True

    def _bgee_species(gene_id: str, verbose=True):
        """
        Get species ID from Bgee
        :param gene_id: Ensembl gene ID
        :param verbose: log progress
        :return: species ID
        """
    
        if verbose:
            logger.info(f"Getting species ID for gene {gene_id} from Bgee")
    
        response = requests.get(
            "https://bgee.org/api/",
            params={
                "display_type": "json",
                "page": "gene",
                "action": "general_info",
                "gene_id": gene_id,
            },
        )
    
        if not response.ok:
>           raise RuntimeError(
                f"Bgee API request returned with error code: {response.status_code}. "
                "Please double-check the arguments and try again.\n"
            )
E           RuntimeError: Bgee API request returned with error code: 403. Please double-check the arguments and try again.

gget/gget_bgee.py:33: RuntimeError
------------------------------ Captured log call -------------------------------
INFO     gget.utils:gget_bgee.py:20 Getting species ID for gene ENSBTAG00000047356 from Bgee
_________________________ TestBgee.test_bgee_orthologs _________________________

self = <tests.test_bgee.TestBgee testMethod=test_bgee_orthologs>

    def assert_equal(self: unittest.TestCase):
        test = name
        expected_result = td[test]["expected_result"]
>       result_to_test = do_call(func, td[test]["args"])
                         ^^^^^^^^^^^^^^^^^^^^^^^^^^^^^^^

tests/from_json.py:65: 
_ _ _ _ _ _ _ _ _ _ _ _ _ _ _ _ _ _ _ _ _ _ _ _ _ _ _ _ _ _ _ _ _ _ _ _ _ _ _ _ 

func = <function bgee at 0x7f78f9f90ae0>
args = {'gene_id': 'ENSOARG00000019163'}

    def do_call(func, args):
        if isinstance(args, dict):
>           return func(**args)
                   ^^^^^^^^^^^^

tests/from_json.py:57: 
_ _ _ _ _ _ _ _ _ _ _ _ _ _ _ _ _ _ _ _ _ _ _ _ _ _ _ _ _ _ _ _ _ _ _ _ _ _ _ _ 

gene_id = 'ENSOARG00000019163', type = 'orthologs', json = False, verbose = True

    def bgee(
        gene_id,
        type="orthologs",
        json=False,
        verbose=True,
    ):
        """
        Get orthologs/expression data for a gene from Bgee (https://www.bgee.org/).
    
        Args:
        type        type of data to retrieve ('expression' or 'orthologs')
        gene_id     Ensembl gene ID
        json        return JSON instead of DataFrame
        verbose     log progress
    
        Returns requested information as a DataFrame or JSON.
        """
        if type == "expression":
            return _bgee_expression(gene_id, json=json, verbose=verbose)
        elif type == "orthologs":
>           return _bgee_orthologs(gene_id, json=json, verbose=verbose)
                   ^^^^^^^^^^^^^^^^^^^^^^^^^^^^^^^^^^^^^^^^^^^^^^^^^^^^

gget/gget_bgee.py:201: 
_ _ _ _ _ _ _ _ _ _ _ _ _ _ _ _ _ _ _ _ _ _ _ _ _ _ _ _ _ _ _ _ _ _ _ _ _ _ _ _ 

gene_id = 'ENSOARG00000019163', json = False, verbose = True

    def _bgee_orthologs(gene_id, json=False, verbose=True):
        """
        Get orthologs for a gene from Bgee
    
        Args:
    
        :param gene_id: Ensembl gene ID
        :param json:    return JSON instead of DataFrame
        :param verbose: log progress
    
        Returns requested information as a DataFrame or JSON
        """
        # if single Ensembl ID passed as string, convert to list
        if isinstance(gene_id, list):
            raise ValueError(
                "One a single gene ID can be passed at a time for ortholog searches."
            )
    
        # must first obtain species
>       species = _bgee_species(gene_id, verbose=verbose)
                  ^^^^^^^^^^^^^^^^^^^^^^^^^^^^^^^^^^^^^^^

gget/gget_bgee.py:65: 
_ _ _ _ _ _ _ _ _ _ _ _ _ _ _ _ _ _ _ _ _ _ _ _ _ _ _ _ _ _ _ _ _ _ _ _ _ _ _ _ 

gene_id = 'ENSOARG00000019163', verbose = True

    def _bgee_species(gene_id: str, verbose=True):
        """
        Get species ID from Bgee
        :param gene_id: Ensembl gene ID
        :param verbose: log progress
        :return: species ID
        """
    
        if verbose:
            logger.info(f"Getting species ID for gene {gene_id} from Bgee")
    
        response = requests.get(
            "https://bgee.org/api/",
            params={
                "display_type": "json",
                "page": "gene",
                "action": "general_info",
                "gene_id": gene_id,
            },
        )
    
        if not response.ok:
>           raise RuntimeError(
                f"Bgee API request returned with error code: {response.status_code}. "
                "Please double-check the arguments and try again.\n"
            )
E           RuntimeError: Bgee API request returned with error code: 403. Please double-check the arguments and try again.

gget/gget_bgee.py:33: RuntimeError
------------------------------ Captured log call -------------------------------
INFO     gget.utils:gget_bgee.py:20 Getting species ID for gene ENSOARG00000019163 from Bgee
_______________________ TestInfo.test_info_WB_transcript _______________________

self = <tests.test_info.TestInfo testMethod=test_info_WB_transcript>

    def assert_equal(self: unittest.TestCase):
        test = name
        expected_result = td[test]["expected_result"]
        result_to_test = do_call(func, td[test]["args"])
        if test == "test_cosmic_defaults":  # special case for cosmic
            import numpy as np
            expected_result = pd.DataFrame(expected_result[0])
            expected_result = expected_result.replace({None: np.nan})
            # result_to_test.equals(expected_result)
            pd.testing.assert_frame_equal(result_to_test, expected_result)
            return
    
        # If result is a DataFrame, convert to list
        if isinstance(result_to_test, pd.DataFrame):
            result_to_test = result_to_test.dropna(axis=1).values.tolist()
    
>       self.assertEqual(result_to_test, expected_result)
E       AssertionError: Lists differ: [['T1[86 chars]3'], [], 'WBGene00043981', ['Protein aaim-1', [2746 chars]67]]] != [['T1[86 chars]3'], 'aaim-1-201', [], 'WBGene00043981', ['Pro[2760 chars]67]]]
E       
E       First differing element 0:
E       ['T14[85 chars]3'], [], 'WBGene00043981', ['Protein aaim-1', [2745 chars]667]]
E       ['T14[85 chars]3'], 'aaim-1-201', [], 'WBGene00043981', ['Pro[2759 chars]667]]
E       
E         [['T14E8.4.1',
E           ['Q5WRS0', 'Q6RYS9'],
E           'caenorhabditis_elegans',
E           'WBcel235',
E           ['aaim-1', 'dop-3'],
E       +   'aaim-1-201',
E           [],
E           'WBGene00043981',
E           ['Protein aaim-1', 'Dopamine receptor 3'],
E           ['(Microbial infection) Promotes infection by microsporidian pathogens such '
E            'as N.parisii in the early larval stages of development (PubMed:34994689). '
E            'Involved in ensuring the proper orientation and location of the spore '
E            'proteins of N.parisii during intestinal cell invasion (PubMed:34994689) '
E            'Plays a role in promoting resistance to bacterial pathogens such as '
E            'P.aeruginosa by inhibiting bacterial intestinal colonization',
E       -    'G protein-coupled receptor which binds to the neurotransmitter dopamine '
E       ?      ^       ^
E       
E       +    'G-protein coupled receptor which binds to the neurotransmitter dopamine '
E       ?      ^       ^
E       
E       -    'with high affinity leading to the activation of an associated G protein '
E       ?                                                                    ^
E       
E       +    'with high affinity leading to the activation of an associated G-protein '
E       ?                                                                    ^
E       
E            'and downstream signaling pathways (PubMed:15378064, PubMed:16001968). '
E       -    'Couples to G proteins to inhibit adenylate cyclase (AC) activity and cAMP '
E       ?                 ^
E       
E       +    'Couples to G-proteins to inhibit adenylate cyclase (AC) activity and cAMP '
E       ?                 ^
E       
E            'production (PubMed:15378064, PubMed:16001968). Antagonizes the D1-like '
E            'dopamine receptor dop-1 to negatively regulate the rate of locomotion '
E            '(PubMed:15378064). Negatively regulates locomotion through the activation '
E            'of goa-1 subunit proteins which inactivates the unc-77/nca-1 and nca-2 '
E            'ion-channels in the command interneurons (PubMed:28968387). Inhibits '
E            'early-stage swimming by modulating the unc-77/nca-1 and nca-2 ion channels '
E            'of premotor interneurons (PubMed:33796839). In GABAergic, RIC, and SIA '
E            'neurons, antagonizes the function of dop-1 to play a role in behavioral '
E            'plasticity and regulate the decision-making process when conflicting '
E            'alternatives are present (PubMed:25536037). Antagonizes octopamine '
E            'signaling in response to food by promoting the dopamine-mediated '
E            'suppression of crh-1/CREB1 transcription factor activation in cholinergic '
E            'SIA neurons (PubMed:19609300). This is most likely in association with the '
E       -    'G(o)-alpha G protein subunit goa-1 (PubMed:19609300). Promotes male mating '
E       ?                 ^
E       
E       +    'G(o)-alpha G-protein subunit goa-1 (PubMed:19609300). Promotes male mating '
E       ?                 ^
E       
E            'behavior by antagonizing acetylcholine signaling to control the protrusion '
E            'of copulatory spicules from the tail of males during hermaphrodite vulval '
E            'location (PubMed:23166505). Under mitochondria stress, plays a role in '
E            'bacterial preference, resulting in learned avoidance behavior '
E            '(PubMed:35074444)'],
E           ['Secreted', 'Cell membrane'],
E           'Transcript',
E           'protein_coding',
E           'X',
E           -1,
E           6559466,
E           6562428,
E           ['T14E8.4.1.e1',
E            'T14E8.4.1.e2',
E            'T14E8.4.1.e3',
E            'T14E8.4.1.e4',
E            'T14E8.4.1.e5',
E            'T14E8.4.1.e6',
E            'T14E8.4.1.e7',
E            'T14E8.4.1.e8',
E            'T14E8.4.1.e9'],
E           [6562330,
E            6562225,
E            6562110,
E            6561817,
E            6561252,
E            6560727,
E            6560492,
E            6560197,
E            6559466],
E           [6562428,
E            6562286,
E            6562183,
E            6562059,
E            6561378,
E            6561206,
E            6560671,
E            6560443,
E            6559667],
E           ['T14E8.4.1.e1',
E            'T14E8.4.1.e2',
E            'T14E8.4.1.e3',
E            'T14E8.4.1.e4',
E            'T14E8.4.1.e5',
E            'T14E8.4.1.e6',
E            'T14E8.4.1.e7',
E            'T14E8.4.1.e8',
E            'T14E8.4.1.e9'],
E           [6562330,
E            6562225,
E            6562110,
E            6561817,
E            6561252,
E            6560727,
E            6560492,
E            6560197,
E            6559466],
E           [6562428,
E            6562286,
E            6562183,
E            6562059,
E            6561378,
E            6561206,
E            6560671,
E            6560443,
E            6559667]]]

tests/from_json.py:78: AssertionError
=============================== warnings summary ===============================
tests/test_blast.py::TestBlast::test_blast_nt
  /home/runner/work/gget/gget/gget/gget_blast.py:327: FutureWarning: Passing literal html to 'read_html' is deprecated and will be removed in a future version. To read from a literal string, wrap it in a 'StringIO' object.
    results_df = pd.read_html(str(dsc_table))[0]

tests/test_cbio.py::TestCbioSearch::test_cbio_search
tests/test_cbio.py::TestCbioSearch::test_cbio_search
  /opt/hostedtoolcache/Python/3.12.13/x64/lib/python3.12/site-packages/swagger_spec_validator/validator12.py:18: DeprecationWarning: jsonschema.RefResolver is deprecated as of v4.18.0, in favor of the https://github.com/python-jsonschema/referencing library, which provides more compliant referencing behavior as well as more flexible APIs for customization. A future release will remove RefResolver. Please file a feature request (on referencing) if you are missing an API for the kind of customization you need.
    from jsonschema import RefResolver

tests/test_cbio.py::TestCbioSearch::test_cbio_search
  /opt/hostedtoolcache/Python/3.12.13/x64/lib/python3.12/site-packages/swagger_spec_validator/ref_validators.py:14: DeprecationWarning: jsonschema.RefResolver is deprecated as of v4.18.0, in favor of the https://github.com/python-jsonschema/referencing library, which provides more compliant referencing behavior as well as more flexible APIs for customization. A future release will remove RefResolver. Please file a feature request (on referencing) if you are missing an API for the kind of customization you need.
    from jsonschema.validators import RefResolver

tests/test_cbio.py::TestCbioSearch::test_cbio_search
  /opt/hostedtoolcache/Python/3.12.13/x64/lib/python3.12/site-packages/swagger_spec_validator/validator20.py:18: DeprecationWarning: jsonschema.RefResolver is deprecated as of v4.18.0, in favor of the https://github.com/python-jsonschema/referencing library, which provides more compliant referencing behavior as well as more flexible APIs for customization. A future release will remove RefResolver. Please file a feature request (on referencing) if you are missing an API for the kind of customization you need.
    from jsonschema.validators import RefResolver

tests/test_cbio.py::TestCbioSearch::test_cbio_search
tests/test_cbio.py::TestCbioSearch::test_cbio_search
  /opt/hostedtoolcache/Python/3.12.13/x64/lib/python3.12/site-packages/bravado_core/swagger20_validator.py:6: DeprecationWarning: jsonschema.RefResolver is deprecated as of v4.18.0, in favor of the https://github.com/python-jsonschema/referencing library, which provides more compliant referencing behavior as well as more flexible APIs for customization. A future release will remove RefResolver. Please file a feature request (on referencing) if you are missing an API for the kind of customization you need.
    from jsonschema import RefResolver

tests/test_cbio.py::TestCbioSearch::test_cbio_search
  /opt/hostedtoolcache/Python/3.12.13/x64/lib/python3.12/site-packages/bravado_core/spec.py:14: DeprecationWarning: jsonschema.RefResolver is deprecated as of v4.18.0, in favor of the https://github.com/python-jsonschema/referencing library, which provides more compliant referencing behavior as well as more flexible APIs for customization. A future release will remove RefResolver. Please file a feature request (on referencing) if you are missing an API for the kind of customization you need.
    from jsonschema.validators import RefResolver

tests/test_cbio.py: 16 warnings
  /opt/hostedtoolcache/Python/3.12.13/x64/lib/python3.12/site-packages/bravado_core/model.py:888: DeprecationWarning: jsonschema.RefResolver.in_scope is deprecated and will be removed in a future release.
    with spec.resolver.in_scope(additional_uri):

tests/test_cellxgene.py::TestCellxgene::test_cellxgene_adata
  /home/runner/work/gget/gget/gget/gget_cellxgene.py:222: FutureWarning: The argument `column_names` is deprecated and will be removed in a future release. Please use `obs_column_names` and `var_column_names` instead.
    adata = cellxgene_census.get_anndata(

tests/test_cellxgene.py::TestCellxgene::test_cellxgene_adata
tests/test_cellxgene.py::TestCellxgene::test_cellxgene_adata
  /opt/hostedtoolcache/Python/3.12.13/x64/lib/python3.12/functools.py:912: ImplicitModificationWarning: Transforming to str index.
    return dispatch(args[0].__class__)(*args, **kw)

tests/test_cosmic.py::TestCosmicWorkflow::test_cosmic_defaults
  /home/runner/work/gget/gget/gget/gget_cosmic.py:183: DeprecationWarning: Python 3.14 will, by default, filter extracted tar archives and reject files or modify their metadata. Use the filter argument to control this behavior.
    tar.extractall(path=tar_folder_path)

-- Docs: https://docs.pytest.org/en/stable/how-to/capture-warnings.html
============================= slowest 10 durations =============================
74.09s call     tests/test_blast.py::TestBlast::test_blast_nt
33.10s call     tests/test_cellxgene.py::TestCellxgene::test_cellxgene_adata
25.00s call     tests/test_enrichr.py::TestEnrichr::test_enrichr_background_ensembl
13.35s call     tests/test_8cube.py::TestSpecificity::test_specificity_basic
12.83s call     tests/test_elm.py::TestELM::test_elm_uniprot_id_new
12.12s setup    tests/test_cosmic.py::TestCosmicWorkflow::test_cosmic_defaults
3.57s call     tests/test_enrichr.py::TestEnrichr::test_enrichr_ensembl_ids
3.57s call     tests/test_archs4.py::TestArchs4::test_archs4_mouse_json_ensembl
3.41s call     tests/test_archs4.py::TestArchs4::test_archs4_bad_ensembl
3.25s call     tests/test_cbio.py::TestCbioSearch::test_cbio_search
=========================== short test summary info ============================
ERROR tests/test_cosmic.py::TestCosmicWorkflow::test_cosmic_defaults - FileNotFoundError: Expected COSMIC files were not found after download.
FAILED tests/test_bgee.py::TestBgee::test_bgee_expression - RuntimeError: Bgee API request returned with error code: 403. Please double-check the arguments and try again.
FAILED tests/test_bgee.py::TestBgee::test_bgee_expression_multiple - RuntimeError: Bgee API request returned with error code: 403. Please double-check the arguments and try again.
FAILED tests/test_bgee.py::TestBgee::test_bgee_orthologs - RuntimeError: Bgee API request returned with error code: 403. Please double-check the arguments and try again.
FAILED tests/test_info.py::TestInfo::test_info_WB_transcript - AssertionError: Lists differ: [['T1[86 chars]3'], [], 'WBGene00043981', ['Protein aaim-1', [2746 chars]67]]] != [['T1[86 chars]3'], 'aaim-1-201', [], 'WBGene00043981', ['Pro[2760 chars]67]]]

First differing element 0:
['T14[85 chars]3'], [], 'WBGene00043981', ['Protein aaim-1', [2745 chars]667]]
['T14[85 chars]3'], 'aaim-1-201', [], 'WBGene00043981', ['Pro[2759 chars]667]]

  [['T14E8.4.1',
    ['Q5WRS0', 'Q6RYS9'],
    'caenorhabditis_elegans',
    'WBcel235',
    ['aaim-1', 'dop-3'],
+   'aaim-1-201',
    [],
    'WBGene00043981',
    ['Protein aaim-1', 'Dopamine receptor 3'],
    ['(Microbial infection) Promotes infection by microsporidian pathogens such '
     'as N.parisii in the early larval stages of development (PubMed:34994689). '
     'Involved in ensuring the proper orientation and location of the spore '
     'proteins of N.parisii during intestinal cell invasion (PubMed:34994689) '
     'Plays a role in promoting resistance to bacterial pathogens such as '
     'P.aeruginosa by inhibiting bacterial intestinal colonization',
-    'G protein-coupled receptor which binds to the neurotransmitter dopamine '
?      ^       ^

+    'G-protein coupled receptor which binds to the neurotransmitter dopamine '
?      ^       ^

-    'with high affinity leading to the activation of an associated G protein '
?                                                                    ^

+    'with high affinity leading to the activation of an associated G-protein '
?                                                                    ^

     'and downstream signaling pathways (PubMed:15378064, PubMed:16001968). '
-    'Couples to G proteins to inhibit adenylate cyclase (AC) activity and cAMP '
?                 ^

+    'Couples to G-proteins to inhibit adenylate cyclase (AC) activity and cAMP '
?                 ^

     'production (PubMed:15378064, PubMed:16001968). Antagonizes the D1-like '
     'dopamine receptor dop-1 to negatively regulate the rate of locomotion '
     '(PubMed:15378064). Negatively regulates locomotion through the activation '
     'of goa-1 subunit proteins which inactivates the unc-77/nca-1 and nca-2 '
     'ion-channels in the command interneurons (PubMed:28968387). Inhibits '
     'early-stage swimming by modulating the unc-77/nca-1 and nca-2 ion channels '
     'of premotor interneurons (PubMed:33796839). In GABAergic, RIC, and SIA '
     'neurons, antagonizes the function of dop-1 to play a role in behavioral '
     'plasticity and regulate the decision-making process when conflicting '
     'alternatives are present (PubMed:25536037). Antagonizes octopamine '
     'signaling in response to food by promoting the dopamine-mediated '
     'suppression of crh-1/CREB1 transcription factor activation in cholinergic '
     'SIA neurons (PubMed:19609300). This is most likely in association with the '
-    'G(o)-alpha G protein subunit goa-1 (PubMed:19609300). Promotes male mating '
?                 ^

+    'G(o)-alpha G-protein subunit goa-1 (PubMed:19609300). Promotes male mating '
?                 ^

     'behavior by antagonizing acetylcholine signaling to control the protrusion '
     'of copulatory spicules from the tail of males during hermaphrodite vulval '
     'location (PubMed:23166505). Under mitochondria stress, plays a role in '
     'bacterial preference, resulting in learned avoidance behavior '
     '(PubMed:35074444)'],
    ['Secreted', 'Cell membrane'],
    'Transcript',
    'protein_coding',
    'X',
    -1,
    6559466,
    6562428,
    ['T14E8.4.1.e1',
     'T14E8.4.1.e2',
     'T14E8.4.1.e3',
     'T14E8.4.1.e4',
     'T14E8.4.1.e5',
     'T14E8.4.1.e6',
     'T14E8.4.1.e7',
     'T14E8.4.1.e8',
     'T14E8.4.1.e9'],
    [6562330,
     6562225,
     6562110,
     6561817,
     6561252,
     6560727,
     6560492,
     6560197,
     6559466],
    [6562428,
     6562286,
     6562183,
     6562059,
     6561378,
     6561206,
     6560671,
     6560443,
     6559667],
    ['T14E8.4.1.e1',
     'T14E8.4.1.e2',
     'T14E8.4.1.e3',
     'T14E8.4.1.e4',
     'T14E8.4.1.e5',
     'T14E8.4.1.e6',
     'T14E8.4.1.e7',
     'T14E8.4.1.e8',
     'T14E8.4.1.e9'],
    [6562330,
     6562225,
     6562110,
     6561817,
     6561252,
     6560727,
     6560492,
     6560197,
     6559466],
    [6562428,
     6562286,
     6562183,
     6562059,
     6561378,
     6561206,
     6560671,
     6560443,
     6559667]]]
!!!!!!!!!!!!!!!!!!!!!!!!!! stopping after 5 failures !!!!!!!!!!!!!!!!!!!!!!!!!!!
======== 4 failed, 80 passed, 28 warnings, 1 error in 228.01s (0:03:48) ========
