Pytest results (Python 3.12) - 2026-07-23T17:09:18Z

============================= test session starts ==============================
platform linux -- Python 3.12.13, pytest-9.1.1, pluggy-1.6.0 -- /opt/hostedtoolcache/Python/3.12.13/x64/bin/python
cachedir: .pytest_cache
rootdir: /home/runner/work/gget/gget
configfile: pyproject.toml
plugins: zarr-3.2.1, cov-7.1.0, fast-array-utils-1.5
collecting ... collected 250 items

tests/test_8cube.py::TestSpecificity::test_specificity_basic PASSED      [  0%]
tests/test_8cube.py::TestPsiBlock::test_psi_block_basic PASSED           [  0%]
tests/test_8cube.py::TestGeneExpression::test_gene_expression_basic PASSED [  1%]
tests/test_archs4.py::TestArchs4::test_archs4_bad_ensembl PASSED         [  1%]
tests/test_archs4.py::TestArchs4::test_archs4_bad_gene PASSED            [  2%]
tests/test_archs4.py::TestArchs4::test_archs4_bad_gene_tissue PASSED     [  2%]
tests/test_archs4.py::TestArchs4::test_archs4_bad_species PASSED         [  2%]
tests/test_archs4.py::TestArchs4::test_archs4_bad_which PASSED           [  3%]
tests/test_archs4.py::TestArchs4::test_archs4_defaults PASSED            [  3%]
tests/test_archs4.py::TestArchs4::test_archs4_mouse_json_ensembl PASSED  [  4%]
tests/test_archs4.py::TestArchs4::test_archs4_tissue PASSED              [  4%]
tests/test_archs4.py::TestArchs4::test_archs4_tissue_ensembl FAILED      [  4%]
tests/test_archs4.py::TestArchs4::test_archs4_tissue_json PASSED         [  5%]
tests/test_archs4.py::TestArchs4::test_archs4_tissue_mouse PASSED        [  5%]
tests/test_bgee.py::TestBgee::test_bgee_expression PASSED                [  6%]
tests/test_bgee.py::TestBgee::test_bgee_expression_multiple PASSED       [  6%]
tests/test_bgee.py::TestBgee::test_bgee_orthologs PASSED                 [  6%]
tests/test_bgee.py::TestBgee::test_error_bgee_expression_no_exist PASSED [  7%]
tests/test_bgee.py::TestBgee::test_error_bgee_orthologs_no_exist PASSED  [  7%]
tests/test_bgee.py::TestBgee::test_error_bgee_unknown_type PASSED        [  8%]
tests/test_blast.py::TestBlast::test_blast_bad_db1 PASSED                [  8%]
tests/test_blast.py::TestBlast::test_blast_bad_db2 PASSED                [  8%]
tests/test_blast.py::TestBlast::test_blast_bad_fasta PASSED              [  9%]
tests/test_blast.py::TestBlast::test_blast_bad_program PASSED            [  9%]
tests/test_blast.py::TestBlast::test_blast_bad_seq PASSED                [ 10%]
tests/test_blast.py::TestBlast::test_blast_db_missing PASSED             [ 10%]
tests/test_blast.py::TestBlast::test_blast_nt PASSED                     [ 10%]
tests/test_blat.py::TestBlat::test_blat_aa PASSED                        [ 11%]
tests/test_blat.py::TestBlat::test_blat_aa_RNA PASSED                    [ 11%]
tests/test_blat.py::TestBlat::test_blat_aa_protein PASSED                [ 12%]
tests/test_blat.py::TestBlat::test_blat_bad_assembly PASSED              [ 12%]
tests/test_blat.py::TestBlat::test_blat_bad_fasta PASSED                 [ 12%]
tests/test_blat.py::TestBlat::test_blat_bad_fileformat PASSED            [ 13%]
tests/test_blat.py::TestBlat::test_blat_bad_seqtype PASSED               [ 13%]
tests/test_blat.py::TestBlat::test_blat_bad_txt PASSED                   [ 14%]
tests/test_blat.py::TestBlat::test_blat_nt PASSED                        [ 14%]
tests/test_blat.py::TestBlat::test_blat_nt_DNA PASSED                    [ 14%]
tests/test_blat.py::TestBlat::test_blat_nt_RNA PASSED                    [ 15%]
tests/test_blat.py::TestBlat::test_blat_nt_fasta PASSED                  [ 15%]
tests/test_blat.py::TestBlat::test_blat_nt_json PASSED                   [ 16%]
tests/test_blat.py::TestBlat::test_blat_nt_protein PASSED                [ 16%]
tests/test_blat.py::TestBlat::test_blat_nt_transDNA PASSED               [ 16%]
tests/test_blat.py::TestBlat::test_blat_nt_txt PASSED                    [ 17%]
tests/test_blat.py::TestBlat::test_blat_shortseq PASSED                  [ 17%]
tests/test_cbio.py::TestCbioSearch::test_cbio_search PASSED              [ 18%]
tests/test_cbio.py::TestCbio::test_cbio_download PASSED                  [ 18%]
tests/test_cbio.py::TestCbio::test_cbio_download_partially_existing_files PASSED [ 18%]
tests/test_cbio.py::TestCbio::test_error_cbio_download PASSED            [ 19%]
tests/test_cellxgene.py::TestCellxgene::test_cellxgene_adata FAILED      [ 19%]
tests/test_cellxgene.py::TestCellxgene::test_cellxgene_metadata PASSED   [ 20%]
tests/test_compile.py::TestCompilerWindows::test_compiler_windows PASSED [ 20%]
tests/test_cosmic.py::TestCosmicWorkflow::test_cosmic_defaults ERROR     [ 20%]
tests/test_diamond.py::TestDiamond::test_diamond_JSON_out PASSED         [ 21%]
tests/test_diamond.py::TestDiamond::test_diamond_both_files PASSED       [ 21%]
tests/test_diamond.py::TestDiamond::test_diamond_query_file PASSED       [ 22%]
tests/test_diamond.py::TestDiamond::test_diamond_ref_file PASSED         [ 22%]
tests/test_diamond.py::TestDiamond::test_diamond_seqs_multiple PASSED    [ 22%]
tests/test_diamond.py::TestDiamond::test_diamond_seqs_single PASSED      [ 23%]
tests/test_elm.py::TestELM::test_elm_uniprot_aminoacidseq PASSED         [ 23%]
tests/test_elm.py::TestELM::test_elm_uniprot_id_in_elm PASSED            [ 24%]
tests/test_elm.py::TestELM::test_elm_uniprot_id_new PASSED               [ 24%]
tests/test_enrichr.py::TestEnrichr::test_enrichr_background PASSED       [ 24%]
tests/test_enrichr.py::TestEnrichr::test_enrichr_background_ensembl FAILED [ 25%]
tests/test_enrichr.py::TestEnrichr::test_enrichr_bad_background PASSED   [ 25%]
tests/test_enrichr.py::TestEnrichr::test_enrichr_bad_background_list PASSED [ 26%]
tests/test_enrichr.py::TestEnrichr::test_enrichr_bad_database_shortcut PASSED [ 26%]
tests/test_enrichr.py::TestEnrichr::test_enrichr_bad_gene PASSED         [ 26%]
tests/test_enrichr.py::TestEnrichr::test_enrichr_bad_species PASSED      [ 27%]
tests/test_enrichr.py::TestEnrichr::test_enrichr_celltypes PASSED        [ 27%]
tests/test_enrichr.py::TestEnrichr::test_enrichr_diseases_drugs PASSED   [ 28%]
tests/test_enrichr.py::TestEnrichr::test_enrichr_ensembl_ids FAILED      [ 28%]

==================================== ERRORS ====================================
__________ ERROR at setup of TestCosmicWorkflow.test_cosmic_defaults ___________

cls = <class 'tests.test_cosmic.TestCosmicWorkflow'>

    @classmethod
    def setUpClass(cls):
        super().setUpClass()
        time.sleep(sleep_time)
    
        # Download data if it doesn't already exist
        mut_class, grch_version, file_name, version = arg_combinations[0]
    
        if mut_class == "cancer_example":
            cls.tarred_folder = f"example_GRCh{grch_version}"
        else:
            cls.tarred_folder = f"{file_name}_Tsv_v{version}_GRCh{grch_version}"
    
        cls.file_name = file_name
        cls.grch_version = grch_version
        cls.cosmic_version = version
    
        expected_file = os.path.join(cls.tarred_folder, f"{file_name}_v{version}_GRCh{grch_version}.tsv")
    
        if not os.path.exists(expected_file):
            cosmic(
                searchterm=None,
                download_cosmic=True,
                cosmic_project=mut_class,
                cosmic_version=version,
                grch_version=grch_version,
                gget_mutate=True,
            )
    
        # Check that files were downloaded correctly
        contained_file = f"{file_name}_v{version}_GRCh{grch_version}.tsv"
        gm_file = f"{file_name}_v{version}_GRCh{grch_version}_mutation_workflow.csv"
    
        path1 = pl.Path(os.path.abspath(os.path.join(cls.tarred_folder, contained_file)))
        path2 = pl.Path(os.path.abspath(os.path.join(cls.tarred_folder, gm_file)))
    
        if not path1.is_file() or not path2.is_file():
>           raise FileNotFoundError("Expected COSMIC files were not found after download.")
E           FileNotFoundError: Expected COSMIC files were not found after download.

tests/test_cosmic.py:79: FileNotFoundError
------------------------------ Captured log setup ------------------------------
INFO     gget.utils:gget_cosmic.py:391 NOTE: Licence fees apply for the commercial use of COSMIC (https://www.cosmickb.org/licensing).
INFO     gget.utils:gget_cosmic.py:185 Extracted tar file to /home/runner/work/gget/gget/example_GRCh37
INFO     gget.utils:gget_cosmic.py:441 Creating modified mutations file for use with gget mutate...
INFO     gget.utils:gget_cosmic.py:659 Modified mutations file for use with gget mutate created at /home/runner/work/gget/gget/example_GRCh37/CancerMutationCensus_AllData_v104_GRCh37_mutation_workflow.csv
=================================== FAILURES ===================================
____________________ TestArchs4.test_archs4_tissue_ensembl _____________________

self = <tests.test_archs4.TestArchs4 testMethod=test_archs4_tissue_ensembl>

    def assert_equal(self: unittest.TestCase):
        test = name
        expected_result = td[test]["expected_result"]
>       result_to_test = do_call(func, td[test]["args"])
                         ^^^^^^^^^^^^^^^^^^^^^^^^^^^^^^^

tests/from_json.py:65: 
_ _ _ _ _ _ _ _ _ _ _ _ _ _ _ _ _ _ _ _ _ _ _ _ _ _ _ _ _ _ _ _ _ _ _ _ _ _ _ _ 

func = <function archs4 at 0x7f7da42ec680>
args = {'gene': 'ENSG00000106443', 'ensembl': True, 'which': 'tissue', 'species': 'mouse'}

    def do_call(func, args):
        if isinstance(args, dict):
>           return func(**args)
                   ^^^^^^^^^^^^

tests/from_json.py:57: 
_ _ _ _ _ _ _ _ _ _ _ _ _ _ _ _ _ _ _ _ _ _ _ _ _ _ _ _ _ _ _ _ _ _ _ _ _ _ _ _ 

gene = 'ENSG00000106443', ensembl = True, which = 'tissue', gene_count = 100
species = 'mouse', json = False, save = False, verbose = True

    def archs4(
        gene,
        ensembl=False,
        which="correlation",
        gene_count=100,
        species="human",
        json=False,
        save=False,
        verbose=True,
    ):
        """
        Find the most correlated genes or the tissue expression atlas
        of a gene of interest using data from the human and mouse RNA-seq
        database ARCHS4 (https://maayanlab.cloud/archs4/).
    
        Args:
        - gene          Short name (Entrez gene symbol) of gene of interest (str), e.g. 'STAT4'.
                        Set 'ensembl=True' to input an Ensembl gene ID, e.g. ENSG00000138378.
        - ensembl       Define as 'True' if 'gene' is an Ensembl gene ID. (Default: False)
        - which         'correlation' (default) or 'tissue'.
                        - 'correlation' returns a gene correlation table that contains the
                        100 most correlated genes to the gene of interest. The Pearson
                        correlation is calculated over all samples and tissues in ARCHS4.
                        - 'tissue' returns a tissue expression atlas calculated from
                        human or mouse samples (as defined by 'species') in ARCHS4.
        - gene_count    Number of correlated genes to return (default: 100).
                        (Only for gene correlation.)
        - species       'human' (default) or 'mouse'.
                        (Only for tissue expression atlas.)
        - json          If True, returns results in json format instead of data frame. Default: False.
        - save          True/False whether to save the results in the local directory.
        - verbose        True/False whether to print progress information. Default True.
    
        Returns a data frame with the requested results.
        """
        # Check if 'which' argument is valid
        whichs = ["correlation", "tissue"]
        if which not in whichs:
            raise ValueError(
                f"'which' argument specified as {which}. Expected one of: {', '.join(whichs)}"
            )
    
        # Check if 'species' argument is valid
        sps = ["human", "mouse"]
        if species not in sps:
            raise ValueError(
                f"'species' argument specified as {species}. Expected one of: {', '.join(sps)}"
            )
    
        ## Transform Ensembl IDs to gene symbols
        if ensembl:
            # Remove version number if passed
            gene = gene.split(".")[0]
    
>           info_df = info(gene, verbose=False, pdb=False, ncbi=False, uniprot=False)
                      ^^^^^^^^^^^^^^^^^^^^^^^^^^^^^^^^^^^^^^^^^^^^^^^^^^^^^^^^^^^^^^^

gget/gget_archs4.py:71: 
_ _ _ _ _ _ _ _ _ _ _ _ _ _ _ _ _ _ _ _ _ _ _ _ _ _ _ _ _ _ _ _ _ _ _ _ _ _ _ _ 

ens_ids = ['ENSG00000106443'], wrap_text = False, ncbi = False, uniprot = False
pdb = False, json = False, verbose = False, save = False, expand = False
ensembl_only = False

    def info(
        ens_ids,
        wrap_text=False,
        ncbi=True,
        uniprot=True,
        pdb=False,
        json=False,
        verbose=True,
        save=False,
        expand=False,
        ensembl_only=False,
    ):
        """
        Fetch gene and transcript metadata using Ensembl IDs.
    
        Args:
        - ens_ids       One or more Ensembl IDs to look up (string or list of strings).
                        Also supports WormBase and Flybase IDs.
        - wrap_text     If True, displays data frame with wrapped text for easy reading. Default: False.
        - ncbi          If False, does not return data from NCBI. Default: True.
        - uniprot       If False, does not return data from UniProt. Default: True.
        - pdb           If True, also returns PDB IDs (might increase run time). Default: False.
        - json          If True, returns results in json/dictionary format instead of data frame. Default: False.
        - verbose       True/False whether to print progress information. Default True.
        - save          True/False wether to save csv with query results in current working directory. Default: False.
    
        Returns a data frame containing the requested information.
    
        Deprecated arguments:
        - expand        (gget info now always returns all of the available information)
        - ensembl_only  If True, only returns results from Ensembl (excludes PDB, UniProt, and NCBI results). Default: False.
        """
        # Handle deprecated arguments
        if expand:
            if verbose:
                logger.warning(
                    "'expand' argument deprecated! gget info now always returns all of the available information."
                )
        if ensembl_only:
            if verbose:
                logger.warning(
                    "'ensembl_only' argument deprecated! Please use arguments 'ncbi=False' and 'uniprot=False'."
                )
    
        # Set synonyms found by each database initially to none
        ncbi_synonyms = None
        df_uniprot = None
        df_pdb = pd.DataFrame()
        df_ncbi = pd.DataFrame()
    
        # Rename pdb, uniprot, ncbi arguments
        fetch_ncbi = ncbi
        fetch_uniprot = uniprot
        fetch_pdb = pdb
    
        # Define Ensembl REST API server
        server = ENSEMBL_REST_API
        # Define type of returned content from REST
        content_type = "application/json"
    
        ## Clean up Ensembl IDs
        # If single Ensembl ID passed as string, convert to list
        if type(ens_ids) == str:
            ens_ids = [ens_ids]
        # Remove Ensembl ID version if passed
        ens_ids_clean = []
        temp = 0
        for ensembl_ID in ens_ids:
            # But only for Ensembl ID (and not for flybase/wormbase IDs)
            if ensembl_ID.startswith("ENS"):
                ens_ids_clean.append(ensembl_ID.split(".")[0])
    
                if "." in ensembl_ID and temp == 0:
                    if verbose is True:
                        logger.info(
                            "We noticed that you passed a version number with your Ensembl ID.\n"
                            "Please note that gget info will always return information linked to the latest Ensembl ID version (see 'ensembl_id')."
                        )
                    temp = +1
    
            else:
                ens_ids_clean.append(ensembl_ID)
    
        # Remove duplicates in the Ensembl ID list without changing their order
        ens_ids_clean = sorted(set(ens_ids_clean), key=ens_ids_clean.index)
        # Create second clean list of Ensembl IDs which will not include IDs that were not found
        ens_ids_clean_2 = ens_ids_clean.copy()
    
        # Initiate dictionary to save results for all IDs in
        master_dict = {}
    
        # Query REST APIs from https://rest.ensembl.org/
        endpoint = "lookup/id/"
        query = {"ids": ens_ids_clean, "expand": True}
    
>       results_dict = post_query(server, endpoint, query)
                       ^^^^^^^^^^^^^^^^^^^^^^^^^^^^^^^^^^^

gget/gget_info.py:119: 
_ _ _ _ _ _ _ _ _ _ _ _ _ _ _ _ _ _ _ _ _ _ _ _ _ _ _ _ _ _ _ _ _ _ _ _ _ _ _ _ 

server = 'http://rest.ensembl.org/', endpoint = 'lookup/id/'
query = {'ids': ['ENSG00000106443'], 'expand': True}

    def post_query(server, endpoint, query):
        """
        Function to perform a POST API query.
    
        :param server:  Server to query .
        :param endpoint: Server endpoint
        :param query:   Query that is passed to server.
    
        :return: server output
        """
    
        r = requests.post(
            server + endpoint, json=query, headers={"Content-Type": "application/json"}
        )
    
        if not r.ok:
>           raise RuntimeError(
                f"{server} returned error status code {r.status_code}. "
                "Please double-check arguments and try again.\n"
            )
E           RuntimeError: http://rest.ensembl.org/ returned error status code 500. Please double-check arguments and try again.

gget/utils.py:695: RuntimeError
______________________ TestCellxgene.test_cellxgene_adata ______________________

self = <tests.test_cellxgene.TestCellxgene testMethod=test_cellxgene_adata>

    def test_cellxgene_adata(self):
        test = "test_cellxgene_adata"
        expected_result = cellxgene_dict[test]["expected_result"]
        result_to_test = cellxgene(**cellxgene_dict[test]["args"])
    
        # Convert resulting AnnData object to dictionary
        result_to_test = repr_dict(result_to_test)
    
>       self.assertEqual(result_to_test, expected_result)
E       AssertionError: {'n_o[179 chars]ature_id', 'feature_name', 'feature_length'], 'layers': [None]} != {'n_o[179 chars]ature_id', 'feature_name', 'feature_length']}
E       - {'layers': [None],
E       -  'n_obs': 3679,
E       ? ^
E       
E       + {'n_obs': 3679,
E       ? ^
E       
E          'n_vars': 3,
E          'obs': ['dataset_id',
E                  'assay',
E                  'suspension_type',
E                  'sex',
E                  'tissue_general',
E                  'tissue',
E                  'cell_type',
E                  'disease',
E                  'is_primary_data'],
E          'var': ['soma_joinid', 'feature_id', 'feature_name', 'feature_length']}

tests/test_cellxgene.py:47: AssertionError
------------------------------ Captured log call -------------------------------
INFO     gget.utils:gget_cellxgene.py:218 Fetching AnnData object from CZ CELLxGENE Discover. This might take a few minutes...
_________________ TestEnrichr.test_enrichr_background_ensembl __________________

self = <tests.test_enrichr.TestEnrichr testMethod=test_enrichr_background_ensembl>

    def test_enrichr_background_ensembl(self):
        test = "test_enrichr_background_ensembl"
        expected_result = enrichr_dict[test]["expected_result"]
>       result_to_test = enrichr(**enrichr_dict[test]["args"])
                         ^^^^^^^^^^^^^^^^^^^^^^^^^^^^^^^^^^^^^

tests/test_enrichr.py:44: 
_ _ _ _ _ _ _ _ _ _ _ _ _ _ _ _ _ _ _ _ _ _ _ _ _ _ _ _ _ _ _ _ _ _ _ _ _ _ _ _ 

genes = ['ENSG00000120053', 'ENSG00000129596', 'ENSG00000163631', 'ENSG00000167701', 'ENSG00000244067']
database = 'PanglaoDB_Augmented_2021', species = 'human'
background_list = ['ENSG00000120053', 'ENSG00000129596', 'ENSG00000131910', 'ENSG00000139631', 'ENSG00000163631', 'ENSG00000167701', ...]
background = False, ensembl = True, ensembl_bkg = True, plot = False
figsize = (10, 10), ax = None, kegg_out = None, kegg_rank = 1, json = False
save = False, verbose = True

    def enrichr(
        genes,
        database,
        species="human",
        background_list=None,
        background=False,
        ensembl=False,
        ensembl_bkg=False,
        plot=False,
        figsize=(10, 10),
        ax=None,
        kegg_out=None,
        kegg_rank=1,
        json=False,
        save=False,
        verbose=True,
    ):
        """
        Perform an enrichment analysis on a list of genes using Enrichr (https://maayanlab.cloud/Enrichr/).
    
        Args:
        - genes             List of Entrez gene symbols to perform enrichment analysis on, passed as a list of strings, e.g. ['PHF14', 'RBM3', 'MSL1', 'PHF21A'].
                            Set 'ensembl = True' to input a list of Ensembl gene IDs, e.g. ['ENSG00000106443', 'ENSG00000102317', 'ENSG00000188895'].
        - database          Database to use as reference for the enrichment analysis.
                            Supported shortcuts (and their default database), ONLY SUPPORTED FOR HUMAN/MOUSE SPECIES (other species must specify the full database name):
                            'pathway' (KEGG_2021_Human)
                            'transcription' (ChEA_2016)
                            'ontology' (GO_Biological_Process_2021)
                            'diseases_drugs' (GWAS_Catalog_2019)
                            'celltypes' (PanglaoDB_Augmented_2021)
                            'kinase_interactions' (KEA_2015)
                            or any database listed under Gene-set Library at: https://maayanlab.cloud/Enrichr/#libraries or the species-specific libraries listed below
        - species           Enrichr species database to query. Options:
                            'human' (default) [H. sapiens] - https://maayanlab.cloud/Enrichr/#libraries
                            'mouse' [M. musculus] - equivalent to 'human'
                            'fly' [D. melanogaster] - https://maayanlab.cloud/FlyEnrichr/#stats
                            'yeast' [S. cerevisiae] - https://maayanlab.cloud/YeastEnrichr/#stats
                            'worm' [C. elegans] - https://maayanlab.cloud/WormEnrichr/#stats
                            'fish' [D. rerio] - https://maayanlab.cloud/FishEnrichr/#stats
        - background_list   List of gene names/Ensembl IDs to be used as background genes. ONLY SUPPORTED FOR HUMAN/MOUSE SPECIES (Default: None)
        - background        If True, use set of > 20,000 default background genes listed here: https://github.com/pachterlab/gget/blob/main/gget/constants/enrichr_bkg_genes.txt.
                            ONLY SUPPORTED FOR HUMAN/MOUSE SPECIES (Default: False)
        - ensembl           Define as 'True' if 'genes' is a list of Ensembl gene IDs. (Default: False)
        - ensembl_bkg       Define as 'True' if 'background_list' is a list of Ensembl gene IDs. (Default: False)
        - plot              True/False whether to provide a graphical overview of the first 15 results. (Default: False)
        - figsize           (width, height) of plot in inches. (Default: (10,10))
        - ax                Pass a matplotlib axes object for further customization of the plot. (Default: None)
        - kegg_out          Path to file to save the highlighted KEGG pathway image, e.g. path/to/folder/kegg_pathway.png. (Default: None)
        - kegg_rank         Candidate pathway rank to be plotted in KEGG pathway image. (Default: 1)
        - json              If True, returns results in json format instead of data frame. (Default: False)
        - save              True/False whether to save the results in the local directory. (Default: False)
        - verbose           True/False whether to print progress information. (Default: True)
    
        Returns a data frame with the Enrichr results.
        """
    
        if species not in ["human", "mouse", "fly", "yeast", "worm", "fish"]:
            raise ValueError(
                f"Argument 'species' must be one of 'human', 'mouse', 'fly', 'yeast', 'worm', or 'fish'."
            )
    
        if species == "mouse":
            species = "human"
    
        species_enrichr = f"{species.capitalize()}Enrichr"
        if species == "human":
            species_enrichr = "Enrichr"
    
        if species != "human":
            if database in [
                "pathway",
                "transcription",
                "ontology",
                "diseases_drugs",
                "celltypes",
                "kinase_interactions",
            ]:
                raise ValueError(
                    f"Database '{database}' is not supported for species '{species}'."
                    f" Please select a database from the species-specific libraries listed at:"
                    f" https://maayanlab.cloud/{species_enrichr}/#stats."
                )
    
            if background:
                raise ValueError(
                    f"Background genes are only supported for species 'human' and 'mouse', not for species '{species}'."
                    f" Please set 'background=False' or leave it unspecified."
                )
    
            if background_list:
                raise ValueError(
                    f"Background genes are only supported for species 'human' and 'mouse', not for species '{species}'."
                    f" Please do not provide a value for 'background_list'."
                )
    
        # Define database
        # All available libraries: https://maayanlab.cloud/Enrichr/#libraries
        if species == "human":
            db_message = f"""
            Please note that there might be a more appropriate database for your application.
            Go to https://maayanlab.cloud/{species_enrichr}/#libraries for a full list of supported databases.
            """
        else:
            db_message = f"""
            Please note that there might be a more appropriate database for your application.
            Go to https://maayanlab.cloud/{species_enrichr}/#stats for a full list of supported databases.
            """
        if not isinstance(background, bool):
            raise ValueError(
                f"Argument`background` must be a boolean True/False. If you are adding a background list, use the argument `background_list` instead."
            )
    
        # Handle database shortcuts
        if database == "pathway":
            database = "KEGG_2021_Human"
            if verbose:
                logger.info(
                    f"Performing Enrichr analysis using database {database}. " + db_message
                )
    
        elif database == "transcription":
            database = "ChEA_2016"
            if verbose:
                logger.info(
                    f"Performing Enrichr analysis using database {database}. " + db_message
                )
    
        elif database == "ontology":
            database = "GO_Biological_Process_2021"
            if verbose:
                logger.info(
                    f"Performing Enrichr analysis using database {database}. " + db_message
                )
    
        elif database == "diseases_drugs":
            database = "GWAS_Catalog_2019"
            if verbose:
                logger.info(
                    f"Performing Enrichr analysis using database {database}. " + db_message
                )
    
        elif database == "celltypes":
            database = "PanglaoDB_Augmented_2021"
            if verbose:
                logger.info(
                    f"Performing Enrichr analysis using database {database}. " + db_message
                )
    
        elif database == "kinase_interactions":
            database = "KEA_2015"
            if verbose:
                logger.info(
                    f"Performing Enrichr analysis using database {database}. " + db_message
                )
    
        else:
            database = database
            if verbose:
                logger.info(f"Performing Enrichr analysis using database {database}.")
    
        # To generate a KEGG pathway image, confirm that the database is a KEGG database and pykegg is installed
        if kegg_out:
            if not database.startswith("KEGG"):
                logger.error(
                    "Please specify a KEGG database when generating a KEGG pathway image."
                )
                return
            try:
                import pykegg
            except ImportError:
                logger.error(
                    "Please install `pykegg` to generate a KEGG pathway image. Pykegg can be installed using pip: 'pip install pykegg'"
                )
                return
    
        # If single gene passed as string, convert to list
        if isinstance(genes, str):
            genes = [genes]
    
        ## Transform Ensembl IDs to gene symbols
        if ensembl:
            if verbose:
                logger.info("Getting gene symbols from Ensembl IDs.")
    
>           genes_v2 = ensembl_to_gene_names(genes)
                       ^^^^^^^^^^^^^^^^^^^^^^^^^^^^

gget/gget_enrichr.py:248: 
_ _ _ _ _ _ _ _ _ _ _ _ _ _ _ _ _ _ _ _ _ _ _ _ _ _ _ _ _ _ _ _ _ _ _ _ _ _ _ _ 

ensembl_ids = ['ENSG00000120053', 'ENSG00000129596', 'ENSG00000163631', 'ENSG00000167701', 'ENSG00000244067']

    def ensembl_to_gene_names(ensembl_ids):
        """
        Function to fetch gene names from a list of Ensembl IDs using gget info.
        """
        genes_v2 = []
    
        # Remove version number if passed
        ensembl_ids = [gene_id.split(".")[0] for gene_id in ensembl_ids]
    
>       info_df = info(ensembl_ids, pdb=False, ncbi=False, uniprot=False, verbose=False)
                  ^^^^^^^^^^^^^^^^^^^^^^^^^^^^^^^^^^^^^^^^^^^^^^^^^^^^^^^^^^^^^^^^^^^^^^

gget/gget_enrichr.py:34: 
_ _ _ _ _ _ _ _ _ _ _ _ _ _ _ _ _ _ _ _ _ _ _ _ _ _ _ _ _ _ _ _ _ _ _ _ _ _ _ _ 

ens_ids = ['ENSG00000120053', 'ENSG00000129596', 'ENSG00000163631', 'ENSG00000167701', 'ENSG00000244067']
wrap_text = False, ncbi = False, uniprot = False, pdb = False, json = False
verbose = False, save = False, expand = False, ensembl_only = False

    def info(
        ens_ids,
        wrap_text=False,
        ncbi=True,
        uniprot=True,
        pdb=False,
        json=False,
        verbose=True,
        save=False,
        expand=False,
        ensembl_only=False,
    ):
        """
        Fetch gene and transcript metadata using Ensembl IDs.
    
        Args:
        - ens_ids       One or more Ensembl IDs to look up (string or list of strings).
                        Also supports WormBase and Flybase IDs.
        - wrap_text     If True, displays data frame with wrapped text for easy reading. Default: False.
        - ncbi          If False, does not return data from NCBI. Default: True.
        - uniprot       If False, does not return data from UniProt. Default: True.
        - pdb           If True, also returns PDB IDs (might increase run time). Default: False.
        - json          If True, returns results in json/dictionary format instead of data frame. Default: False.
        - verbose       True/False whether to print progress information. Default True.
        - save          True/False wether to save csv with query results in current working directory. Default: False.
    
        Returns a data frame containing the requested information.
    
        Deprecated arguments:
        - expand        (gget info now always returns all of the available information)
        - ensembl_only  If True, only returns results from Ensembl (excludes PDB, UniProt, and NCBI results). Default: False.
        """
        # Handle deprecated arguments
        if expand:
            if verbose:
                logger.warning(
                    "'expand' argument deprecated! gget info now always returns all of the available information."
                )
        if ensembl_only:
            if verbose:
                logger.warning(
                    "'ensembl_only' argument deprecated! Please use arguments 'ncbi=False' and 'uniprot=False'."
                )
    
        # Set synonyms found by each database initially to none
        ncbi_synonyms = None
        df_uniprot = None
        df_pdb = pd.DataFrame()
        df_ncbi = pd.DataFrame()
    
        # Rename pdb, uniprot, ncbi arguments
        fetch_ncbi = ncbi
        fetch_uniprot = uniprot
        fetch_pdb = pdb
    
        # Define Ensembl REST API server
        server = ENSEMBL_REST_API
        # Define type of returned content from REST
        content_type = "application/json"
    
        ## Clean up Ensembl IDs
        # If single Ensembl ID passed as string, convert to list
        if type(ens_ids) == str:
            ens_ids = [ens_ids]
        # Remove Ensembl ID version if passed
        ens_ids_clean = []
        temp = 0
        for ensembl_ID in ens_ids:
            # But only for Ensembl ID (and not for flybase/wormbase IDs)
            if ensembl_ID.startswith("ENS"):
                ens_ids_clean.append(ensembl_ID.split(".")[0])
    
                if "." in ensembl_ID and temp == 0:
                    if verbose is True:
                        logger.info(
                            "We noticed that you passed a version number with your Ensembl ID.\n"
                            "Please note that gget info will always return information linked to the latest Ensembl ID version (see 'ensembl_id')."
                        )
                    temp = +1
    
            else:
                ens_ids_clean.append(ensembl_ID)
    
        # Remove duplicates in the Ensembl ID list without changing their order
        ens_ids_clean = sorted(set(ens_ids_clean), key=ens_ids_clean.index)
        # Create second clean list of Ensembl IDs which will not include IDs that were not found
        ens_ids_clean_2 = ens_ids_clean.copy()
    
        # Initiate dictionary to save results for all IDs in
        master_dict = {}
    
        # Query REST APIs from https://rest.ensembl.org/
        endpoint = "lookup/id/"
        query = {"ids": ens_ids_clean, "expand": True}
    
>       results_dict = post_query(server, endpoint, query)
                       ^^^^^^^^^^^^^^^^^^^^^^^^^^^^^^^^^^^

gget/gget_info.py:119: 
_ _ _ _ _ _ _ _ _ _ _ _ _ _ _ _ _ _ _ _ _ _ _ _ _ _ _ _ _ _ _ _ _ _ _ _ _ _ _ _ 

server = 'http://rest.ensembl.org/', endpoint = 'lookup/id/'
query = {'ids': ['ENSG00000120053', 'ENSG00000129596', 'ENSG00000163631', 'ENSG00000167701', 'ENSG00000244067'], 'expand': True}

    def post_query(server, endpoint, query):
        """
        Function to perform a POST API query.
    
        :param server:  Server to query .
        :param endpoint: Server endpoint
        :param query:   Query that is passed to server.
    
        :return: server output
        """
    
        r = requests.post(
            server + endpoint, json=query, headers={"Content-Type": "application/json"}
        )
    
        if not r.ok:
>           raise RuntimeError(
                f"{server} returned error status code {r.status_code}. "
                "Please double-check arguments and try again.\n"
            )
E           RuntimeError: http://rest.ensembl.org/ returned error status code 500. Please double-check arguments and try again.

gget/utils.py:695: RuntimeError
------------------------------ Captured log call -------------------------------
INFO     gget.utils:gget_enrichr.py:208 Performing Enrichr analysis using database PanglaoDB_Augmented_2021. 
        Please note that there might be a more appropriate database for your application. 
        Go to https://maayanlab.cloud/Enrichr/#libraries for a full list of supported databases.
        
INFO     gget.utils:gget_enrichr.py:246 Getting gene symbols from Ensembl IDs.
_____________________ TestEnrichr.test_enrichr_ensembl_ids _____________________

self = <tests.test_enrichr.TestEnrichr testMethod=test_enrichr_ensembl_ids>

    def assert_equal(self: unittest.TestCase):
        test = name
        expected_result = td[test]["expected_result"]
>       result_to_test = do_call(func, td[test]["args"])
                         ^^^^^^^^^^^^^^^^^^^^^^^^^^^^^^^

tests/from_json.py:65: 
_ _ _ _ _ _ _ _ _ _ _ _ _ _ _ _ _ _ _ _ _ _ _ _ _ _ _ _ _ _ _ _ _ _ _ _ _ _ _ _ 

func = <function enrichr at 0x7f7da5f376a0>
args = {'genes': ['ENSG00000106443.2', 'ENSG00000102317', 'ENSG00000188895.4', 'ENSG00000135365'], 'database': 'ontology', 'ensembl': True}

    def do_call(func, args):
        if isinstance(args, dict):
>           return func(**args)
                   ^^^^^^^^^^^^

tests/from_json.py:57: 
_ _ _ _ _ _ _ _ _ _ _ _ _ _ _ _ _ _ _ _ _ _ _ _ _ _ _ _ _ _ _ _ _ _ _ _ _ _ _ _ 

genes = ['ENSG00000106443.2', 'ENSG00000102317', 'ENSG00000188895.4', 'ENSG00000135365']
database = 'GO_Biological_Process_2021', species = 'human'
background_list = None, background = False, ensembl = True, ensembl_bkg = False
plot = False, figsize = (10, 10), ax = None, kegg_out = None, kegg_rank = 1
json = False, save = False, verbose = True

    def enrichr(
        genes,
        database,
        species="human",
        background_list=None,
        background=False,
        ensembl=False,
        ensembl_bkg=False,
        plot=False,
        figsize=(10, 10),
        ax=None,
        kegg_out=None,
        kegg_rank=1,
        json=False,
        save=False,
        verbose=True,
    ):
        """
        Perform an enrichment analysis on a list of genes using Enrichr (https://maayanlab.cloud/Enrichr/).
    
        Args:
        - genes             List of Entrez gene symbols to perform enrichment analysis on, passed as a list of strings, e.g. ['PHF14', 'RBM3', 'MSL1', 'PHF21A'].
                            Set 'ensembl = True' to input a list of Ensembl gene IDs, e.g. ['ENSG00000106443', 'ENSG00000102317', 'ENSG00000188895'].
        - database          Database to use as reference for the enrichment analysis.
                            Supported shortcuts (and their default database), ONLY SUPPORTED FOR HUMAN/MOUSE SPECIES (other species must specify the full database name):
                            'pathway' (KEGG_2021_Human)
                            'transcription' (ChEA_2016)
                            'ontology' (GO_Biological_Process_2021)
                            'diseases_drugs' (GWAS_Catalog_2019)
                            'celltypes' (PanglaoDB_Augmented_2021)
                            'kinase_interactions' (KEA_2015)
                            or any database listed under Gene-set Library at: https://maayanlab.cloud/Enrichr/#libraries or the species-specific libraries listed below
        - species           Enrichr species database to query. Options:
                            'human' (default) [H. sapiens] - https://maayanlab.cloud/Enrichr/#libraries
                            'mouse' [M. musculus] - equivalent to 'human'
                            'fly' [D. melanogaster] - https://maayanlab.cloud/FlyEnrichr/#stats
                            'yeast' [S. cerevisiae] - https://maayanlab.cloud/YeastEnrichr/#stats
                            'worm' [C. elegans] - https://maayanlab.cloud/WormEnrichr/#stats
                            'fish' [D. rerio] - https://maayanlab.cloud/FishEnrichr/#stats
        - background_list   List of gene names/Ensembl IDs to be used as background genes. ONLY SUPPORTED FOR HUMAN/MOUSE SPECIES (Default: None)
        - background        If True, use set of > 20,000 default background genes listed here: https://github.com/pachterlab/gget/blob/main/gget/constants/enrichr_bkg_genes.txt.
                            ONLY SUPPORTED FOR HUMAN/MOUSE SPECIES (Default: False)
        - ensembl           Define as 'True' if 'genes' is a list of Ensembl gene IDs. (Default: False)
        - ensembl_bkg       Define as 'True' if 'background_list' is a list of Ensembl gene IDs. (Default: False)
        - plot              True/False whether to provide a graphical overview of the first 15 results. (Default: False)
        - figsize           (width, height) of plot in inches. (Default: (10,10))
        - ax                Pass a matplotlib axes object for further customization of the plot. (Default: None)
        - kegg_out          Path to file to save the highlighted KEGG pathway image, e.g. path/to/folder/kegg_pathway.png. (Default: None)
        - kegg_rank         Candidate pathway rank to be plotted in KEGG pathway image. (Default: 1)
        - json              If True, returns results in json format instead of data frame. (Default: False)
        - save              True/False whether to save the results in the local directory. (Default: False)
        - verbose           True/False whether to print progress information. (Default: True)
    
        Returns a data frame with the Enrichr results.
        """
    
        if species not in ["human", "mouse", "fly", "yeast", "worm", "fish"]:
            raise ValueError(
                f"Argument 'species' must be one of 'human', 'mouse', 'fly', 'yeast', 'worm', or 'fish'."
            )
    
        if species == "mouse":
            species = "human"
    
        species_enrichr = f"{species.capitalize()}Enrichr"
        if species == "human":
            species_enrichr = "Enrichr"
    
        if species != "human":
            if database in [
                "pathway",
                "transcription",
                "ontology",
                "diseases_drugs",
                "celltypes",
                "kinase_interactions",
            ]:
                raise ValueError(
                    f"Database '{database}' is not supported for species '{species}'."
                    f" Please select a database from the species-specific libraries listed at:"
                    f" https://maayanlab.cloud/{species_enrichr}/#stats."
                )
    
            if background:
                raise ValueError(
                    f"Background genes are only supported for species 'human' and 'mouse', not for species '{species}'."
                    f" Please set 'background=False' or leave it unspecified."
                )
    
            if background_list:
                raise ValueError(
                    f"Background genes are only supported for species 'human' and 'mouse', not for species '{species}'."
                    f" Please do not provide a value for 'background_list'."
                )
    
        # Define database
        # All available libraries: https://maayanlab.cloud/Enrichr/#libraries
        if species == "human":
            db_message = f"""
            Please note that there might be a more appropriate database for your application.
            Go to https://maayanlab.cloud/{species_enrichr}/#libraries for a full list of supported databases.
            """
        else:
            db_message = f"""
            Please note that there might be a more appropriate database for your application.
            Go to https://maayanlab.cloud/{species_enrichr}/#stats for a full list of supported databases.
            """
        if not isinstance(background, bool):
            raise ValueError(
                f"Argument`background` must be a boolean True/False. If you are adding a background list, use the argument `background_list` instead."
            )
    
        # Handle database shortcuts
        if database == "pathway":
            database = "KEGG_2021_Human"
            if verbose:
                logger.info(
                    f"Performing Enrichr analysis using database {database}. " + db_message
                )
    
        elif database == "transcription":
            database = "ChEA_2016"
            if verbose:
                logger.info(
                    f"Performing Enrichr analysis using database {database}. " + db_message
                )
    
        elif database == "ontology":
            database = "GO_Biological_Process_2021"
            if verbose:
                logger.info(
                    f"Performing Enrichr analysis using database {database}. " + db_message
                )
    
        elif database == "diseases_drugs":
            database = "GWAS_Catalog_2019"
            if verbose:
                logger.info(
                    f"Performing Enrichr analysis using database {database}. " + db_message
                )
    
        elif database == "celltypes":
            database = "PanglaoDB_Augmented_2021"
            if verbose:
                logger.info(
                    f"Performing Enrichr analysis using database {database}. " + db_message
                )
    
        elif database == "kinase_interactions":
            database = "KEA_2015"
            if verbose:
                logger.info(
                    f"Performing Enrichr analysis using database {database}. " + db_message
                )
    
        else:
            database = database
            if verbose:
                logger.info(f"Performing Enrichr analysis using database {database}.")
    
        # To generate a KEGG pathway image, confirm that the database is a KEGG database and pykegg is installed
        if kegg_out:
            if not database.startswith("KEGG"):
                logger.error(
                    "Please specify a KEGG database when generating a KEGG pathway image."
                )
                return
            try:
                import pykegg
            except ImportError:
                logger.error(
                    "Please install `pykegg` to generate a KEGG pathway image. Pykegg can be installed using pip: 'pip install pykegg'"
                )
                return
    
        # If single gene passed as string, convert to list
        if isinstance(genes, str):
            genes = [genes]
    
        ## Transform Ensembl IDs to gene symbols
        if ensembl:
            if verbose:
                logger.info("Getting gene symbols from Ensembl IDs.")
    
>           genes_v2 = ensembl_to_gene_names(genes)
                       ^^^^^^^^^^^^^^^^^^^^^^^^^^^^

gget/gget_enrichr.py:248: 
_ _ _ _ _ _ _ _ _ _ _ _ _ _ _ _ _ _ _ _ _ _ _ _ _ _ _ _ _ _ _ _ _ _ _ _ _ _ _ _ 

ensembl_ids = ['ENSG00000106443', 'ENSG00000102317', 'ENSG00000188895', 'ENSG00000135365']

    def ensembl_to_gene_names(ensembl_ids):
        """
        Function to fetch gene names from a list of Ensembl IDs using gget info.
        """
        genes_v2 = []
    
        # Remove version number if passed
        ensembl_ids = [gene_id.split(".")[0] for gene_id in ensembl_ids]
    
>       info_df = info(ensembl_ids, pdb=False, ncbi=False, uniprot=False, verbose=False)
                  ^^^^^^^^^^^^^^^^^^^^^^^^^^^^^^^^^^^^^^^^^^^^^^^^^^^^^^^^^^^^^^^^^^^^^^

gget/gget_enrichr.py:34: 
_ _ _ _ _ _ _ _ _ _ _ _ _ _ _ _ _ _ _ _ _ _ _ _ _ _ _ _ _ _ _ _ _ _ _ _ _ _ _ _ 

ens_ids = ['ENSG00000106443', 'ENSG00000102317', 'ENSG00000188895', 'ENSG00000135365']
wrap_text = False, ncbi = False, uniprot = False, pdb = False, json = False
verbose = False, save = False, expand = False, ensembl_only = False

    def info(
        ens_ids,
        wrap_text=False,
        ncbi=True,
        uniprot=True,
        pdb=False,
        json=False,
        verbose=True,
        save=False,
        expand=False,
        ensembl_only=False,
    ):
        """
        Fetch gene and transcript metadata using Ensembl IDs.
    
        Args:
        - ens_ids       One or more Ensembl IDs to look up (string or list of strings).
                        Also supports WormBase and Flybase IDs.
        - wrap_text     If True, displays data frame with wrapped text for easy reading. Default: False.
        - ncbi          If False, does not return data from NCBI. Default: True.
        - uniprot       If False, does not return data from UniProt. Default: True.
        - pdb           If True, also returns PDB IDs (might increase run time). Default: False.
        - json          If True, returns results in json/dictionary format instead of data frame. Default: False.
        - verbose       True/False whether to print progress information. Default True.
        - save          True/False wether to save csv with query results in current working directory. Default: False.
    
        Returns a data frame containing the requested information.
    
        Deprecated arguments:
        - expand        (gget info now always returns all of the available information)
        - ensembl_only  If True, only returns results from Ensembl (excludes PDB, UniProt, and NCBI results). Default: False.
        """
        # Handle deprecated arguments
        if expand:
            if verbose:
                logger.warning(
                    "'expand' argument deprecated! gget info now always returns all of the available information."
                )
        if ensembl_only:
            if verbose:
                logger.warning(
                    "'ensembl_only' argument deprecated! Please use arguments 'ncbi=False' and 'uniprot=False'."
                )
    
        # Set synonyms found by each database initially to none
        ncbi_synonyms = None
        df_uniprot = None
        df_pdb = pd.DataFrame()
        df_ncbi = pd.DataFrame()
    
        # Rename pdb, uniprot, ncbi arguments
        fetch_ncbi = ncbi
        fetch_uniprot = uniprot
        fetch_pdb = pdb
    
        # Define Ensembl REST API server
        server = ENSEMBL_REST_API
        # Define type of returned content from REST
        content_type = "application/json"
    
        ## Clean up Ensembl IDs
        # If single Ensembl ID passed as string, convert to list
        if type(ens_ids) == str:
            ens_ids = [ens_ids]
        # Remove Ensembl ID version if passed
        ens_ids_clean = []
        temp = 0
        for ensembl_ID in ens_ids:
            # But only for Ensembl ID (and not for flybase/wormbase IDs)
            if ensembl_ID.startswith("ENS"):
                ens_ids_clean.append(ensembl_ID.split(".")[0])
    
                if "." in ensembl_ID and temp == 0:
                    if verbose is True:
                        logger.info(
                            "We noticed that you passed a version number with your Ensembl ID.\n"
                            "Please note that gget info will always return information linked to the latest Ensembl ID version (see 'ensembl_id')."
                        )
                    temp = +1
    
            else:
                ens_ids_clean.append(ensembl_ID)
    
        # Remove duplicates in the Ensembl ID list without changing their order
        ens_ids_clean = sorted(set(ens_ids_clean), key=ens_ids_clean.index)
        # Create second clean list of Ensembl IDs which will not include IDs that were not found
        ens_ids_clean_2 = ens_ids_clean.copy()
    
        # Initiate dictionary to save results for all IDs in
        master_dict = {}
    
        # Query REST APIs from https://rest.ensembl.org/
        endpoint = "lookup/id/"
        query = {"ids": ens_ids_clean, "expand": True}
    
>       results_dict = post_query(server, endpoint, query)
                       ^^^^^^^^^^^^^^^^^^^^^^^^^^^^^^^^^^^

gget/gget_info.py:119: 
_ _ _ _ _ _ _ _ _ _ _ _ _ _ _ _ _ _ _ _ _ _ _ _ _ _ _ _ _ _ _ _ _ _ _ _ _ _ _ _ 

server = 'http://rest.ensembl.org/', endpoint = 'lookup/id/'
query = {'ids': ['ENSG00000106443', 'ENSG00000102317', 'ENSG00000188895', 'ENSG00000135365'], 'expand': True}

    def post_query(server, endpoint, query):
        """
        Function to perform a POST API query.
    
        :param server:  Server to query .
        :param endpoint: Server endpoint
        :param query:   Query that is passed to server.
    
        :return: server output
        """
    
        r = requests.post(
            server + endpoint, json=query, headers={"Content-Type": "application/json"}
        )
    
        if not r.ok:
>           raise RuntimeError(
                f"{server} returned error status code {r.status_code}. "
                "Please double-check arguments and try again.\n"
            )
E           RuntimeError: http://rest.ensembl.org/ returned error status code 500. Please double-check arguments and try again.

gget/utils.py:695: RuntimeError
------------------------------ Captured log call -------------------------------
INFO     gget.utils:gget_enrichr.py:194 Performing Enrichr analysis using database GO_Biological_Process_2021. 
        Please note that there might be a more appropriate database for your application. 
        Go to https://maayanlab.cloud/Enrichr/#libraries for a full list of supported databases.
        
INFO     gget.utils:gget_enrichr.py:246 Getting gene symbols from Ensembl IDs.
=============================== warnings summary ===============================
tests/test_blast.py::TestBlast::test_blast_nt
  /home/runner/work/gget/gget/gget/gget_blast.py:327: FutureWarning: Passing literal html to 'read_html' is deprecated and will be removed in a future version. To read from a literal string, wrap it in a 'StringIO' object.
    results_df = pd.read_html(str(dsc_table))[0]

tests/test_cbio.py::TestCbioSearch::test_cbio_search
tests/test_cbio.py::TestCbioSearch::test_cbio_search
  /opt/hostedtoolcache/Python/3.12.13/x64/lib/python3.12/site-packages/swagger_spec_validator/validator12.py:18: DeprecationWarning: jsonschema.RefResolver is deprecated as of v4.18.0, in favor of the https://github.com/python-jsonschema/referencing library, which provides more compliant referencing behavior as well as more flexible APIs for customization. A future release will remove RefResolver. Please file a feature request (on referencing) if you are missing an API for the kind of customization you need.
    from jsonschema import RefResolver

tests/test_cbio.py::TestCbioSearch::test_cbio_search
  /opt/hostedtoolcache/Python/3.12.13/x64/lib/python3.12/site-packages/swagger_spec_validator/ref_validators.py:14: DeprecationWarning: jsonschema.RefResolver is deprecated as of v4.18.0, in favor of the https://github.com/python-jsonschema/referencing library, which provides more compliant referencing behavior as well as more flexible APIs for customization. A future release will remove RefResolver. Please file a feature request (on referencing) if you are missing an API for the kind of customization you need.
    from jsonschema.validators import RefResolver

tests/test_cbio.py::TestCbioSearch::test_cbio_search
  /opt/hostedtoolcache/Python/3.12.13/x64/lib/python3.12/site-packages/swagger_spec_validator/validator20.py:18: DeprecationWarning: jsonschema.RefResolver is deprecated as of v4.18.0, in favor of the https://github.com/python-jsonschema/referencing library, which provides more compliant referencing behavior as well as more flexible APIs for customization. A future release will remove RefResolver. Please file a feature request (on referencing) if you are missing an API for the kind of customization you need.
    from jsonschema.validators import RefResolver

tests/test_cbio.py::TestCbioSearch::test_cbio_search
tests/test_cbio.py::TestCbioSearch::test_cbio_search
  /opt/hostedtoolcache/Python/3.12.13/x64/lib/python3.12/site-packages/bravado_core/swagger20_validator.py:6: DeprecationWarning: jsonschema.RefResolver is deprecated as of v4.18.0, in favor of the https://github.com/python-jsonschema/referencing library, which provides more compliant referencing behavior as well as more flexible APIs for customization. A future release will remove RefResolver. Please file a feature request (on referencing) if you are missing an API for the kind of customization you need.
    from jsonschema import RefResolver

tests/test_cbio.py::TestCbioSearch::test_cbio_search
  /opt/hostedtoolcache/Python/3.12.13/x64/lib/python3.12/site-packages/bravado_core/spec.py:14: DeprecationWarning: jsonschema.RefResolver is deprecated as of v4.18.0, in favor of the https://github.com/python-jsonschema/referencing library, which provides more compliant referencing behavior as well as more flexible APIs for customization. A future release will remove RefResolver. Please file a feature request (on referencing) if you are missing an API for the kind of customization you need.
    from jsonschema.validators import RefResolver

tests/test_cbio.py: 16 warnings
  /opt/hostedtoolcache/Python/3.12.13/x64/lib/python3.12/site-packages/bravado_core/model.py:888: DeprecationWarning: jsonschema.RefResolver.in_scope is deprecated and will be removed in a future release.
    with spec.resolver.in_scope(additional_uri):

tests/test_cellxgene.py::TestCellxgene::test_cellxgene_adata
  /home/runner/work/gget/gget/gget/gget_cellxgene.py:222: FutureWarning: The argument `column_names` is deprecated and will be removed in a future release. Please use `obs_column_names` and `var_column_names` instead.
    adata = cellxgene_census.get_anndata(

tests/test_cellxgene.py::TestCellxgene::test_cellxgene_adata
tests/test_cellxgene.py::TestCellxgene::test_cellxgene_adata
  /opt/hostedtoolcache/Python/3.12.13/x64/lib/python3.12/functools.py:912: ImplicitModificationWarning: Transforming to str index.
    return dispatch(args[0].__class__)(*args, **kw)

tests/test_cosmic.py::TestCosmicWorkflow::test_cosmic_defaults
  /home/runner/work/gget/gget/gget/gget_cosmic.py:183: DeprecationWarning: Python 3.14 will, by default, filter extracted tar archives and reject files or modify their metadata. Use the filter argument to control this behavior.
    tar.extractall(path=tar_folder_path)

-- Docs: https://docs.pytest.org/en/stable/how-to/capture-warnings.html
============================= slowest 10 durations =============================
873.50s call     tests/test_blast.py::TestBlast::test_blast_nt
33.07s call     tests/test_8cube.py::TestSpecificity::test_specificity_basic
24.35s call     tests/test_cellxgene.py::TestCellxgene::test_cellxgene_adata
17.86s call     tests/test_archs4.py::TestArchs4::test_archs4_mouse_json_ensembl
13.49s setup    tests/test_cosmic.py::TestCosmicWorkflow::test_cosmic_defaults
12.85s call     tests/test_elm.py::TestELM::test_elm_uniprot_id_new
3.94s call     tests/test_cbio.py::TestCbio::test_cbio_download_partially_existing_files
3.58s call     tests/test_archs4.py::TestArchs4::test_archs4_bad_ensembl
3.27s call     tests/test_archs4.py::TestArchs4::test_archs4_bad_gene
3.22s call     tests/test_cbio.py::TestCbioSearch::test_cbio_search
=========================== short test summary info ============================
ERROR tests/test_cosmic.py::TestCosmicWorkflow::test_cosmic_defaults - FileNotFoundError: Expected COSMIC files were not found after download.
FAILED tests/test_archs4.py::TestArchs4::test_archs4_tissue_ensembl - RuntimeError: http://rest.ensembl.org/ returned error status code 500. Please double-check arguments and try again.
FAILED tests/test_cellxgene.py::TestCellxgene::test_cellxgene_adata - AssertionError: {'n_o[179 chars]ature_id', 'feature_name', 'feature_length'], 'layers': [None]} != {'n_o[179 chars]ature_id', 'feature_name', 'feature_length']}
- {'layers': [None],
-  'n_obs': 3679,
? ^

+ {'n_obs': 3679,
? ^

   'n_vars': 3,
   'obs': ['dataset_id',
           'assay',
           'suspension_type',
           'sex',
           'tissue_general',
           'tissue',
           'cell_type',
           'disease',
           'is_primary_data'],
   'var': ['soma_joinid', 'feature_id', 'feature_name', 'feature_length']}
FAILED tests/test_enrichr.py::TestEnrichr::test_enrichr_background_ensembl - RuntimeError: http://rest.ensembl.org/ returned error status code 500. Please double-check arguments and try again.
FAILED tests/test_enrichr.py::TestEnrichr::test_enrichr_ensembl_ids - RuntimeError: http://rest.ensembl.org/ returned error status code 500. Please double-check arguments and try again.
!!!!!!!!!!!!!!!!!!!!!!!!!! stopping after 5 failures !!!!!!!!!!!!!!!!!!!!!!!!!!!
======= 4 failed, 66 passed, 28 warnings, 1 error in 1027.40s (0:17:07) ========
