Pytest results (Python 3.12) - 2026-02-19T16:16:18Z

============================= test session starts ==============================
platform linux -- Python 3.12.12, pytest-9.0.2, pluggy-1.6.0 -- /opt/hostedtoolcache/Python/3.12.12/x64/bin/python
cachedir: .pytest_cache
rootdir: /home/runner/work/gget/gget
configfile: pyproject.toml
plugins: zarr-3.1.5, fast-array-utils-1.3.1, cov-7.0.0
collecting ... collected 250 items

tests/test_8cube.py::TestSpecificity::test_specificity_basic PASSED      [  0%]
tests/test_8cube.py::TestPsiBlock::test_psi_block_basic PASSED           [  0%]
tests/test_8cube.py::TestGeneExpression::test_gene_expression_basic PASSED [  1%]
tests/test_archs4.py::TestArchs4::test_archs4_bad_ensembl PASSED         [  1%]
tests/test_archs4.py::TestArchs4::test_archs4_bad_gene PASSED            [  2%]
tests/test_archs4.py::TestArchs4::test_archs4_bad_gene_tissue PASSED     [  2%]
tests/test_archs4.py::TestArchs4::test_archs4_bad_species PASSED         [  2%]
tests/test_archs4.py::TestArchs4::test_archs4_bad_which PASSED           [  3%]
tests/test_archs4.py::TestArchs4::test_archs4_defaults PASSED            [  3%]
tests/test_archs4.py::TestArchs4::test_archs4_mouse_json_ensembl PASSED  [  4%]
tests/test_archs4.py::TestArchs4::test_archs4_tissue FAILED              [  4%]
tests/test_archs4.py::TestArchs4::test_archs4_tissue_ensembl PASSED      [  4%]
tests/test_archs4.py::TestArchs4::test_archs4_tissue_json PASSED         [  5%]
tests/test_archs4.py::TestArchs4::test_archs4_tissue_mouse PASSED        [  5%]
tests/test_bgee.py::TestBgee::test_bgee_expression PASSED                [  6%]
tests/test_bgee.py::TestBgee::test_bgee_expression_multiple PASSED       [  6%]
tests/test_bgee.py::TestBgee::test_bgee_orthologs PASSED                 [  6%]
tests/test_bgee.py::TestBgee::test_error_bgee_expression_no_exist PASSED [  7%]
tests/test_bgee.py::TestBgee::test_error_bgee_orthologs_no_exist PASSED  [  7%]
tests/test_bgee.py::TestBgee::test_error_bgee_unknown_type PASSED        [  8%]
tests/test_blast.py::TestBlast::test_blast_bad_db1 PASSED                [  8%]
tests/test_blast.py::TestBlast::test_blast_bad_db2 PASSED                [  8%]
tests/test_blast.py::TestBlast::test_blast_bad_fasta PASSED              [  9%]
tests/test_blast.py::TestBlast::test_blast_bad_program PASSED            [  9%]
tests/test_blast.py::TestBlast::test_blast_bad_seq PASSED                [ 10%]
tests/test_blast.py::TestBlast::test_blast_db_missing PASSED             [ 10%]
tests/test_blast.py::TestBlast::test_blast_nt PASSED                     [ 10%]
tests/test_blat.py::TestBlat::test_blat_aa PASSED                        [ 11%]
tests/test_blat.py::TestBlat::test_blat_aa_RNA PASSED                    [ 11%]
tests/test_blat.py::TestBlat::test_blat_aa_protein PASSED                [ 12%]
tests/test_blat.py::TestBlat::test_blat_bad_assembly PASSED              [ 12%]
tests/test_blat.py::TestBlat::test_blat_bad_fasta PASSED                 [ 12%]
tests/test_blat.py::TestBlat::test_blat_bad_fileformat PASSED            [ 13%]
tests/test_blat.py::TestBlat::test_blat_bad_seqtype PASSED               [ 13%]
tests/test_blat.py::TestBlat::test_blat_bad_txt PASSED                   [ 14%]
tests/test_blat.py::TestBlat::test_blat_nt PASSED                        [ 14%]
tests/test_blat.py::TestBlat::test_blat_nt_DNA PASSED                    [ 14%]
tests/test_blat.py::TestBlat::test_blat_nt_RNA PASSED                    [ 15%]
tests/test_blat.py::TestBlat::test_blat_nt_fasta PASSED                  [ 15%]
tests/test_blat.py::TestBlat::test_blat_nt_json PASSED                   [ 16%]
tests/test_blat.py::TestBlat::test_blat_nt_protein PASSED                [ 16%]
tests/test_blat.py::TestBlat::test_blat_nt_transDNA PASSED               [ 16%]
tests/test_blat.py::TestBlat::test_blat_nt_txt PASSED                    [ 17%]
tests/test_blat.py::TestBlat::test_blat_shortseq PASSED                  [ 17%]
tests/test_cbio.py::TestCbioSearch::test_cbio_search PASSED              [ 18%]
tests/test_cbio.py::TestCbio::test_cbio_download PASSED                  [ 18%]
tests/test_cbio.py::TestCbio::test_cbio_download_partially_existing_files PASSED [ 18%]
tests/test_cbio.py::TestCbio::test_error_cbio_download PASSED            [ 19%]
tests/test_cellxgene.py::TestCellxgene::test_cellxgene_adata PASSED      [ 19%]
tests/test_cellxgene.py::TestCellxgene::test_cellxgene_metadata PASSED   [ 20%]
tests/test_compile.py::TestCompilerWindows::test_compiler_windows PASSED [ 20%]
tests/test_cosmic.py::TestCosmicWorkflow::test_cosmic_defaults PASSED    [ 20%]
tests/test_diamond.py::TestDiamond::test_diamond_JSON_out PASSED         [ 21%]
tests/test_diamond.py::TestDiamond::test_diamond_both_files PASSED       [ 21%]
tests/test_diamond.py::TestDiamond::test_diamond_query_file PASSED       [ 22%]
tests/test_diamond.py::TestDiamond::test_diamond_ref_file PASSED         [ 22%]
tests/test_diamond.py::TestDiamond::test_diamond_seqs_multiple PASSED    [ 22%]
tests/test_diamond.py::TestDiamond::test_diamond_seqs_single PASSED      [ 23%]
tests/test_elm.py::TestELM::test_elm_uniprot_aminoacidseq PASSED         [ 23%]
tests/test_elm.py::TestELM::test_elm_uniprot_id_in_elm PASSED            [ 24%]
tests/test_elm.py::TestELM::test_elm_uniprot_id_new PASSED               [ 24%]
tests/test_enrichr.py::TestEnrichr::test_enrichr_background PASSED       [ 24%]
tests/test_enrichr.py::TestEnrichr::test_enrichr_background_ensembl FAILED [ 25%]
tests/test_enrichr.py::TestEnrichr::test_enrichr_bad_background PASSED   [ 25%]
tests/test_enrichr.py::TestEnrichr::test_enrichr_bad_background_list PASSED [ 26%]
tests/test_enrichr.py::TestEnrichr::test_enrichr_bad_database_shortcut PASSED [ 26%]
tests/test_enrichr.py::TestEnrichr::test_enrichr_bad_gene PASSED         [ 26%]
tests/test_enrichr.py::TestEnrichr::test_enrichr_bad_species PASSED      [ 27%]
tests/test_enrichr.py::TestEnrichr::test_enrichr_celltypes PASSED        [ 27%]
tests/test_enrichr.py::TestEnrichr::test_enrichr_diseases_drugs PASSED   [ 28%]
tests/test_enrichr.py::TestEnrichr::test_enrichr_ensembl_ids PASSED      [ 28%]
tests/test_enrichr.py::TestEnrichr::test_enrichr_fish PASSED             [ 28%]
tests/test_enrichr.py::TestEnrichr::test_enrichr_fly PASSED              [ 29%]
tests/test_enrichr.py::TestEnrichr::test_enrichr_json PASSED             [ 29%]
tests/test_enrichr.py::TestEnrichr::test_enrichr_kinase_interactions PASSED [ 30%]
tests/test_enrichr.py::TestEnrichr::test_enrichr_mouse_is_human PASSED   [ 30%]
tests/test_enrichr.py::TestEnrichr::test_enrichr_none PASSED             [ 30%]
tests/test_enrichr.py::TestEnrichr::test_enrichr_ontology PASSED         [ 31%]
tests/test_enrichr.py::TestEnrichr::test_enrichr_pathway PASSED          [ 31%]
tests/test_enrichr.py::TestEnrichr::test_enrichr_plot PASSED             [ 32%]
tests/test_enrichr.py::TestEnrichr::test_enrichr_transcription PASSED    [ 32%]
tests/test_enrichr.py::TestEnrichr::test_enrichr_worm PASSED             [ 32%]
tests/test_enrichr.py::TestEnrichr::test_enrichr_yeast PASSED            [ 33%]
tests/test_gpt.py::TestGpt::test_gpt PASSED                              [ 33%]
tests/test_info.py::TestInfo::test_info_WB_transcript PASSED             [ 34%]
tests/test_info.py::TestInfo::test_info_exon FAILED                      [ 34%]
tests/test_info.py::TestInfo::test_info_gene FAILED                      [ 34%]
tests/test_info.py::TestInfo::test_info_gene_list_non_model FAILED       [ 35%]

=================================== FAILURES ===================================
________________________ TestArchs4.test_archs4_tissue _________________________

self = <tests.test_archs4.TestArchs4 testMethod=test_archs4_tissue>

    def assert_equal(self: unittest.TestCase):
        test = name
        expected_result = td[test]["expected_result"]
>       result_to_test = do_call(func, td[test]["args"])
                         ^^^^^^^^^^^^^^^^^^^^^^^^^^^^^^^

tests/from_json.py:65: 
_ _ _ _ _ _ _ _ _ _ _ _ _ _ _ _ _ _ _ _ _ _ _ _ _ _ _ _ _ _ _ _ _ _ _ _ _ _ _ _ 

func = <function archs4 at 0x7faec78d84a0>
args = {'gene': 'fuNdC1', 'which': 'tissue'}

    def do_call(func, args):
        if isinstance(args, dict):
>           return func(**args)
                   ^^^^^^^^^^^^

tests/from_json.py:57: 
_ _ _ _ _ _ _ _ _ _ _ _ _ _ _ _ _ _ _ _ _ _ _ _ _ _ _ _ _ _ _ _ _ _ _ _ _ _ _ _ 

gene = 'FUNDC1', ensembl = False, which = 'tissue', gene_count = 100
species = 'human', json = False, save = False, verbose = True

    def archs4(
        gene,
        ensembl=False,
        which="correlation",
        gene_count=100,
        species="human",
        json=False,
        save=False,
        verbose=True,
    ):
        """
        Find the most correlated genes or the tissue expression atlas
        of a gene of interest using data from the human and mouse RNA-seq
        database ARCHS4 (https://maayanlab.cloud/archs4/).
    
        Args:
        - gene          Short name (Entrez gene symbol) of gene of interest (str), e.g. 'STAT4'.
                        Set 'ensembl=True' to input an Ensembl gene ID, e.g. ENSG00000138378.
        - ensembl       Define as 'True' if 'gene' is an Ensembl gene ID. (Default: False)
        - which         'correlation' (default) or 'tissue'.
                        - 'correlation' returns a gene correlation table that contains the
                        100 most correlated genes to the gene of interest. The Pearson
                        correlation is calculated over all samples and tissues in ARCHS4.
                        - 'tissue' returns a tissue expression atlas calculated from
                        human or mouse samples (as defined by 'species') in ARCHS4.
        - gene_count    Number of correlated genes to return (default: 100).
                        (Only for gene correlation.)
        - species       'human' (default) or 'mouse'.
                        (Only for tissue expression atlas.)
        - json          If True, returns results in json format instead of data frame. Default: False.
        - save          True/False whether to save the results in the local directory.
        - verbose        True/False whether to print progress information. Default True.
    
        Returns a data frame with the requested results.
        """
        # Check if 'which' argument is valid
        whichs = ["correlation", "tissue"]
        if which not in whichs:
            raise ValueError(
                f"'which' argument specified as {which}. Expected one of: {', '.join(whichs)}"
            )
    
        # Check if 'species' argument is valid
        sps = ["human", "mouse"]
        if species not in sps:
            raise ValueError(
                f"'species' argument specified as {species}. Expected one of: {', '.join(sps)}"
            )
    
        ## Transform Ensembl IDs to gene symbols
        if ensembl:
            # Remove version number if passed
            gene = gene.split(".")[0]
    
            info_df = info(gene, verbose=False, pdb=False, ncbi=False, uniprot=False)
    
            # Check if Ensembl ID was found
            if isinstance(info_df, type(None)):
                logger.error(
                    f"ID '{gene}' not found. Please double-check spelling/arguments and try again."
                )
                return
    
            gene_symbol = info_df.loc[gene]["ensembl_gene_name"]
    
            # If more than one gene symbol was returned, use first entry
            if isinstance(gene_symbol, list):
                gene = gene_symbol[0]
            else:
                gene = gene_symbol
    
        # Make all gene letters uppercase
        gene = gene.upper()
    
        if which == "correlation":
            if verbose:
                logger.info(
                    f"Fetching the {gene_count} most correlated genes to {gene} from ARCHS4."
                )
    
            ## Find most similar genes based on co-expression
            # Define number of correlated genes to return (+1 to account for Python indexing)
            gene_count = gene_count + 1
    
            # Dictionary with arguments
            json_dict = {"id": gene, "count": gene_count}
    
            r = requests.post(url=GENECORR_URL, json=json_dict)
    
            if not r.ok:
                raise RuntimeError(
                    f"Gene correlation API request returned with error code: {r.status_code}. "
                    "Please double-check the arguments and try again.\n"
                )
    
            corr_data = r.json()
    
            # Check if the request returned an error (e.g. gene not found)
            if "error" in corr_data.keys():
                if corr_data["error"] == f"{gene} not in colids":
                    logger.error(
                        f"Gene '{gene}' did not return any gene correlation results. \n"
                        "If the gene is an Ensembl ID, please set argument 'ensembl=True' (for terminal, add flag: [--ensembl])."
                    )
                    return
                else:
                    logger.error(
                        f"Gene correlation request for search term '{gene}' returned error: {corr_data['error']}"
                    )
                    return
    
            else:
                # Build data frame from returned results
                corr_df = pd.DataFrame()
                corr_df["gene_symbol"] = corr_data["rowids"]
                corr_df["pearson_correlation"] = corr_data["values"]
                # Drop the first row (since that is the searched gene against itself)
                corr_df = corr_df.iloc[1:, :]
    
            if json:
                results_dict = json_package.loads(corr_df.to_json(orient="records"))
                if save:
                    with open(
                        f"gget_archs4_gene-correlation_{gene}.json", "w", encoding="utf-8"
                    ) as f:
                        json_package.dump(results_dict, f, ensure_ascii=False, indent=4)
    
                return results_dict
    
            else:
                if save:
                    corr_df.to_csv(f"gget_archs4_gene-correlation_{gene}.csv", index=False)
    
                return corr_df
    
        if which == "tissue":
            if verbose:
                logger.info(
                    f"Fetching the tissue expression atlas of {gene} from {species} ARCHS4 data."
                )
    
            ## Find tissue expression data
            ## Define API query
            # # Query for cell line data
            # query = f"search={gene}&species={species}&type=cellline"
            # Query for tissue data
            query = f"search={gene}&species={species}&type=tissue"
            url = EXPRESSION_URL + query
    
            # Submit API query
            r = requests.post(url=url, headers={"Content-Type": "application/json"})
    
            if not r.ok:
                raise RuntimeError(
                    f"Tissue expression API request returned with error code: {r.status_code}. "
                    "Please double-check the arguments and try again.\n"
                )
    
            # Read query results into data frame
            tissue_exp_df = pd.read_csv(io.StringIO(r.content.decode("utf-8")))
            # Check if any results were returned
            if len(tissue_exp_df) < 2:
                logger.error(
                    f"Gene '{gene}' did not return any tissue expression results. \n"
                    "If the gene is an Ensembl ID, please set argument 'ensembl=True' (for terminal, add flag: [--ensembl])."
                )
                return
    
            # Drop NaN rows
            tissue_exp_df = tissue_exp_df.dropna()
    
            # Drop color columns
>           tissue_exp_df = tissue_exp_df.drop(["color"], axis=1)
                            ^^^^^^^^^^^^^^^^^^^^^^^^^^^^^^^^^^^^^

gget/gget_archs4.py:189: 
_ _ _ _ _ _ _ _ _ _ _ _ _ _ _ _ _ _ _ _ _ _ _ _ _ _ _ _ _ _ _ _ _ _ _ _ _ _ _ _ 

self =                                               <br />
0  <b>Warning</b>:  mysqli::__construct(): (HY000...
1            Connection failed: Too many connections
labels = ['color']

    def drop(
        self,
        labels: IndexLabel | None = None,
        *,
        axis: Axis = 0,
        index: IndexLabel | None = None,
        columns: IndexLabel | None = None,
        level: Level | None = None,
        inplace: bool = False,
        errors: IgnoreRaise = "raise",
    ) -> DataFrame | None:
        """
        Drop specified labels from rows or columns.
    
        Remove rows or columns by specifying label names and corresponding
        axis, or by directly specifying index or column names. When using a
        multi-index, labels on different levels can be removed by specifying
        the level. See the :ref:`user guide <advanced.shown_levels>`
        for more information about the now unused levels.
    
        Parameters
        ----------
        labels : single label or list-like
            Index or column labels to drop. A tuple will be used as a single
            label and not treated as a list-like.
        axis : {0 or 'index', 1 or 'columns'}, default 0
            Whether to drop labels from the index (0 or 'index') or
            columns (1 or 'columns').
        index : single label or list-like
            Alternative to specifying axis (``labels, axis=0``
            is equivalent to ``index=labels``).
        columns : single label or list-like
            Alternative to specifying axis (``labels, axis=1``
            is equivalent to ``columns=labels``).
        level : int or level name, optional
            For MultiIndex, level from which the labels will be removed.
        inplace : bool, default False
            If False, return a copy. Otherwise, do operation
            in place and return None.
        errors : {'ignore', 'raise'}, default 'raise'
            If 'ignore', suppress error and only existing labels are
            dropped.
    
        Returns
        -------
        DataFrame or None
            Returns DataFrame or None DataFrame with the specified
            index or column labels removed or None if inplace=True.
    
        Raises
        ------
        KeyError
            If any of the labels is not found in the selected axis.
    
        See Also
        --------
        DataFrame.loc : Label-location based indexer for selection by label.
        DataFrame.dropna : Return DataFrame with labels on given axis omitted
            where (all or any) data are missing.
        DataFrame.drop_duplicates : Return DataFrame with duplicate rows
            removed, optionally only considering certain columns.
        Series.drop : Return Series with specified index labels removed.
    
        Examples
        --------
        >>> df = pd.DataFrame(np.arange(12).reshape(3, 4),
        ...                   columns=['A', 'B', 'C', 'D'])
        >>> df
           A  B   C   D
        0  0  1   2   3
        1  4  5   6   7
        2  8  9  10  11
    
        Drop columns
    
        >>> df.drop(['B', 'C'], axis=1)
           A   D
        0  0   3
        1  4   7
        2  8  11
    
        >>> df.drop(columns=['B', 'C'])
           A   D
        0  0   3
        1  4   7
        2  8  11
    
        Drop a row by index
    
        >>> df.drop([0, 1])
           A  B   C   D
        2  8  9  10  11
    
        Drop columns and/or rows of MultiIndex DataFrame
    
        >>> midx = pd.MultiIndex(levels=[['llama', 'cow', 'falcon'],
        ...                              ['speed', 'weight', 'length']],
        ...                      codes=[[0, 0, 0, 1, 1, 1, 2, 2, 2],
        ...                             [0, 1, 2, 0, 1, 2, 0, 1, 2]])
        >>> df = pd.DataFrame(index=midx, columns=['big', 'small'],
        ...                   data=[[45, 30], [200, 100], [1.5, 1], [30, 20],
        ...                         [250, 150], [1.5, 0.8], [320, 250],
        ...                         [1, 0.8], [0.3, 0.2]])
        >>> df
                        big     small
        llama   speed   45.0    30.0
                weight  200.0   100.0
                length  1.5     1.0
        cow     speed   30.0    20.0
                weight  250.0   150.0
                length  1.5     0.8
        falcon  speed   320.0   250.0
                weight  1.0     0.8
                length  0.3     0.2
    
        Drop a specific index combination from the MultiIndex
        DataFrame, i.e., drop the combination ``'falcon'`` and
        ``'weight'``, which deletes only the corresponding row
    
        >>> df.drop(index=('falcon', 'weight'))
                        big     small
        llama   speed   45.0    30.0
                weight  200.0   100.0
                length  1.5     1.0
        cow     speed   30.0    20.0
                weight  250.0   150.0
                length  1.5     0.8
        falcon  speed   320.0   250.0
                length  0.3     0.2
    
        >>> df.drop(index='cow', columns='small')
                        big
        llama   speed   45.0
                weight  200.0
                length  1.5
        falcon  speed   320.0
                weight  1.0
                length  0.3
    
        >>> df.drop(index='length', level=1)
                        big     small
        llama   speed   45.0    30.0
                weight  200.0   100.0
        cow     speed   30.0    20.0
                weight  250.0   150.0
        falcon  speed   320.0   250.0
                weight  1.0     0.8
        """
>       return super().drop(
            labels=labels,
            axis=axis,
            index=index,
            columns=columns,
            level=level,
            inplace=inplace,
            errors=errors,
        )

/opt/hostedtoolcache/Python/3.12.12/x64/lib/python3.12/site-packages/pandas/core/frame.py:5603: 
_ _ _ _ _ _ _ _ _ _ _ _ _ _ _ _ _ _ _ _ _ _ _ _ _ _ _ _ _ _ _ _ _ _ _ _ _ _ _ _ 

self =                                               <br />
0  <b>Warning</b>:  mysqli::__construct(): (HY000...
1            Connection failed: Too many connections
labels = ['color']

    def drop(
        self,
        labels: IndexLabel | None = None,
        *,
        axis: Axis = 0,
        index: IndexLabel | None = None,
        columns: IndexLabel | None = None,
        level: Level | None = None,
        inplace: bool_t = False,
        errors: IgnoreRaise = "raise",
    ) -> Self | None:
        inplace = validate_bool_kwarg(inplace, "inplace")
    
        if labels is not None:
            if index is not None or columns is not None:
                raise ValueError("Cannot specify both 'labels' and 'index'/'columns'")
            axis_name = self._get_axis_name(axis)
            axes = {axis_name: labels}
        elif index is not None or columns is not None:
            axes = {"index": index}
            if self.ndim == 2:
                axes["columns"] = columns
        else:
            raise ValueError(
                "Need to specify at least one of 'labels', 'index' or 'columns'"
            )
    
        obj = self
    
        for axis, labels in axes.items():
            if labels is not None:
>               obj = obj._drop_axis(labels, axis, level=level, errors=errors)
                      ^^^^^^^^^^^^^^^^^^^^^^^^^^^^^^^^^^^^^^^^^^^^^^^^^^^^^^^^

/opt/hostedtoolcache/Python/3.12.12/x64/lib/python3.12/site-packages/pandas/core/generic.py:4810: 
_ _ _ _ _ _ _ _ _ _ _ _ _ _ _ _ _ _ _ _ _ _ _ _ _ _ _ _ _ _ _ _ _ _ _ _ _ _ _ _ 

self =                                               <br />
0  <b>Warning</b>:  mysqli::__construct(): (HY000...
1            Connection failed: Too many connections
labels = ['color'], axis = Index(['<br />'], dtype='object'), level = None
errors = 'raise', only_slice = False

    @final
    def _drop_axis(
        self,
        labels,
        axis,
        level=None,
        errors: IgnoreRaise = "raise",
        only_slice: bool_t = False,
    ) -> Self:
        """
        Drop labels from specified axis. Used in the ``drop`` method
        internally.
    
        Parameters
        ----------
        labels : single label or list-like
        axis : int or axis name
        level : int or level name, default None
            For MultiIndex
        errors : {'ignore', 'raise'}, default 'raise'
            If 'ignore', suppress error and existing labels are dropped.
        only_slice : bool, default False
            Whether indexing along columns should be view-only.
    
        """
        axis_num = self._get_axis_number(axis)
        axis = self._get_axis(axis)
    
        if axis.is_unique:
            if level is not None:
                if not isinstance(axis, MultiIndex):
                    raise AssertionError("axis must be a MultiIndex")
                new_axis = axis.drop(labels, level=level, errors=errors)
            else:
>               new_axis = axis.drop(labels, errors=errors)
                           ^^^^^^^^^^^^^^^^^^^^^^^^^^^^^^^^

/opt/hostedtoolcache/Python/3.12.12/x64/lib/python3.12/site-packages/pandas/core/generic.py:4852: 
_ _ _ _ _ _ _ _ _ _ _ _ _ _ _ _ _ _ _ _ _ _ _ _ _ _ _ _ _ _ _ _ _ _ _ _ _ _ _ _ 

self = Index(['<br />'], dtype='object')
labels = array(['color'], dtype=object), errors = 'raise'

    def drop(
        self,
        labels: Index | np.ndarray | Iterable[Hashable],
        errors: IgnoreRaise = "raise",
    ) -> Index:
        """
        Make new Index with passed list of labels deleted.
    
        Parameters
        ----------
        labels : array-like or scalar
        errors : {'ignore', 'raise'}, default 'raise'
            If 'ignore', suppress error and existing labels are dropped.
    
        Returns
        -------
        Index
            Will be same type as self, except for RangeIndex.
    
        Raises
        ------
        KeyError
            If not all of the labels are found in the selected axis
    
        Examples
        --------
        >>> idx = pd.Index(['a', 'b', 'c'])
        >>> idx.drop(['a'])
        Index(['b', 'c'], dtype='object')
        """
        if not isinstance(labels, Index):
            # avoid materializing e.g. RangeIndex
            arr_dtype = "object" if self.dtype == "object" else None
            labels = com.index_labels_to_array(labels, dtype=arr_dtype)
    
        indexer = self.get_indexer_for(labels)
        mask = indexer == -1
        if mask.any():
            if errors != "ignore":
>               raise KeyError(f"{labels[mask].tolist()} not found in axis")
E               KeyError: "['color'] not found in axis"

/opt/hostedtoolcache/Python/3.12.12/x64/lib/python3.12/site-packages/pandas/core/indexes/base.py:7136: KeyError
------------------------------ Captured log call -------------------------------
INFO     gget.utils:gget_archs4.py:154 Fetching the tissue expression atlas of FUNDC1 from human ARCHS4 data.
_________________ TestEnrichr.test_enrichr_background_ensembl __________________

self = <urllib3.connectionpool.HTTPConnectionPool object at 0x7faec8bf1e50>
method = 'POST', url = '/lookup/id/'
body = b'{"ids": ["ENSG00000120053", "ENSG00000129596", "ENSG00000131910", "ENSG00000139631", "ENSG00000163631", "ENSG00000167701", "ENSG00000244067"], "expand": true}'
headers = {'User-Agent': 'python-requests/2.32.5', 'Accept-Encoding': 'gzip, deflate', 'Accept': '*/*', 'Connection': 'keep-alive', 'Content-Type': 'application/json', 'Content-Length': '158'}
retries = Retry(total=0, connect=None, read=False, redirect=None, status=None)
redirect = False, assert_same_host = False
timeout = Timeout(connect=None, read=None, total=None), pool_timeout = None
release_conn = False, chunked = False, body_pos = None, preload_content = False
decode_content = False, response_kw = {}
parsed_url = Url(scheme=None, auth=None, host=None, port=None, path='/lookup/id/', query=None, fragment=None)
destination_scheme = None, conn = None, release_this_conn = True
http_tunnel_required = False, err = None, clean_exit = False

    def urlopen(  # type: ignore[override]
        self,
        method: str,
        url: str,
        body: _TYPE_BODY | None = None,
        headers: typing.Mapping[str, str] | None = None,
        retries: Retry | bool | int | None = None,
        redirect: bool = True,
        assert_same_host: bool = True,
        timeout: _TYPE_TIMEOUT = _DEFAULT_TIMEOUT,
        pool_timeout: int | None = None,
        release_conn: bool | None = None,
        chunked: bool = False,
        body_pos: _TYPE_BODY_POSITION | None = None,
        preload_content: bool = True,
        decode_content: bool = True,
        **response_kw: typing.Any,
    ) -> BaseHTTPResponse:
        """
        Get a connection from the pool and perform an HTTP request. This is the
        lowest level call for making a request, so you'll need to specify all
        the raw details.
    
        .. note::
    
           More commonly, it's appropriate to use a convenience method
           such as :meth:`request`.
    
        .. note::
    
           `release_conn` will only behave as expected if
           `preload_content=False` because we want to make
           `preload_content=False` the default behaviour someday soon without
           breaking backwards compatibility.
    
        :param method:
            HTTP request method (such as GET, POST, PUT, etc.)
    
        :param url:
            The URL to perform the request on.
    
        :param body:
            Data to send in the request body, either :class:`str`, :class:`bytes`,
            an iterable of :class:`str`/:class:`bytes`, or a file-like object.
    
        :param headers:
            Dictionary of custom headers to send, such as User-Agent,
            If-None-Match, etc. If None, pool headers are used. If provided,
            these headers completely replace any pool-specific headers.
    
        :param retries:
            Configure the number of retries to allow before raising a
            :class:`~urllib3.exceptions.MaxRetryError` exception.
    
            If ``None`` (default) will retry 3 times, see ``Retry.DEFAULT``. Pass a
            :class:`~urllib3.util.retry.Retry` object for fine-grained control
            over different types of retries.
            Pass an integer number to retry connection errors that many times,
            but no other types of errors. Pass zero to never retry.
    
            If ``False``, then retries are disabled and any exception is raised
            immediately. Also, instead of raising a MaxRetryError on redirects,
            the redirect response will be returned.
    
        :type retries: :class:`~urllib3.util.retry.Retry`, False, or an int.
    
        :param redirect:
            If True, automatically handle redirects (status codes 301, 302,
            303, 307, 308). Each redirect counts as a retry. Disabling retries
            will disable redirect, too.
    
        :param assert_same_host:
            If ``True``, will make sure that the host of the pool requests is
            consistent else will raise HostChangedError. When ``False``, you can
            use the pool on an HTTP proxy and request foreign hosts.
    
        :param timeout:
            If specified, overrides the default timeout for this one
            request. It may be a float (in seconds) or an instance of
            :class:`urllib3.util.Timeout`.
    
        :param pool_timeout:
            If set and the pool is set to block=True, then this method will
            block for ``pool_timeout`` seconds and raise EmptyPoolError if no
            connection is available within the time period.
    
        :param bool preload_content:
            If True, the response's body will be preloaded into memory.
    
        :param bool decode_content:
            If True, will attempt to decode the body based on the
            'content-encoding' header.
    
        :param release_conn:
            If False, then the urlopen call will not release the connection
            back into the pool once a response is received (but will release if
            you read the entire contents of the response such as when
            `preload_content=True`). This is useful if you're not preloading
            the response's content immediately. You will need to call
            ``r.release_conn()`` on the response ``r`` to return the connection
            back into the pool. If None, it takes the value of ``preload_content``
            which defaults to ``True``.
    
        :param bool chunked:
            If True, urllib3 will send the body using chunked transfer
            encoding. Otherwise, urllib3 will send the body using the standard
            content-length form. Defaults to False.
    
        :param int body_pos:
            Position to seek to in file-like body in the event of a retry or
            redirect. Typically this won't need to be set because urllib3 will
            auto-populate the value when needed.
        """
        parsed_url = parse_url(url)
        destination_scheme = parsed_url.scheme
    
        if headers is None:
            headers = self.headers
    
        if not isinstance(retries, Retry):
            retries = Retry.from_int(retries, redirect=redirect, default=self.retries)
    
        if release_conn is None:
            release_conn = preload_content
    
        # Check host
        if assert_same_host and not self.is_same_host(url):
            raise HostChangedError(self, url, retries)
    
        # Ensure that the URL we're connecting to is properly encoded
        if url.startswith("/"):
            url = to_str(_encode_target(url))
        else:
            url = to_str(parsed_url.url)
    
        conn = None
    
        # Track whether `conn` needs to be released before
        # returning/raising/recursing. Update this variable if necessary, and
        # leave `release_conn` constant throughout the function. That way, if
        # the function recurses, the original value of `release_conn` will be
        # passed down into the recursive call, and its value will be respected.
        #
        # See issue #651 [1] for details.
        #
        # [1] <https://github.com/urllib3/urllib3/issues/651>
        release_this_conn = release_conn
    
        http_tunnel_required = connection_requires_http_tunnel(
            self.proxy, self.proxy_config, destination_scheme
        )
    
        # Merge the proxy headers. Only done when not using HTTP CONNECT. We
        # have to copy the headers dict so we can safely change it without those
        # changes being reflected in anyone else's copy.
        if not http_tunnel_required:
            headers = headers.copy()  # type: ignore[attr-defined]
            headers.update(self.proxy_headers)  # type: ignore[union-attr]
    
        # Must keep the exception bound to a separate variable or else Python 3
        # complains about UnboundLocalError.
        err = None
    
        # Keep track of whether we cleanly exited the except block. This
        # ensures we do proper cleanup in finally.
        clean_exit = False
    
        # Rewind body position, if needed. Record current position
        # for future rewinds in the event of a redirect/retry.
        body_pos = set_file_position(body, body_pos)
    
        try:
            # Request a connection from the queue.
            timeout_obj = self._get_timeout(timeout)
            conn = self._get_conn(timeout=pool_timeout)
    
            conn.timeout = timeout_obj.connect_timeout  # type: ignore[assignment]
    
            # Is this a closed/new connection that requires CONNECT tunnelling?
            if self.proxy is not None and http_tunnel_required and conn.is_closed:
                try:
                    self._prepare_proxy(conn)
                except (BaseSSLError, OSError, SocketTimeout) as e:
                    self._raise_timeout(
                        err=e, url=self.proxy.url, timeout_value=conn.timeout
                    )
                    raise
    
            # If we're going to release the connection in ``finally:``, then
            # the response doesn't need to know about the connection. Otherwise
            # it will also try to release it and we'll have a double-release
            # mess.
            response_conn = conn if not release_conn else None
    
            # Make the request on the HTTPConnection object
>           response = self._make_request(
                conn,
                method,
                url,
                timeout=timeout_obj,
                body=body,
                headers=headers,
                chunked=chunked,
                retries=retries,
                response_conn=response_conn,
                preload_content=preload_content,
                decode_content=decode_content,
                **response_kw,
            )

/opt/hostedtoolcache/Python/3.12.12/x64/lib/python3.12/site-packages/urllib3/connectionpool.py:787: 
_ _ _ _ _ _ _ _ _ _ _ _ _ _ _ _ _ _ _ _ _ _ _ _ _ _ _ _ _ _ _ _ _ _ _ _ _ _ _ _ 

self = <urllib3.connectionpool.HTTPConnectionPool object at 0x7faec8bf1e50>
conn = <HTTPConnection(host='rest.ensembl.org', port=80) at 0x7faec62ccd40>
method = 'POST', url = '/lookup/id/'
body = b'{"ids": ["ENSG00000120053", "ENSG00000129596", "ENSG00000131910", "ENSG00000139631", "ENSG00000163631", "ENSG00000167701", "ENSG00000244067"], "expand": true}'
headers = {'User-Agent': 'python-requests/2.32.5', 'Accept-Encoding': 'gzip, deflate', 'Accept': '*/*', 'Connection': 'keep-alive', 'Content-Type': 'application/json', 'Content-Length': '158'}
retries = Retry(total=0, connect=None, read=False, redirect=None, status=None)
timeout = Timeout(connect=None, read=None, total=None), chunked = False
response_conn = <HTTPConnection(host='rest.ensembl.org', port=80) at 0x7faec62ccd40>
preload_content = False, decode_content = False, enforce_content_length = True

    def _make_request(
        self,
        conn: BaseHTTPConnection,
        method: str,
        url: str,
        body: _TYPE_BODY | None = None,
        headers: typing.Mapping[str, str] | None = None,
        retries: Retry | None = None,
        timeout: _TYPE_TIMEOUT = _DEFAULT_TIMEOUT,
        chunked: bool = False,
        response_conn: BaseHTTPConnection | None = None,
        preload_content: bool = True,
        decode_content: bool = True,
        enforce_content_length: bool = True,
    ) -> BaseHTTPResponse:
        """
        Perform a request on a given urllib connection object taken from our
        pool.
    
        :param conn:
            a connection from one of our connection pools
    
        :param method:
            HTTP request method (such as GET, POST, PUT, etc.)
    
        :param url:
            The URL to perform the request on.
    
        :param body:
            Data to send in the request body, either :class:`str`, :class:`bytes`,
            an iterable of :class:`str`/:class:`bytes`, or a file-like object.
    
        :param headers:
            Dictionary of custom headers to send, such as User-Agent,
            If-None-Match, etc. If None, pool headers are used. If provided,
            these headers completely replace any pool-specific headers.
    
        :param retries:
            Configure the number of retries to allow before raising a
            :class:`~urllib3.exceptions.MaxRetryError` exception.
    
            Pass ``None`` to retry until you receive a response. Pass a
            :class:`~urllib3.util.retry.Retry` object for fine-grained control
            over different types of retries.
            Pass an integer number to retry connection errors that many times,
            but no other types of errors. Pass zero to never retry.
    
            If ``False``, then retries are disabled and any exception is raised
            immediately. Also, instead of raising a MaxRetryError on redirects,
            the redirect response will be returned.
    
        :type retries: :class:`~urllib3.util.retry.Retry`, False, or an int.
    
        :param timeout:
            If specified, overrides the default timeout for this one
            request. It may be a float (in seconds) or an instance of
            :class:`urllib3.util.Timeout`.
    
        :param chunked:
            If True, urllib3 will send the body using chunked transfer
            encoding. Otherwise, urllib3 will send the body using the standard
            content-length form. Defaults to False.
    
        :param response_conn:
            Set this to ``None`` if you will handle releasing the connection or
            set the connection to have the response release it.
    
        :param preload_content:
          If True, the response's body will be preloaded during construction.
    
        :param decode_content:
            If True, will attempt to decode the body based on the
            'content-encoding' header.
    
        :param enforce_content_length:
            Enforce content length checking. Body returned by server must match
            value of Content-Length header, if present. Otherwise, raise error.
        """
        self.num_requests += 1
    
        timeout_obj = self._get_timeout(timeout)
        timeout_obj.start_connect()
        conn.timeout = Timeout.resolve_default_timeout(timeout_obj.connect_timeout)
    
        try:
            # Trigger any extra validation we need to do.
            try:
                self._validate_conn(conn)
            except (SocketTimeout, BaseSSLError) as e:
                self._raise_timeout(err=e, url=url, timeout_value=conn.timeout)
                raise
    
        # _validate_conn() starts the connection to an HTTPS proxy
        # so we need to wrap errors with 'ProxyError' here too.
        except (
            OSError,
            NewConnectionError,
            TimeoutError,
            BaseSSLError,
            CertificateError,
            SSLError,
        ) as e:
            new_e: Exception = e
            if isinstance(e, (BaseSSLError, CertificateError)):
                new_e = SSLError(e)
            # If the connection didn't successfully connect to it's proxy
            # then there
            if isinstance(
                new_e, (OSError, NewConnectionError, TimeoutError, SSLError)
            ) and (conn and conn.proxy and not conn.has_connected_to_proxy):
                new_e = _wrap_proxy_error(new_e, conn.proxy.scheme)
            raise new_e
    
        # conn.request() calls http.client.*.request, not the method in
        # urllib3.request. It also calls makefile (recv) on the socket.
        try:
            conn.request(
                method,
                url,
                body=body,
                headers=headers,
                chunked=chunked,
                preload_content=preload_content,
                decode_content=decode_content,
                enforce_content_length=enforce_content_length,
            )
    
        # We are swallowing BrokenPipeError (errno.EPIPE) since the server is
        # legitimately able to close the connection after sending a valid response.
        # With this behaviour, the received response is still readable.
        except BrokenPipeError:
            pass
        except OSError as e:
            # MacOS/Linux
            # EPROTOTYPE and ECONNRESET are needed on macOS
            # https://erickt.github.io/blog/2014/11/19/adventures-in-debugging-a-potential-osx-kernel-bug/
            # Condition changed later to emit ECONNRESET instead of only EPROTOTYPE.
            if e.errno != errno.EPROTOTYPE and e.errno != errno.ECONNRESET:
                raise
    
        # Reset the timeout for the recv() on the socket
        read_timeout = timeout_obj.read_timeout
    
        if not conn.is_closed:
            # In Python 3 socket.py will catch EAGAIN and return None when you
            # try and read into the file pointer created by http.client, which
            # instead raises a BadStatusLine exception. Instead of catching
            # the exception and assuming all BadStatusLine exceptions are read
            # timeouts, check for a zero timeout before making the request.
            if read_timeout == 0:
                raise ReadTimeoutError(
                    self, url, f"Read timed out. (read timeout={read_timeout})"
                )
            conn.timeout = read_timeout
    
        # Receive the response from the server
        try:
>           response = conn.getresponse()
                       ^^^^^^^^^^^^^^^^^^

/opt/hostedtoolcache/Python/3.12.12/x64/lib/python3.12/site-packages/urllib3/connectionpool.py:534: 
_ _ _ _ _ _ _ _ _ _ _ _ _ _ _ _ _ _ _ _ _ _ _ _ _ _ _ _ _ _ _ _ _ _ _ _ _ _ _ _ 

self = <HTTPConnection(host='rest.ensembl.org', port=80) at 0x7faec62ccd40>

    def getresponse(  # type: ignore[override]
        self,
    ) -> HTTPResponse:
        """
        Get the response from the server.
    
        If the HTTPConnection is in the correct state, returns an instance of HTTPResponse or of whatever object is returned by the response_class variable.
    
        If a request has not been sent or if a previous response has not be handled, ResponseNotReady is raised. If the HTTP response indicates that the connection should be closed, then it will be closed before the response is returned. When the connection is closed, the underlying socket is closed.
        """
        # Raise the same error as http.client.HTTPConnection
        if self._response_options is None:
            raise ResponseNotReady()
    
        # Reset this attribute for being used again.
        resp_options = self._response_options
        self._response_options = None
    
        # Since the connection's timeout value may have been updated
        # we need to set the timeout on the socket.
        self.sock.settimeout(self.timeout)
    
        # This is needed here to avoid circular import errors
        from .response import HTTPResponse
    
        # Save a reference to the shutdown function before ownership is passed
        # to httplib_response
        # TODO should we implement it everywhere?
        _shutdown = getattr(self.sock, "shutdown", None)
    
        # Get the response from http.client.HTTPConnection
>       httplib_response = super().getresponse()
                           ^^^^^^^^^^^^^^^^^^^^^

/opt/hostedtoolcache/Python/3.12.12/x64/lib/python3.12/site-packages/urllib3/connection.py:571: 
_ _ _ _ _ _ _ _ _ _ _ _ _ _ _ _ _ _ _ _ _ _ _ _ _ _ _ _ _ _ _ _ _ _ _ _ _ _ _ _ 

self = <HTTPConnection(host='rest.ensembl.org', port=80) at 0x7faec62ccd40>

    def getresponse(self):
        """Get the response from the server.
    
        If the HTTPConnection is in the correct state, returns an
        instance of HTTPResponse or of whatever object is returned by
        the response_class variable.
    
        If a request has not been sent or if a previous response has
        not be handled, ResponseNotReady is raised.  If the HTTP
        response indicates that the connection should be closed, then
        it will be closed before the response is returned.  When the
        connection is closed, the underlying socket is closed.
        """
    
        # if a prior response has been completed, then forget about it.
        if self.__response and self.__response.isclosed():
            self.__response = None
    
        # if a prior response exists, then it must be completed (otherwise, we
        # cannot read this response's header to determine the connection-close
        # behavior)
        #
        # note: if a prior response existed, but was connection-close, then the
        # socket and response were made independent of this HTTPConnection
        # object since a new request requires that we open a whole new
        # connection
        #
        # this means the prior response had one of two states:
        #   1) will_close: this connection was reset and the prior socket and
        #                  response operate independently
        #   2) persistent: the response was retained and we await its
        #                  isclosed() status to become true.
        #
        if self.__state != _CS_REQ_SENT or self.__response:
            raise ResponseNotReady(self.__state)
    
        if self.debuglevel > 0:
            response = self.response_class(self.sock, self.debuglevel,
                                           method=self._method)
        else:
            response = self.response_class(self.sock, method=self._method)
    
        try:
            try:
>               response.begin()

/opt/hostedtoolcache/Python/3.12.12/x64/lib/python3.12/http/client.py:1430: 
_ _ _ _ _ _ _ _ _ _ _ _ _ _ _ _ _ _ _ _ _ _ _ _ _ _ _ _ _ _ _ _ _ _ _ _ _ _ _ _ 

self = <http.client.HTTPResponse object at 0x7faec68531c0>

    def begin(self):
        if self.headers is not None:
            # we've already started reading the response
            return
    
        # read until we get a non-100 response
        while True:
>           version, status, reason = self._read_status()
                                      ^^^^^^^^^^^^^^^^^^^

/opt/hostedtoolcache/Python/3.12.12/x64/lib/python3.12/http/client.py:331: 
_ _ _ _ _ _ _ _ _ _ _ _ _ _ _ _ _ _ _ _ _ _ _ _ _ _ _ _ _ _ _ _ _ _ _ _ _ _ _ _ 

self = <http.client.HTTPResponse object at 0x7faec68531c0>

    def _read_status(self):
>       line = str(self.fp.readline(_MAXLINE + 1), "iso-8859-1")
                   ^^^^^^^^^^^^^^^^^^^^^^^^^^^^^^

/opt/hostedtoolcache/Python/3.12.12/x64/lib/python3.12/http/client.py:292: 
_ _ _ _ _ _ _ _ _ _ _ _ _ _ _ _ _ _ _ _ _ _ _ _ _ _ _ _ _ _ _ _ _ _ _ _ _ _ _ _ 

self = <socket.SocketIO object at 0x7faec49d9f30>
b = <memory at 0x7fae98683ac0>

    def readinto(self, b):
        """Read up to len(b) bytes into the writable buffer *b* and return
        the number of bytes read.  If the socket is non-blocking and no bytes
        are available, None is returned.
    
        If *b* is non-empty, a 0 return value indicates that the connection
        was shutdown at the other end.
        """
        self._checkClosed()
        self._checkReadable()
        if self._timeout_occurred:
            raise OSError("cannot read from timed out object")
        while True:
            try:
>               return self._sock.recv_into(b)
                       ^^^^^^^^^^^^^^^^^^^^^^^
E               ConnectionResetError: [Errno 104] Connection reset by peer

/opt/hostedtoolcache/Python/3.12.12/x64/lib/python3.12/socket.py:720: ConnectionResetError

During handling of the above exception, another exception occurred:

self = <requests.adapters.HTTPAdapter object at 0x7faec8bf2f30>
request = <PreparedRequest [POST]>, stream = False
timeout = Timeout(connect=None, read=None, total=None), verify = True
cert = None, proxies = OrderedDict()

    def send(
        self, request, stream=False, timeout=None, verify=True, cert=None, proxies=None
    ):
        """Sends PreparedRequest object. Returns Response object.
    
        :param request: The :class:`PreparedRequest <PreparedRequest>` being sent.
        :param stream: (optional) Whether to stream the request content.
        :param timeout: (optional) How long to wait for the server to send
            data before giving up, as a float, or a :ref:`(connect timeout,
            read timeout) <timeouts>` tuple.
        :type timeout: float or tuple or urllib3 Timeout object
        :param verify: (optional) Either a boolean, in which case it controls whether
            we verify the server's TLS certificate, or a string, in which case it
            must be a path to a CA bundle to use
        :param cert: (optional) Any user-provided SSL certificate to be trusted.
        :param proxies: (optional) The proxies dictionary to apply to the request.
        :rtype: requests.Response
        """
    
        try:
            conn = self.get_connection_with_tls_context(
                request, verify, proxies=proxies, cert=cert
            )
        except LocationValueError as e:
            raise InvalidURL(e, request=request)
    
        self.cert_verify(conn, request.url, verify, cert)
        url = self.request_url(request, proxies)
        self.add_headers(
            request,
            stream=stream,
            timeout=timeout,
            verify=verify,
            cert=cert,
            proxies=proxies,
        )
    
        chunked = not (request.body is None or "Content-Length" in request.headers)
    
        if isinstance(timeout, tuple):
            try:
                connect, read = timeout
                timeout = TimeoutSauce(connect=connect, read=read)
            except ValueError:
                raise ValueError(
                    f"Invalid timeout {timeout}. Pass a (connect, read) timeout tuple, "
                    f"or a single float to set both timeouts to the same value."
                )
        elif isinstance(timeout, TimeoutSauce):
            pass
        else:
            timeout = TimeoutSauce(connect=timeout, read=timeout)
    
        try:
>           resp = conn.urlopen(
                method=request.method,
                url=url,
                body=request.body,
                headers=request.headers,
                redirect=False,
                assert_same_host=False,
                preload_content=False,
                decode_content=False,
                retries=self.max_retries,
                timeout=timeout,
                chunked=chunked,
            )

/opt/hostedtoolcache/Python/3.12.12/x64/lib/python3.12/site-packages/requests/adapters.py:644: 
_ _ _ _ _ _ _ _ _ _ _ _ _ _ _ _ _ _ _ _ _ _ _ _ _ _ _ _ _ _ _ _ _ _ _ _ _ _ _ _ 

self = <urllib3.connectionpool.HTTPConnectionPool object at 0x7faec8bf1e50>
method = 'POST', url = '/lookup/id/'
body = b'{"ids": ["ENSG00000120053", "ENSG00000129596", "ENSG00000131910", "ENSG00000139631", "ENSG00000163631", "ENSG00000167701", "ENSG00000244067"], "expand": true}'
headers = {'User-Agent': 'python-requests/2.32.5', 'Accept-Encoding': 'gzip, deflate', 'Accept': '*/*', 'Connection': 'keep-alive', 'Content-Type': 'application/json', 'Content-Length': '158'}
retries = Retry(total=0, connect=None, read=False, redirect=None, status=None)
redirect = False, assert_same_host = False
timeout = Timeout(connect=None, read=None, total=None), pool_timeout = None
release_conn = False, chunked = False, body_pos = None, preload_content = False
decode_content = False, response_kw = {}
parsed_url = Url(scheme=None, auth=None, host=None, port=None, path='/lookup/id/', query=None, fragment=None)
destination_scheme = None, conn = None, release_this_conn = True
http_tunnel_required = False, err = None, clean_exit = False

    def urlopen(  # type: ignore[override]
        self,
        method: str,
        url: str,
        body: _TYPE_BODY | None = None,
        headers: typing.Mapping[str, str] | None = None,
        retries: Retry | bool | int | None = None,
        redirect: bool = True,
        assert_same_host: bool = True,
        timeout: _TYPE_TIMEOUT = _DEFAULT_TIMEOUT,
        pool_timeout: int | None = None,
        release_conn: bool | None = None,
        chunked: bool = False,
        body_pos: _TYPE_BODY_POSITION | None = None,
        preload_content: bool = True,
        decode_content: bool = True,
        **response_kw: typing.Any,
    ) -> BaseHTTPResponse:
        """
        Get a connection from the pool and perform an HTTP request. This is the
        lowest level call for making a request, so you'll need to specify all
        the raw details.
    
        .. note::
    
           More commonly, it's appropriate to use a convenience method
           such as :meth:`request`.
    
        .. note::
    
           `release_conn` will only behave as expected if
           `preload_content=False` because we want to make
           `preload_content=False` the default behaviour someday soon without
           breaking backwards compatibility.
    
        :param method:
            HTTP request method (such as GET, POST, PUT, etc.)
    
        :param url:
            The URL to perform the request on.
    
        :param body:
            Data to send in the request body, either :class:`str`, :class:`bytes`,
            an iterable of :class:`str`/:class:`bytes`, or a file-like object.
    
        :param headers:
            Dictionary of custom headers to send, such as User-Agent,
            If-None-Match, etc. If None, pool headers are used. If provided,
            these headers completely replace any pool-specific headers.
    
        :param retries:
            Configure the number of retries to allow before raising a
            :class:`~urllib3.exceptions.MaxRetryError` exception.
    
            If ``None`` (default) will retry 3 times, see ``Retry.DEFAULT``. Pass a
            :class:`~urllib3.util.retry.Retry` object for fine-grained control
            over different types of retries.
            Pass an integer number to retry connection errors that many times,
            but no other types of errors. Pass zero to never retry.
    
            If ``False``, then retries are disabled and any exception is raised
            immediately. Also, instead of raising a MaxRetryError on redirects,
            the redirect response will be returned.
    
        :type retries: :class:`~urllib3.util.retry.Retry`, False, or an int.
    
        :param redirect:
            If True, automatically handle redirects (status codes 301, 302,
            303, 307, 308). Each redirect counts as a retry. Disabling retries
            will disable redirect, too.
    
        :param assert_same_host:
            If ``True``, will make sure that the host of the pool requests is
            consistent else will raise HostChangedError. When ``False``, you can
            use the pool on an HTTP proxy and request foreign hosts.
    
        :param timeout:
            If specified, overrides the default timeout for this one
            request. It may be a float (in seconds) or an instance of
            :class:`urllib3.util.Timeout`.
    
        :param pool_timeout:
            If set and the pool is set to block=True, then this method will
            block for ``pool_timeout`` seconds and raise EmptyPoolError if no
            connection is available within the time period.
    
        :param bool preload_content:
            If True, the response's body will be preloaded into memory.
    
        :param bool decode_content:
            If True, will attempt to decode the body based on the
            'content-encoding' header.
    
        :param release_conn:
            If False, then the urlopen call will not release the connection
            back into the pool once a response is received (but will release if
            you read the entire contents of the response such as when
            `preload_content=True`). This is useful if you're not preloading
            the response's content immediately. You will need to call
            ``r.release_conn()`` on the response ``r`` to return the connection
            back into the pool. If None, it takes the value of ``preload_content``
            which defaults to ``True``.
    
        :param bool chunked:
            If True, urllib3 will send the body using chunked transfer
            encoding. Otherwise, urllib3 will send the body using the standard
            content-length form. Defaults to False.
    
        :param int body_pos:
            Position to seek to in file-like body in the event of a retry or
            redirect. Typically this won't need to be set because urllib3 will
            auto-populate the value when needed.
        """
        parsed_url = parse_url(url)
        destination_scheme = parsed_url.scheme
    
        if headers is None:
            headers = self.headers
    
        if not isinstance(retries, Retry):
            retries = Retry.from_int(retries, redirect=redirect, default=self.retries)
    
        if release_conn is None:
            release_conn = preload_content
    
        # Check host
        if assert_same_host and not self.is_same_host(url):
            raise HostChangedError(self, url, retries)
    
        # Ensure that the URL we're connecting to is properly encoded
        if url.startswith("/"):
            url = to_str(_encode_target(url))
        else:
            url = to_str(parsed_url.url)
    
        conn = None
    
        # Track whether `conn` needs to be released before
        # returning/raising/recursing. Update this variable if necessary, and
        # leave `release_conn` constant throughout the function. That way, if
        # the function recurses, the original value of `release_conn` will be
        # passed down into the recursive call, and its value will be respected.
        #
        # See issue #651 [1] for details.
        #
        # [1] <https://github.com/urllib3/urllib3/issues/651>
        release_this_conn = release_conn
    
        http_tunnel_required = connection_requires_http_tunnel(
            self.proxy, self.proxy_config, destination_scheme
        )
    
        # Merge the proxy headers. Only done when not using HTTP CONNECT. We
        # have to copy the headers dict so we can safely change it without those
        # changes being reflected in anyone else's copy.
        if not http_tunnel_required:
            headers = headers.copy()  # type: ignore[attr-defined]
            headers.update(self.proxy_headers)  # type: ignore[union-attr]
    
        # Must keep the exception bound to a separate variable or else Python 3
        # complains about UnboundLocalError.
        err = None
    
        # Keep track of whether we cleanly exited the except block. This
        # ensures we do proper cleanup in finally.
        clean_exit = False
    
        # Rewind body position, if needed. Record current position
        # for future rewinds in the event of a redirect/retry.
        body_pos = set_file_position(body, body_pos)
    
        try:
            # Request a connection from the queue.
            timeout_obj = self._get_timeout(timeout)
            conn = self._get_conn(timeout=pool_timeout)
    
            conn.timeout = timeout_obj.connect_timeout  # type: ignore[assignment]
    
            # Is this a closed/new connection that requires CONNECT tunnelling?
            if self.proxy is not None and http_tunnel_required and conn.is_closed:
                try:
                    self._prepare_proxy(conn)
                except (BaseSSLError, OSError, SocketTimeout) as e:
                    self._raise_timeout(
                        err=e, url=self.proxy.url, timeout_value=conn.timeout
                    )
                    raise
    
            # If we're going to release the connection in ``finally:``, then
            # the response doesn't need to know about the connection. Otherwise
            # it will also try to release it and we'll have a double-release
            # mess.
            response_conn = conn if not release_conn else None
    
            # Make the request on the HTTPConnection object
            response = self._make_request(
                conn,
                method,
                url,
                timeout=timeout_obj,
                body=body,
                headers=headers,
                chunked=chunked,
                retries=retries,
                response_conn=response_conn,
                preload_content=preload_content,
                decode_content=decode_content,
                **response_kw,
            )
    
            # Everything went great!
            clean_exit = True
    
        except EmptyPoolError:
            # Didn't get a connection from the pool, no need to clean up
            clean_exit = True
            release_this_conn = False
            raise
    
        except (
            TimeoutError,
            HTTPException,
            OSError,
            ProtocolError,
            BaseSSLError,
            SSLError,
            CertificateError,
            ProxyError,
        ) as e:
            # Discard the connection for these exceptions. It will be
            # replaced during the next _get_conn() call.
            clean_exit = False
            new_e: Exception = e
            if isinstance(e, (BaseSSLError, CertificateError)):
                new_e = SSLError(e)
            if isinstance(
                new_e,
                (
                    OSError,
                    NewConnectionError,
                    TimeoutError,
                    SSLError,
                    HTTPException,
                ),
            ) and (conn and conn.proxy and not conn.has_connected_to_proxy):
                new_e = _wrap_proxy_error(new_e, conn.proxy.scheme)
            elif isinstance(new_e, (OSError, HTTPException)):
                new_e = ProtocolError("Connection aborted.", new_e)
    
>           retries = retries.increment(
                method, url, error=new_e, _pool=self, _stacktrace=sys.exc_info()[2]
            )

/opt/hostedtoolcache/Python/3.12.12/x64/lib/python3.12/site-packages/urllib3/connectionpool.py:841: 
_ _ _ _ _ _ _ _ _ _ _ _ _ _ _ _ _ _ _ _ _ _ _ _ _ _ _ _ _ _ _ _ _ _ _ _ _ _ _ _ 

self = Retry(total=0, connect=None, read=False, redirect=None, status=None)
method = 'POST', url = '/lookup/id/', response = None
error = ProtocolError('Connection aborted.', ConnectionResetError(104, 'Connection reset by peer'))
_pool = <urllib3.connectionpool.HTTPConnectionPool object at 0x7faec8bf1e50>
_stacktrace = <traceback object at 0x7faec6143ac0>

    def increment(
        self,
        method: str | None = None,
        url: str | None = None,
        response: BaseHTTPResponse | None = None,
        error: Exception | None = None,
        _pool: ConnectionPool | None = None,
        _stacktrace: TracebackType | None = None,
    ) -> Self:
        """Return a new Retry object with incremented retry counters.
    
        :param response: A response object, or None, if the server did not
            return a response.
        :type response: :class:`~urllib3.response.BaseHTTPResponse`
        :param Exception error: An error encountered during the request, or
            None if the response was received successfully.
    
        :return: A new ``Retry`` object.
        """
        if self.total is False and error:
            # Disabled, indicate to re-raise the error.
            raise reraise(type(error), error, _stacktrace)
    
        total = self.total
        if total is not None:
            total -= 1
    
        connect = self.connect
        read = self.read
        redirect = self.redirect
        status_count = self.status
        other = self.other
        cause = "unknown"
        status = None
        redirect_location = None
    
        if error and self._is_connection_error(error):
            # Connect retry?
            if connect is False:
                raise reraise(type(error), error, _stacktrace)
            elif connect is not None:
                connect -= 1
    
        elif error and self._is_read_error(error):
            # Read retry?
            if read is False or method is None or not self._is_method_retryable(method):
>               raise reraise(type(error), error, _stacktrace)
                      ^^^^^^^^^^^^^^^^^^^^^^^^^^^^^^^^^^^^^^^^

/opt/hostedtoolcache/Python/3.12.12/x64/lib/python3.12/site-packages/urllib3/util/retry.py:490: 
_ _ _ _ _ _ _ _ _ _ _ _ _ _ _ _ _ _ _ _ _ _ _ _ _ _ _ _ _ _ _ _ _ _ _ _ _ _ _ _ 

tp = <class 'urllib3.exceptions.ProtocolError'>, value = None, tb = None

    def reraise(
        tp: type[BaseException] | None,
        value: BaseException,
        tb: TracebackType | None = None,
    ) -> typing.NoReturn:
        try:
            if value.__traceback__ is not tb:
>               raise value.with_traceback(tb)

/opt/hostedtoolcache/Python/3.12.12/x64/lib/python3.12/site-packages/urllib3/util/util.py:38: 
_ _ _ _ _ _ _ _ _ _ _ _ _ _ _ _ _ _ _ _ _ _ _ _ _ _ _ _ _ _ _ _ _ _ _ _ _ _ _ _ 

self = <urllib3.connectionpool.HTTPConnectionPool object at 0x7faec8bf1e50>
method = 'POST', url = '/lookup/id/'
body = b'{"ids": ["ENSG00000120053", "ENSG00000129596", "ENSG00000131910", "ENSG00000139631", "ENSG00000163631", "ENSG00000167701", "ENSG00000244067"], "expand": true}'
headers = {'User-Agent': 'python-requests/2.32.5', 'Accept-Encoding': 'gzip, deflate', 'Accept': '*/*', 'Connection': 'keep-alive', 'Content-Type': 'application/json', 'Content-Length': '158'}
retries = Retry(total=0, connect=None, read=False, redirect=None, status=None)
redirect = False, assert_same_host = False
timeout = Timeout(connect=None, read=None, total=None), pool_timeout = None
release_conn = False, chunked = False, body_pos = None, preload_content = False
decode_content = False, response_kw = {}
parsed_url = Url(scheme=None, auth=None, host=None, port=None, path='/lookup/id/', query=None, fragment=None)
destination_scheme = None, conn = None, release_this_conn = True
http_tunnel_required = False, err = None, clean_exit = False

    def urlopen(  # type: ignore[override]
        self,
        method: str,
        url: str,
        body: _TYPE_BODY | None = None,
        headers: typing.Mapping[str, str] | None = None,
        retries: Retry | bool | int | None = None,
        redirect: bool = True,
        assert_same_host: bool = True,
        timeout: _TYPE_TIMEOUT = _DEFAULT_TIMEOUT,
        pool_timeout: int | None = None,
        release_conn: bool | None = None,
        chunked: bool = False,
        body_pos: _TYPE_BODY_POSITION | None = None,
        preload_content: bool = True,
        decode_content: bool = True,
        **response_kw: typing.Any,
    ) -> BaseHTTPResponse:
        """
        Get a connection from the pool and perform an HTTP request. This is the
        lowest level call for making a request, so you'll need to specify all
        the raw details.
    
        .. note::
    
           More commonly, it's appropriate to use a convenience method
           such as :meth:`request`.
    
        .. note::
    
           `release_conn` will only behave as expected if
           `preload_content=False` because we want to make
           `preload_content=False` the default behaviour someday soon without
           breaking backwards compatibility.
    
        :param method:
            HTTP request method (such as GET, POST, PUT, etc.)
    
        :param url:
            The URL to perform the request on.
    
        :param body:
            Data to send in the request body, either :class:`str`, :class:`bytes`,
            an iterable of :class:`str`/:class:`bytes`, or a file-like object.
    
        :param headers:
            Dictionary of custom headers to send, such as User-Agent,
            If-None-Match, etc. If None, pool headers are used. If provided,
            these headers completely replace any pool-specific headers.
    
        :param retries:
            Configure the number of retries to allow before raising a
            :class:`~urllib3.exceptions.MaxRetryError` exception.
    
            If ``None`` (default) will retry 3 times, see ``Retry.DEFAULT``. Pass a
            :class:`~urllib3.util.retry.Retry` object for fine-grained control
            over different types of retries.
            Pass an integer number to retry connection errors that many times,
            but no other types of errors. Pass zero to never retry.
    
            If ``False``, then retries are disabled and any exception is raised
            immediately. Also, instead of raising a MaxRetryError on redirects,
            the redirect response will be returned.
    
        :type retries: :class:`~urllib3.util.retry.Retry`, False, or an int.
    
        :param redirect:
            If True, automatically handle redirects (status codes 301, 302,
            303, 307, 308). Each redirect counts as a retry. Disabling retries
            will disable redirect, too.
    
        :param assert_same_host:
            If ``True``, will make sure that the host of the pool requests is
            consistent else will raise HostChangedError. When ``False``, you can
            use the pool on an HTTP proxy and request foreign hosts.
    
        :param timeout:
            If specified, overrides the default timeout for this one
            request. It may be a float (in seconds) or an instance of
            :class:`urllib3.util.Timeout`.
    
        :param pool_timeout:
            If set and the pool is set to block=True, then this method will
            block for ``pool_timeout`` seconds and raise EmptyPoolError if no
            connection is available within the time period.
    
        :param bool preload_content:
            If True, the response's body will be preloaded into memory.
    
        :param bool decode_content:
            If True, will attempt to decode the body based on the
            'content-encoding' header.
    
        :param release_conn:
            If False, then the urlopen call will not release the connection
            back into the pool once a response is received (but will release if
            you read the entire contents of the response such as when
            `preload_content=True`). This is useful if you're not preloading
            the response's content immediately. You will need to call
            ``r.release_conn()`` on the response ``r`` to return the connection
            back into the pool. If None, it takes the value of ``preload_content``
            which defaults to ``True``.
    
        :param bool chunked:
            If True, urllib3 will send the body using chunked transfer
            encoding. Otherwise, urllib3 will send the body using the standard
            content-length form. Defaults to False.
    
        :param int body_pos:
            Position to seek to in file-like body in the event of a retry or
            redirect. Typically this won't need to be set because urllib3 will
            auto-populate the value when needed.
        """
        parsed_url = parse_url(url)
        destination_scheme = parsed_url.scheme
    
        if headers is None:
            headers = self.headers
    
        if not isinstance(retries, Retry):
            retries = Retry.from_int(retries, redirect=redirect, default=self.retries)
    
        if release_conn is None:
            release_conn = preload_content
    
        # Check host
        if assert_same_host and not self.is_same_host(url):
            raise HostChangedError(self, url, retries)
    
        # Ensure that the URL we're connecting to is properly encoded
        if url.startswith("/"):
            url = to_str(_encode_target(url))
        else:
            url = to_str(parsed_url.url)
    
        conn = None
    
        # Track whether `conn` needs to be released before
        # returning/raising/recursing. Update this variable if necessary, and
        # leave `release_conn` constant throughout the function. That way, if
        # the function recurses, the original value of `release_conn` will be
        # passed down into the recursive call, and its value will be respected.
        #
        # See issue #651 [1] for details.
        #
        # [1] <https://github.com/urllib3/urllib3/issues/651>
        release_this_conn = release_conn
    
        http_tunnel_required = connection_requires_http_tunnel(
            self.proxy, self.proxy_config, destination_scheme
        )
    
        # Merge the proxy headers. Only done when not using HTTP CONNECT. We
        # have to copy the headers dict so we can safely change it without those
        # changes being reflected in anyone else's copy.
        if not http_tunnel_required:
            headers = headers.copy()  # type: ignore[attr-defined]
            headers.update(self.proxy_headers)  # type: ignore[union-attr]
    
        # Must keep the exception bound to a separate variable or else Python 3
        # complains about UnboundLocalError.
        err = None
    
        # Keep track of whether we cleanly exited the except block. This
        # ensures we do proper cleanup in finally.
        clean_exit = False
    
        # Rewind body position, if needed. Record current position
        # for future rewinds in the event of a redirect/retry.
        body_pos = set_file_position(body, body_pos)
    
        try:
            # Request a connection from the queue.
            timeout_obj = self._get_timeout(timeout)
            conn = self._get_conn(timeout=pool_timeout)
    
            conn.timeout = timeout_obj.connect_timeout  # type: ignore[assignment]
    
            # Is this a closed/new connection that requires CONNECT tunnelling?
            if self.proxy is not None and http_tunnel_required and conn.is_closed:
                try:
                    self._prepare_proxy(conn)
                except (BaseSSLError, OSError, SocketTimeout) as e:
                    self._raise_timeout(
                        err=e, url=self.proxy.url, timeout_value=conn.timeout
                    )
                    raise
    
            # If we're going to release the connection in ``finally:``, then
            # the response doesn't need to know about the connection. Otherwise
            # it will also try to release it and we'll have a double-release
            # mess.
            response_conn = conn if not release_conn else None
    
            # Make the request on the HTTPConnection object
>           response = self._make_request(
                conn,
                method,
                url,
                timeout=timeout_obj,
                body=body,
                headers=headers,
                chunked=chunked,
                retries=retries,
                response_conn=response_conn,
                preload_content=preload_content,
                decode_content=decode_content,
                **response_kw,
            )

/opt/hostedtoolcache/Python/3.12.12/x64/lib/python3.12/site-packages/urllib3/connectionpool.py:787: 
_ _ _ _ _ _ _ _ _ _ _ _ _ _ _ _ _ _ _ _ _ _ _ _ _ _ _ _ _ _ _ _ _ _ _ _ _ _ _ _ 

self = <urllib3.connectionpool.HTTPConnectionPool object at 0x7faec8bf1e50>
conn = <HTTPConnection(host='rest.ensembl.org', port=80) at 0x7faec62ccd40>
method = 'POST', url = '/lookup/id/'
body = b'{"ids": ["ENSG00000120053", "ENSG00000129596", "ENSG00000131910", "ENSG00000139631", "ENSG00000163631", "ENSG00000167701", "ENSG00000244067"], "expand": true}'
headers = {'User-Agent': 'python-requests/2.32.5', 'Accept-Encoding': 'gzip, deflate', 'Accept': '*/*', 'Connection': 'keep-alive', 'Content-Type': 'application/json', 'Content-Length': '158'}
retries = Retry(total=0, connect=None, read=False, redirect=None, status=None)
timeout = Timeout(connect=None, read=None, total=None), chunked = False
response_conn = <HTTPConnection(host='rest.ensembl.org', port=80) at 0x7faec62ccd40>
preload_content = False, decode_content = False, enforce_content_length = True

    def _make_request(
        self,
        conn: BaseHTTPConnection,
        method: str,
        url: str,
        body: _TYPE_BODY | None = None,
        headers: typing.Mapping[str, str] | None = None,
        retries: Retry | None = None,
        timeout: _TYPE_TIMEOUT = _DEFAULT_TIMEOUT,
        chunked: bool = False,
        response_conn: BaseHTTPConnection | None = None,
        preload_content: bool = True,
        decode_content: bool = True,
        enforce_content_length: bool = True,
    ) -> BaseHTTPResponse:
        """
        Perform a request on a given urllib connection object taken from our
        pool.
    
        :param conn:
[...]
        :param params: (optional) Dictionary, list of tuples or bytes to send
            in the query string for the :class:`Request`.
        :param data: (optional) Dictionary, list of tuples, bytes, or file-like
            object to send in the body of the :class:`Request`.
        :param json: (optional) A JSON serializable Python object to send in the body of the :class:`Request`.
        :param headers: (optional) Dictionary of HTTP Headers to send with the :class:`Request`.
        :param cookies: (optional) Dict or CookieJar object to send with the :class:`Request`.
        :param files: (optional) Dictionary of ``'name': file-like-objects`` (or ``{'name': file-tuple}``) for multipart encoding upload.
            ``file-tuple`` can be a 2-tuple ``('filename', fileobj)``, 3-tuple ``('filename', fileobj, 'content_type')``
            or a 4-tuple ``('filename', fileobj, 'content_type', custom_headers)``, where ``'content_type'`` is a string
            defining the content type of the given file and ``custom_headers`` a dict-like object containing additional headers
            to add for the file.
        :param auth: (optional) Auth tuple to enable Basic/Digest/Custom HTTP Auth.
        :param timeout: (optional) How many seconds to wait for the server to send data
            before giving up, as a float, or a :ref:`(connect timeout, read
            timeout) <timeouts>` tuple.
        :type timeout: float or tuple
        :param allow_redirects: (optional) Boolean. Enable/disable GET/OPTIONS/POST/PUT/PATCH/DELETE/HEAD redirection. Defaults to ``True``.
        :type allow_redirects: bool
        :param proxies: (optional) Dictionary mapping protocol to the URL of the proxy.
        :param verify: (optional) Either a boolean, in which case it controls whether we verify
                the server's TLS certificate, or a string, in which case it must be a path
                to a CA bundle to use. Defaults to ``True``.
        :param stream: (optional) if ``False``, the response content will be immediately downloaded.
        :param cert: (optional) if String, path to ssl client cert file (.pem). If Tuple, ('cert', 'key') pair.
        :return: :class:`Response <Response>` object
        :rtype: requests.Response
    
        Usage::
    
          >>> import requests
          >>> req = requests.request('GET', 'https://httpbin.org/get')
          >>> req
          <Response [200]>
        """
    
        # By using the 'with' statement we are sure the session is closed, thus we
        # avoid leaving sockets open which can trigger a ResourceWarning in some
        # cases, and look like a memory leak in others.
        with sessions.Session() as session:
>           return session.request(method=method, url=url, **kwargs)
                   ^^^^^^^^^^^^^^^^^^^^^^^^^^^^^^^^^^^^^^^^^^^^^^^^^

/opt/hostedtoolcache/Python/3.12.12/x64/lib/python3.12/site-packages/requests/api.py:59: 
_ _ _ _ _ _ _ _ _ _ _ _ _ _ _ _ _ _ _ _ _ _ _ _ _ _ _ _ _ _ _ _ _ _ _ _ _ _ _ _ 

self = <requests.sessions.Session object at 0x7fae98665310>, method = 'post'
url = 'http://rest.ensembl.org/lookup/id/', params = None, data = None
headers = {'Content-Type': 'application/json'}, cookies = None, files = None
auth = None, timeout = None, allow_redirects = True, proxies = {}, hooks = None
stream = None, verify = None, cert = None
json = {'expand': True, 'ids': ['ENSMMUG00000021246']}

    def request(
        self,
        method,
        url,
        params=None,
        data=None,
        headers=None,
        cookies=None,
        files=None,
        auth=None,
        timeout=None,
        allow_redirects=True,
        proxies=None,
        hooks=None,
        stream=None,
        verify=None,
        cert=None,
        json=None,
    ):
        """Constructs a :class:`Request <Request>`, prepares it and sends it.
        Returns :class:`Response <Response>` object.
    
        :param method: method for the new :class:`Request` object.
        :param url: URL for the new :class:`Request` object.
        :param params: (optional) Dictionary or bytes to be sent in the query
            string for the :class:`Request`.
        :param data: (optional) Dictionary, list of tuples, bytes, or file-like
            object to send in the body of the :class:`Request`.
        :param json: (optional) json to send in the body of the
            :class:`Request`.
        :param headers: (optional) Dictionary of HTTP Headers to send with the
            :class:`Request`.
        :param cookies: (optional) Dict or CookieJar object to send with the
            :class:`Request`.
        :param files: (optional) Dictionary of ``'filename': file-like-objects``
            for multipart encoding upload.
        :param auth: (optional) Auth tuple or callable to enable
            Basic/Digest/Custom HTTP Auth.
        :param timeout: (optional) How many seconds to wait for the server to send
            data before giving up, as a float, or a :ref:`(connect timeout,
            read timeout) <timeouts>` tuple.
        :type timeout: float or tuple
        :param allow_redirects: (optional) Set to True by default.
        :type allow_redirects: bool
        :param proxies: (optional) Dictionary mapping protocol or protocol and
            hostname to the URL of the proxy.
        :param hooks: (optional) Dictionary mapping hook name to one event or
            list of events, event must be callable.
        :param stream: (optional) whether to immediately download the response
            content. Defaults to ``False``.
        :param verify: (optional) Either a boolean, in which case it controls whether we verify
            the server's TLS certificate, or a string, in which case it must be a path
            to a CA bundle to use. Defaults to ``True``. When set to
            ``False``, requests will accept any TLS certificate presented by
            the server, and will ignore hostname mismatches and/or expired
            certificates, which will make your application vulnerable to
            man-in-the-middle (MitM) attacks. Setting verify to ``False``
            may be useful during local development or testing.
        :param cert: (optional) if String, path to ssl client cert file (.pem).
            If Tuple, ('cert', 'key') pair.
        :rtype: requests.Response
        """
        # Create the Request.
        req = Request(
            method=method.upper(),
            url=url,
            headers=headers,
            files=files,
            data=data or {},
            json=json,
            params=params or {},
            auth=auth,
            cookies=cookies,
            hooks=hooks,
        )
        prep = self.prepare_request(req)
    
        proxies = proxies or {}
    
        settings = self.merge_environment_settings(
            prep.url, proxies, stream, verify, cert
        )
    
        # Send the request.
        send_kwargs = {
            "timeout": timeout,
            "allow_redirects": allow_redirects,
        }
        send_kwargs.update(settings)
>       resp = self.send(prep, **send_kwargs)
               ^^^^^^^^^^^^^^^^^^^^^^^^^^^^^^

/opt/hostedtoolcache/Python/3.12.12/x64/lib/python3.12/site-packages/requests/sessions.py:589: 
_ _ _ _ _ _ _ _ _ _ _ _ _ _ _ _ _ _ _ _ _ _ _ _ _ _ _ _ _ _ _ _ _ _ _ _ _ _ _ _ 

self = <requests.sessions.Session object at 0x7fae98665310>
request = <PreparedRequest [POST]>
kwargs = {'cert': None, 'proxies': OrderedDict(), 'stream': False, 'timeout': None, ...}
allow_redirects = True, stream = False, hooks = {'response': []}
adapter = <requests.adapters.HTTPAdapter object at 0x7fae98653980>
start = 1771520052.6088133

    def send(self, request, **kwargs):
        """Send a given PreparedRequest.
    
        :rtype: requests.Response
        """
        # Set defaults that the hooks can utilize to ensure they always have
        # the correct parameters to reproduce the previous request.
        kwargs.setdefault("stream", self.stream)
        kwargs.setdefault("verify", self.verify)
        kwargs.setdefault("cert", self.cert)
        if "proxies" not in kwargs:
            kwargs["proxies"] = resolve_proxies(request, self.proxies, self.trust_env)
    
        # It's possible that users might accidentally send a Request object.
        # Guard against that specific failure case.
        if isinstance(request, Request):
            raise ValueError("You can only send PreparedRequests.")
    
        # Set up variables needed for resolve_redirects and dispatching of hooks
        allow_redirects = kwargs.pop("allow_redirects", True)
        stream = kwargs.get("stream")
        hooks = request.hooks
    
        # Get the appropriate adapter to use
        adapter = self.get_adapter(url=request.url)
    
        # Start time (approximately) of the request
        start = preferred_clock()
    
        # Send the request
>       r = adapter.send(request, **kwargs)
            ^^^^^^^^^^^^^^^^^^^^^^^^^^^^^^^

/opt/hostedtoolcache/Python/3.12.12/x64/lib/python3.12/site-packages/requests/sessions.py:703: 
_ _ _ _ _ _ _ _ _ _ _ _ _ _ _ _ _ _ _ _ _ _ _ _ _ _ _ _ _ _ _ _ _ _ _ _ _ _ _ _ 

self = <requests.adapters.HTTPAdapter object at 0x7fae98653980>
request = <PreparedRequest [POST]>, stream = False
timeout = Timeout(connect=None, read=None, total=None), verify = True
cert = None, proxies = OrderedDict()

    def send(
        self, request, stream=False, timeout=None, verify=True, cert=None, proxies=None
    ):
        """Sends PreparedRequest object. Returns Response object.
    
        :param request: The :class:`PreparedRequest <PreparedRequest>` being sent.
        :param stream: (optional) Whether to stream the request content.
        :param timeout: (optional) How long to wait for the server to send
            data before giving up, as a float, or a :ref:`(connect timeout,
            read timeout) <timeouts>` tuple.
        :type timeout: float or tuple or urllib3 Timeout object
        :param verify: (optional) Either a boolean, in which case it controls whether
            we verify the server's TLS certificate, or a string, in which case it
            must be a path to a CA bundle to use
        :param cert: (optional) Any user-provided SSL certificate to be trusted.
        :param proxies: (optional) The proxies dictionary to apply to the request.
        :rtype: requests.Response
        """
    
        try:
            conn = self.get_connection_with_tls_context(
                request, verify, proxies=proxies, cert=cert
            )
        except LocationValueError as e:
            raise InvalidURL(e, request=request)
    
        self.cert_verify(conn, request.url, verify, cert)
        url = self.request_url(request, proxies)
        self.add_headers(
            request,
            stream=stream,
            timeout=timeout,
            verify=verify,
            cert=cert,
            proxies=proxies,
        )
    
        chunked = not (request.body is None or "Content-Length" in request.headers)
    
        if isinstance(timeout, tuple):
            try:
                connect, read = timeout
                timeout = TimeoutSauce(connect=connect, read=read)
            except ValueError:
                raise ValueError(
                    f"Invalid timeout {timeout}. Pass a (connect, read) timeout tuple, "
                    f"or a single float to set both timeouts to the same value."
                )
        elif isinstance(timeout, TimeoutSauce):
            pass
        else:
            timeout = TimeoutSauce(connect=timeout, read=timeout)
    
        try:
            resp = conn.urlopen(
                method=request.method,
                url=url,
                body=request.body,
                headers=request.headers,
                redirect=False,
                assert_same_host=False,
                preload_content=False,
                decode_content=False,
                retries=self.max_retries,
                timeout=timeout,
                chunked=chunked,
            )
    
        except (ProtocolError, OSError) as err:
>           raise ConnectionError(err, request=request)
E           requests.exceptions.ConnectionError: ('Connection aborted.', ConnectionResetError(104, 'Connection reset by peer'))

/opt/hostedtoolcache/Python/3.12.12/x64/lib/python3.12/site-packages/requests/adapters.py:659: ConnectionError
------------------------------ Captured log call -------------------------------
INFO     gget.utils:gget_info.py:98 We noticed that you passed a version number with your Ensembl ID.
Please note that gget info will always return information linked to the latest Ensembl ID version (see 'ensembl_id').
=============================== warnings summary ===============================
tests/test_blast.py::TestBlast::test_blast_nt
  /home/runner/work/gget/gget/gget/gget_blast.py:327: FutureWarning: Passing literal html to 'read_html' is deprecated and will be removed in a future version. To read from a literal string, wrap it in a 'StringIO' object.
    results_df = pd.read_html(str(dsc_table))[0]

tests/test_cbio.py::TestCbioSearch::test_cbio_search
tests/test_cbio.py::TestCbioSearch::test_cbio_search
  /opt/hostedtoolcache/Python/3.12.12/x64/lib/python3.12/site-packages/swagger_spec_validator/validator12.py:18: DeprecationWarning: jsonschema.RefResolver is deprecated as of v4.18.0, in favor of the https://github.com/python-jsonschema/referencing library, which provides more compliant referencing behavior as well as more flexible APIs for customization. A future release will remove RefResolver. Please file a feature request (on referencing) if you are missing an API for the kind of customization you need.
    from jsonschema import RefResolver

tests/test_cbio.py::TestCbioSearch::test_cbio_search
  /opt/hostedtoolcache/Python/3.12.12/x64/lib/python3.12/site-packages/swagger_spec_validator/ref_validators.py:14: DeprecationWarning: jsonschema.RefResolver is deprecated as of v4.18.0, in favor of the https://github.com/python-jsonschema/referencing library, which provides more compliant referencing behavior as well as more flexible APIs for customization. A future release will remove RefResolver. Please file a feature request (on referencing) if you are missing an API for the kind of customization you need.
    from jsonschema.validators import RefResolver

tests/test_cbio.py::TestCbioSearch::test_cbio_search
  /opt/hostedtoolcache/Python/3.12.12/x64/lib/python3.12/site-packages/swagger_spec_validator/validator20.py:18: DeprecationWarning: jsonschema.RefResolver is deprecated as of v4.18.0, in favor of the https://github.com/python-jsonschema/referencing library, which provides more compliant referencing behavior as well as more flexible APIs for customization. A future release will remove RefResolver. Please file a feature request (on referencing) if you are missing an API for the kind of customization you need.
    from jsonschema.validators import RefResolver

tests/test_cbio.py::TestCbioSearch::test_cbio_search
tests/test_cbio.py::TestCbioSearch::test_cbio_search
  /opt/hostedtoolcache/Python/3.12.12/x64/lib/python3.12/site-packages/bravado_core/swagger20_validator.py:6: DeprecationWarning: jsonschema.RefResolver is deprecated as of v4.18.0, in favor of the https://github.com/python-jsonschema/referencing library, which provides more compliant referencing behavior as well as more flexible APIs for customization. A future release will remove RefResolver. Please file a feature request (on referencing) if you are missing an API for the kind of customization you need.
    from jsonschema import RefResolver

tests/test_cbio.py::TestCbioSearch::test_cbio_search
  /opt/hostedtoolcache/Python/3.12.12/x64/lib/python3.12/site-packages/bravado_core/spec.py:14: DeprecationWarning: jsonschema.RefResolver is deprecated as of v4.18.0, in favor of the https://github.com/python-jsonschema/referencing library, which provides more compliant referencing behavior as well as more flexible APIs for customization. A future release will remove RefResolver. Please file a feature request (on referencing) if you are missing an API for the kind of customization you need.
    from jsonschema.validators import RefResolver

tests/test_cbio.py: 16 warnings
  /opt/hostedtoolcache/Python/3.12.12/x64/lib/python3.12/site-packages/bravado_core/model.py:888: DeprecationWarning: jsonschema.RefResolver.in_scope is deprecated and will be removed in a future release.
    with spec.resolver.in_scope(additional_uri):

tests/test_cellxgene.py::TestCellxgene::test_cellxgene_adata
  /home/runner/work/gget/gget/gget/gget_cellxgene.py:222: FutureWarning: The argument `column_names` is deprecated and will be removed in a future release. Please use `obs_column_names` and `var_column_names` instead.
    adata = cellxgene_census.get_anndata(

tests/test_cellxgene.py::TestCellxgene::test_cellxgene_adata
tests/test_cellxgene.py::TestCellxgene::test_cellxgene_adata
  /opt/hostedtoolcache/Python/3.12.12/x64/lib/python3.12/functools.py:912: ImplicitModificationWarning: Transforming to str index.
    return dispatch(args[0].__class__)(*args, **kw)

tests/test_cosmic.py::TestCosmicWorkflow::test_cosmic_defaults
  /home/runner/work/gget/gget/gget/gget_cosmic.py:183: DeprecationWarning: Python 3.14 will, by default, filter extracted tar archives and reject files or modify their metadata. Use the filter argument to control this behavior.
    tar.extractall(path=tar_folder_path)

tests/test_cosmic.py::TestCosmicWorkflow::test_cosmic_defaults
  /home/runner/work/gget/gget/tests/from_json.py:69: FutureWarning: Downcasting behavior in `replace` is deprecated and will be removed in a future version. To retain the old behavior, explicitly call `result.infer_objects(copy=False)`. To opt-in to the future behavior, set `pd.set_option('future.no_silent_downcasting', True)`
    expected_result = expected_result.replace({None: np.nan})

-- Docs: https://docs.pytest.org/en/stable/how-to/capture-warnings.html
============================= slowest 10 durations =============================
554.79s call     tests/test_info.py::TestInfo::test_info_exon
535.06s call     tests/test_enrichr.py::TestEnrichr::test_enrichr_background_ensembl
285.15s call     tests/test_info.py::TestInfo::test_info_gene_list_non_model
285.02s call     tests/test_info.py::TestInfo::test_info_gene
276.39s call     tests/test_enrichr.py::TestEnrichr::test_enrichr_ensembl_ids
183.22s call     tests/test_info.py::TestInfo::test_info_WB_transcript
162.53s call     tests/test_archs4.py::TestArchs4::test_archs4_tissue_ensembl
74.76s call     tests/test_blast.py::TestBlast::test_blast_nt
50.96s call     tests/test_cellxgene.py::TestCellxgene::test_cellxgene_adata
34.07s call     tests/test_archs4.py::TestArchs4::test_archs4_mouse_json_ensembl
=========================== short test summary info ============================
FAILED tests/test_archs4.py::TestArchs4::test_archs4_tissue - KeyError: "['color'] not found in axis"
FAILED tests/test_enrichr.py::TestEnrichr::test_enrichr_background_ensembl - requests.exceptions.ConnectionError: ('Connection aborted.', ConnectionResetError(104, 'Connection reset by peer'))
FAILED tests/test_info.py::TestInfo::test_info_exon - requests.exceptions.ConnectionError: ('Connection aborted.', ConnectionResetError(104, 'Connection reset by peer'))
FAILED tests/test_info.py::TestInfo::test_info_gene - requests.exceptions.ConnectionError: ('Connection aborted.', ConnectionResetError(104, 'Connection reset by peer'))
FAILED tests/test_info.py::TestInfo::test_info_gene_list_non_model - requests.exceptions.ConnectionError: ('Connection aborted.', ConnectionResetError(104, 'Connection reset by peer'))
!!!!!!!!!!!!!!!!!!!!!!!!!! stopping after 5 failures !!!!!!!!!!!!!!!!!!!!!!!!!!!
============ 5 failed, 83 passed, 29 warnings in 2556.34s (0:42:36) ============
